<?xml version="1.0" encoding="utf-8"?>
<TestRun id="e6c6aab2-45d1-41a6-9d27-9b069b0bced2" name="@anthony-System-Product-Name 2025-09-05 18:01:29" xmlns="http://microsoft.com/schemas/VisualStudio/TeamTest/2010">
  <Times creation="2025-09-05T18:01:29.5884059+12:00" queuing="2025-09-05T18:01:29.5884059+12:00" start="2025-09-05T18:01:29.0236232+12:00" finish="2025-09-05T18:01:30.1527665+12:00" />
  <TestSettings name="default" id="12d95868-a4b7-4262-8d59-66b6299273f0">
    <Deployment runDeploymentRoot="_anthony-System-Product-Name_2025-09-05_18_01_29" />
  </TestSettings>
  <Results>
    <UnitTestResult executionId="bf7fbf91-d36a-4ba3-887a-bd47d2c565dc" testId="6b9306d6-8d72-b12e-9e97-2f4a36e08a8c" testName="AjpWiki.Infrastructure.Tests.Services.WikiArticleServiceTests.CreateArticle_WithDuplicateSlug_ShouldThrow" computerName="anthony-System-Product-Name" duration="00:00:00.5143719" startTime="2025-09-05T18:01:30.0407974+12:00" endTime="2025-09-05T18:01:30.0407975+12:00" testType="13cdc9d9-ddb5-4fa4-a97d-d965ccfc6d4b" outcome="Passed" testListId="8c84fa94-04c1-424b-9868-57a2d4851a1d" relativeResultsDirectory="bf7fbf91-d36a-4ba3-887a-bd47d2c565dc" />
    <UnitTestResult executionId="e55a9f7f-25b0-4642-9020-f3ebbb3bedc5" testId="579e98bc-3925-5d8c-0d08-849c482f87a5" testName="AjpWiki.Infrastructure.Tests.Services.WikiArticleServiceTests.SearchArticles_ShouldReturnMatchingArticles" computerName="anthony-System-Product-Name" duration="00:00:00.0000597" startTime="2025-09-05T18:01:29.5302983+12:00" endTime="2025-09-05T18:01:29.5302983+12:00" testType="13cdc9d9-ddb5-4fa4-a97d-d965ccfc6d4b" outcome="Passed" testListId="8c84fa94-04c1-424b-9868-57a2d4851a1d" relativeResultsDirectory="e55a9f7f-25b0-4642-9020-f3ebbb3bedc5" />
    <UnitTestResult executionId="6d1c2e60-44a1-4ff0-b3b7-a3e37135e2fa" testId="ec03d1dc-e709-b350-8870-f1aa6b72f7ba" testName="AjpWiki.Infrastructure.Tests.Services.RoleServiceTests.RemoveRole_ShouldRemoveRoleFromUser" computerName="anthony-System-Product-Name" duration="00:00:00.0022677" startTime="2025-09-05T18:01:29.5262392+12:00" endTime="2025-09-05T18:01:29.5262689+12:00" testType="13cdc9d9-ddb5-4fa4-a97d-d965ccfc6d4b" outcome="Passed" testListId="8c84fa94-04c1-424b-9868-57a2d4851a1d" relativeResultsDirectory="6d1c2e60-44a1-4ff0-b3b7-a3e37135e2fa" />
    <UnitTestResult executionId="59d46c71-66c2-4cd5-acc1-b717a7601a08" testId="a5c9d4c9-8bed-5139-85c9-1bd2784f34b3" testName="AjpWiki.Infrastructure.Tests.Services.UserServiceTests.EditProfile_ShouldUpdateUserProfile" computerName="anthony-System-Product-Name" duration="00:00:00.0000475" startTime="2025-09-05T18:01:30.0295208+12:00" endTime="2025-09-05T18:01:30.0295208+12:00" testType="13cdc9d9-ddb5-4fa4-a97d-d965ccfc6d4b" outcome="Passed" testListId="8c84fa94-04c1-424b-9868-57a2d4851a1d" relativeResultsDirectory="59d46c71-66c2-4cd5-acc1-b717a7601a08" />
    <UnitTestResult executionId="a1220810-7068-491a-8178-bb3d8314bb2c" testId="ca4d2632-d02f-35da-b0aa-0900f00d25ee" testName="AjpWiki.Infrastructure.Tests.Services.RoleServiceTests.GetAllRoles_ShouldReturnAllRoles" computerName="anthony-System-Product-Name" duration="00:00:00.0019898" startTime="2025-09-05T18:01:29.5571953+12:00" endTime="2025-09-05T18:01:29.5571954+12:00" testType="13cdc9d9-ddb5-4fa4-a97d-d965ccfc6d4b" outcome="Passed" testListId="8c84fa94-04c1-424b-9868-57a2d4851a1d" relativeResultsDirectory="a1220810-7068-491a-8178-bb3d8314bb2c" />
    <UnitTestResult executionId="724c0790-9573-43a9-bc4a-ee089b55eea6" testId="aac6f4e6-e9ee-3623-5fc7-bae01d07348b" testName="AjpWiki.Infrastructure.Tests.Services.WikiArticleServiceTests.GetArticleHistory_ShouldReturnAllVersions" computerName="anthony-System-Product-Name" duration="00:00:00.0000358" startTime="2025-09-05T18:01:30.0409250+12:00" endTime="2025-09-05T18:01:30.0409251+12:00" testType="13cdc9d9-ddb5-4fa4-a97d-d965ccfc6d4b" outcome="Passed" testListId="8c84fa94-04c1-424b-9868-57a2d4851a1d" relativeResultsDirectory="724c0790-9573-43a9-bc4a-ee089b55eea6" />
    <UnitTestResult executionId="ab15d086-ce13-4cd7-bad7-844a78d46e0a" testId="41a962ac-8d28-4c5d-70ab-a800122fc196" testName="AjpWiki.Infrastructure.Tests.Services.UserServiceTests.ResetPassword_ShouldSendResetInstructions" computerName="anthony-System-Product-Name" duration="00:00:00.0000402" startTime="2025-09-05T18:01:30.0309949+12:00" endTime="2025-09-05T18:01:30.0309949+12:00" testType="13cdc9d9-ddb5-4fa4-a97d-d965ccfc6d4b" outcome="Passed" testListId="8c84fa94-04c1-424b-9868-57a2d4851a1d" relativeResultsDirectory="ab15d086-ce13-4cd7-bad7-844a78d46e0a" />
    <UnitTestResult executionId="1f4e6f28-7850-4109-8f90-d844e3fb1b80" testId="2464fe91-f4a7-7666-8ac9-f2ef2733273b" testName="AjpWiki.Infrastructure.Tests.Services.RoleServiceTests.AssignRole_ShouldAddRoleToUser" computerName="anthony-System-Product-Name" duration="00:00:00.4752595" startTime="2025-09-05T18:01:30.0033032+12:00" endTime="2025-09-05T18:01:30.0033034+12:00" testType="13cdc9d9-ddb5-4fa4-a97d-d965ccfc6d4b" outcome="Passed" testListId="8c84fa94-04c1-424b-9868-57a2d4851a1d" relativeResultsDirectory="1f4e6f28-7850-4109-8f90-d844e3fb1b80" />
    <UnitTestResult executionId="e0be0ef7-3583-4740-a86e-f2f403767881" testId="829d49cc-ba2a-3c06-75e2-7c9f2844990b" testName="AjpWiki.Infrastructure.Tests.Services.NotificationServiceTests.GetNotifications_ShouldReturnAllUserNotifications" computerName="anthony-System-Product-Name" duration="00:00:00.0091794" startTime="2025-09-05T18:01:30.0806428+12:00" endTime="2025-09-05T18:01:30.0806429+12:00" testType="13cdc9d9-ddb5-4fa4-a97d-d965ccfc6d4b" outcome="Passed" testListId="8c84fa94-04c1-424b-9868-57a2d4851a1d" relativeResultsDirectory="e0be0ef7-3583-4740-a86e-f2f403767881" />
    <UnitTestResult executionId="f50ae2b9-f44e-4e4d-9a5e-d82f1564a541" testId="080c21c6-12b1-0297-ed26-b7957e1e51fb" testName="AjpWiki.Infrastructure.Tests.Services.WikiArticleServiceTests.EditArticle_ShouldUpdateArticleContent" computerName="anthony-System-Product-Name" duration="00:00:00.0000530" startTime="2025-09-05T18:01:29.5303569+12:00" endTime="2025-09-05T18:01:29.5303569+12:00" testType="13cdc9d9-ddb5-4fa4-a97d-d965ccfc6d4b" outcome="Passed" testListId="8c84fa94-04c1-424b-9868-57a2d4851a1d" relativeResultsDirectory="f50ae2b9-f44e-4e4d-9a5e-d82f1564a541" />
    <UnitTestResult executionId="bb92c82e-cf27-43e9-b81a-ae5e1673c09e" testId="7c6865a0-ca38-02c0-ee6d-865886040b34" testName="AjpWiki.Infrastructure.Tests.Services.NotificationServiceTests.MarkAsRead_Idempotent_And_MissingIsNoOp" computerName="anthony-System-Product-Name" duration="00:00:00.0110054" startTime="2025-09-05T18:01:30.0714237+12:00" endTime="2025-09-05T18:01:30.0714237+12:00" testType="13cdc9d9-ddb5-4fa4-a97d-d965ccfc6d4b" outcome="Passed" testListId="8c84fa94-04c1-424b-9868-57a2d4851a1d" relativeResultsDirectory="bb92c82e-cf27-43e9-b81a-ae5e1673c09e" />
    <UnitTestResult executionId="9c8576e7-deee-4777-8754-1ce314fecabd" testId="4e70f9df-8543-81fd-fd74-eb03225de312" testName="AjpWiki.Infrastructure.Tests.Services.UserServiceTests.RejectUser_ShouldDenyAccess" computerName="anthony-System-Product-Name" duration="00:00:00.0000419" startTime="2025-09-05T18:01:30.0295821+12:00" endTime="2025-09-05T18:01:30.0295821+12:00" testType="13cdc9d9-ddb5-4fa4-a97d-d965ccfc6d4b" outcome="Passed" testListId="8c84fa94-04c1-424b-9868-57a2d4851a1d" relativeResultsDirectory="9c8576e7-deee-4777-8754-1ce314fecabd" />
    <UnitTestResult executionId="e7e85ba0-b8f6-496f-9063-0aa46b876c3c" testId="6c12ff72-ba1b-9022-81c9-62a5bf887b81" testName="AjpWiki.Infrastructure.Tests.Services.WikiArticleServiceTests.GetArticlesByTag_ShouldReturnTaggedArticles" computerName="anthony-System-Product-Name" duration="00:00:00.0000535" startTime="2025-09-05T18:01:29.5303297+12:00" endTime="2025-09-05T18:01:29.5303297+12:00" testType="13cdc9d9-ddb5-4fa4-a97d-d965ccfc6d4b" outcome="Passed" testListId="8c84fa94-04c1-424b-9868-57a2d4851a1d" relativeResultsDirectory="e7e85ba0-b8f6-496f-9063-0aa46b876c3c" />
    <UnitTestResult executionId="c8b590b2-4c8e-4980-8b8d-d6c9946ba791" testId="659a3dcf-1a79-2233-a067-8162129feaff" testName="AjpWiki.Infrastructure.Tests.Services.NotificationServiceTests.SendNotification_ToNonExistentUser_ShouldThrow" computerName="anthony-System-Product-Name" duration="00:00:00.0054348" startTime="2025-09-05T18:01:30.0861023+12:00" endTime="2025-09-05T18:01:30.0861023+12:00" testType="13cdc9d9-ddb5-4fa4-a97d-d965ccfc6d4b" outcome="Passed" testListId="8c84fa94-04c1-424b-9868-57a2d4851a1d" relativeResultsDirectory="c8b590b2-4c8e-4980-8b8d-d6c9946ba791" />
    <UnitTestResult executionId="2edba60e-5edb-43b6-9835-5481aae415ee" testId="65b06a2e-0045-883a-bdb8-0e202bb57883" testName="AjpWiki.Infrastructure.Tests.Services.WikiArticleServiceTests.ReviewChange_ShouldAcceptOrRejectChange" computerName="anthony-System-Product-Name" duration="00:00:00.0000423" startTime="2025-09-05T18:01:30.0408590+12:00" endTime="2025-09-05T18:01:30.0408590+12:00" testType="13cdc9d9-ddb5-4fa4-a97d-d965ccfc6d4b" outcome="Passed" testListId="8c84fa94-04c1-424b-9868-57a2d4851a1d" relativeResultsDirectory="2edba60e-5edb-43b6-9835-5481aae415ee" />
    <UnitTestResult executionId="a89f53e4-067a-4509-b493-2ac0dc2c9d3c" testId="e12c9dc8-fb78-759a-561a-84826817d3e9" testName="AjpWiki.Infrastructure.Tests.Services.UserServiceTests.DeleteAccount_ShouldRemoveUser" computerName="anthony-System-Product-Name" duration="00:00:00.0000435" startTime="2025-09-05T18:01:30.0309384+12:00" endTime="2025-09-05T18:01:30.0309384+12:00" testType="13cdc9d9-ddb5-4fa4-a97d-d965ccfc6d4b" outcome="Passed" testListId="8c84fa94-04c1-424b-9868-57a2d4851a1d" relativeResultsDirectory="a89f53e4-067a-4509-b493-2ac0dc2c9d3c" />
    <UnitTestResult executionId="9c67ad09-f7af-405b-908c-8a85367c4ea5" testId="9ad4d60f-725d-392c-882b-479289b19582" testName="AjpWiki.Infrastructure.Tests.Services.UserServiceTests.RequestAccess_ShouldSendRequestToAdmin" computerName="anthony-System-Product-Name" duration="00:00:00.0000413" startTime="2025-09-05T18:01:30.0310544+12:00" endTime="2025-09-05T18:01:30.0310545+12:00" testType="13cdc9d9-ddb5-4fa4-a97d-d965ccfc6d4b" outcome="Passed" testListId="8c84fa94-04c1-424b-9868-57a2d4851a1d" relativeResultsDirectory="9c67ad09-f7af-405b-908c-8a85367c4ea5" />
    <UnitTestResult executionId="f183ba00-41d2-4293-b4d0-c7207134f53c" testId="e07b0590-d61d-2122-3823-cd2a267e639b" testName="AjpWiki.Infrastructure.Tests.Services.RoleServiceTests.GetUserRoles_ShouldReturnAllRolesForUser" computerName="anthony-System-Product-Name" duration="00:00:00.0000927" startTime="2025-09-05T18:01:30.0034331+12:00" endTime="2025-09-05T18:01:30.0034331+12:00" testType="13cdc9d9-ddb5-4fa4-a97d-d965ccfc6d4b" outcome="Passed" testListId="8c84fa94-04c1-424b-9868-57a2d4851a1d" relativeResultsDirectory="f183ba00-41d2-4293-b4d0-c7207134f53c" />
    <UnitTestResult executionId="d0dafa7b-5269-4bb2-b770-6a5a87880850" testId="184a0665-7a05-ba5b-cbf6-018424b6a526" testName="AjpWiki.Infrastructure.Tests.Services.WikiArticleServiceTests.ProposeChange_ShouldCreateChangeRequest" computerName="anthony-System-Product-Name" duration="00:00:00.0000448" startTime="2025-09-05T18:01:30.0554370+12:00" endTime="2025-09-05T18:01:30.0554371+12:00" testType="13cdc9d9-ddb5-4fa4-a97d-d965ccfc6d4b" outcome="Passed" testListId="8c84fa94-04c1-424b-9868-57a2d4851a1d" relativeResultsDirectory="d0dafa7b-5269-4bb2-b770-6a5a87880850" />
    <UnitTestResult executionId="5b1b3dcb-4fb0-4c24-824f-2d802f45a6f7" testId="c7668c6c-521a-f6c8-2723-2ca3cd5461ec" testName="AjpWiki.Infrastructure.Tests.Services.WikiArticleServiceTests.RollbackArticle_ShouldRestorePreviousVersion" computerName="anthony-System-Product-Name" duration="00:00:00.0022875" startTime="2025-09-05T18:01:29.5293771+12:00" endTime="2025-09-05T18:01:29.5293771+12:00" testType="13cdc9d9-ddb5-4fa4-a97d-d965ccfc6d4b" outcome="Passed" testListId="8c84fa94-04c1-424b-9868-57a2d4851a1d" relativeResultsDirectory="5b1b3dcb-4fb0-4c24-824f-2d802f45a6f7" />
    <UnitTestResult executionId="cdf3acce-db84-46db-8b2f-25a29fa34e11" testId="75b99837-3df3-3c2d-a4df-800d318fefd6" testName="AjpWiki.Infrastructure.Tests.Services.NotificationServiceTests.GetNotifications_Pagination_ShouldReturnCorrectPages" computerName="anthony-System-Product-Name" duration="00:00:00.0076070" startTime="2025-09-05T18:01:30.0937380+12:00" endTime="2025-09-05T18:01:30.0937381+12:00" testType="13cdc9d9-ddb5-4fa4-a97d-d965ccfc6d4b" outcome="Passed" testListId="8c84fa94-04c1-424b-9868-57a2d4851a1d" relativeResultsDirectory="cdf3acce-db84-46db-8b2f-25a29fa34e11" />
    <UnitTestResult executionId="c0bf1b5f-cdb1-4ba2-9f35-f30f0fc6c0b7" testId="b22adc2d-076c-d54a-f588-4dade8485188" testName="AjpWiki.Infrastructure.Tests.Services.NotificationServiceTests.SendNotification_ShouldDeliverMessageToUser" computerName="anthony-System-Product-Name" duration="00:00:00.5101153" startTime="2025-09-05T18:01:30.0310898+12:00" endTime="2025-09-05T18:01:30.0310898+12:00" testType="13cdc9d9-ddb5-4fa4-a97d-d965ccfc6d4b" outcome="Passed" testListId="8c84fa94-04c1-424b-9868-57a2d4851a1d" relativeResultsDirectory="c0bf1b5f-cdb1-4ba2-9f35-f30f0fc6c0b7" />
    <UnitTestResult executionId="d7970ae8-ac2b-4b86-9386-20139362d561" testId="29145a72-b6cf-aa59-0b0d-fdfc0b6abb40" testName="AjpWiki.Infrastructure.Tests.Services.WikiArticleServiceTests.EditArticle_ShouldCreateNewVersion" computerName="anthony-System-Product-Name" duration="00:00:00.0000874" startTime="2025-09-05T18:01:29.5570241+12:00" endTime="2025-09-05T18:01:29.5570241+12:00" testType="13cdc9d9-ddb5-4fa4-a97d-d965ccfc6d4b" outcome="Passed" testListId="8c84fa94-04c1-424b-9868-57a2d4851a1d" relativeResultsDirectory="d7970ae8-ac2b-4b86-9386-20139362d561" />
    <UnitTestResult executionId="995cebea-0251-499d-84d4-92d352fa0e7c" testId="24fbd963-d891-4bb3-7fde-ace492278494" testName="AjpWiki.Infrastructure.Tests.Services.UserServiceTests.CreateUser_ShouldCreateNewUser" computerName="anthony-System-Product-Name" duration="00:00:00.5033331" startTime="2025-09-05T18:01:30.0293183+12:00" endTime="2025-09-05T18:01:30.0293184+12:00" testType="13cdc9d9-ddb5-4fa4-a97d-d965ccfc6d4b" outcome="Passed" testListId="8c84fa94-04c1-424b-9868-57a2d4851a1d" relativeResultsDirectory="995cebea-0251-499d-84d4-92d352fa0e7c" />
    <UnitTestResult executionId="b5103bdc-60b6-473f-ad3a-4a2de057082e" testId="7b4d2c2c-27d8-0432-fd45-8c186adb5db4" testName="AjpWiki.Infrastructure.Tests.Services.WikiArticleServiceTests.CreateArticle_ShouldAddNewArticle" computerName="anthony-System-Product-Name" duration="00:00:00.0143337" startTime="2025-09-05T18:01:30.0553701+12:00" endTime="2025-09-05T18:01:30.0553701+12:00" testType="13cdc9d9-ddb5-4fa4-a97d-d965ccfc6d4b" outcome="Passed" testListId="8c84fa94-04c1-424b-9868-57a2d4851a1d" relativeResultsDirectory="b5103bdc-60b6-473f-ad3a-4a2de057082e" />
    <UnitTestResult executionId="751105e4-38f4-4c8f-8bb9-604e0ae40d1e" testId="3bdc259a-e8fc-2c0d-aeee-d7aee3bbc135" testName="AjpWiki.Infrastructure.Tests.Services.UserServiceTests.ChangeAvatar_ShouldUpdateUserAvatar" computerName="anthony-System-Product-Name" duration="00:00:00.0022632" startTime="2025-09-05T18:01:29.5289954+12:00" endTime="2025-09-05T18:01:29.5289954+12:00" testType="13cdc9d9-ddb5-4fa4-a97d-d965ccfc6d4b" outcome="Passed" testListId="8c84fa94-04c1-424b-9868-57a2d4851a1d" relativeResultsDirectory="751105e4-38f4-4c8f-8bb9-604e0ae40d1e" />
    <UnitTestResult executionId="e963a351-b95c-40b3-bd67-8eadad5cf58f" testId="03b3e9cc-efc4-38f7-aa77-bc1fcdc6b111" testName="AjpWiki.Infrastructure.Tests.Services.NotificationServiceTests.GetUnreadCount_And_MarkAllAsRead_Works" computerName="anthony-System-Product-Name" duration="00:00:00.0298295" startTime="2025-09-05T18:01:30.0603766+12:00" endTime="2025-09-05T18:01:30.0603767+12:00" testType="13cdc9d9-ddb5-4fa4-a97d-d965ccfc6d4b" outcome="Passed" testListId="8c84fa94-04c1-424b-9868-57a2d4851a1d" relativeResultsDirectory="e963a351-b95c-40b3-bd67-8eadad5cf58f" />
    <UnitTestResult executionId="f9413618-8588-4ed1-9413-d499a8cdac6b" testId="57b575df-6cdf-b289-f1aa-86024a0ab935" testName="AjpWiki.Infrastructure.Tests.Services.WikiArticleServiceTests.AddComponent_ShouldAddComponentToArticle" computerName="anthony-System-Product-Name" duration="00:00:00.0000354" startTime="2025-09-05T18:01:30.0409881+12:00" endTime="2025-09-05T18:01:30.0409881+12:00" testType="13cdc9d9-ddb5-4fa4-a97d-d965ccfc6d4b" outcome="Passed" testListId="8c84fa94-04c1-424b-9868-57a2d4851a1d" relativeResultsDirectory="f9413618-8588-4ed1-9413-d499a8cdac6b" />
    <UnitTestResult executionId="8b345c31-5803-4471-b524-df8e3012be8d" testId="7cded712-b709-1d54-23a3-1002f3498d72" testName="AjpWiki.Infrastructure.Tests.Services.UserServiceTests.ApproveUser_ShouldGrantAccess" computerName="anthony-System-Product-Name" duration="00:00:00.0000942" startTime="2025-09-05T18:01:30.0294340+12:00" endTime="2025-09-05T18:01:30.0294341+12:00" testType="13cdc9d9-ddb5-4fa4-a97d-d965ccfc6d4b" outcome="Passed" testListId="8c84fa94-04c1-424b-9868-57a2d4851a1d" relativeResultsDirectory="8b345c31-5803-4471-b524-df8e3012be8d" />
  </Results>
  <TestDefinitions>
    <UnitTest name="AjpWiki.Infrastructure.Tests.Services.UserServiceTests.ResetPassword_ShouldSendResetInstructions" storage="/home/anthony/documents/projects/wiki-project/ajpwiki.infrastructure.tests/bin/debug/net8.0/ajpwiki.infrastructure.tests.dll" id="41a962ac-8d28-4c5d-70ab-a800122fc196">
      <Execution id="ab15d086-ce13-4cd7-bad7-844a78d46e0a" />
      <TestMethod codeBase="/home/anthony/Documents/Projects/wiki-project/AjpWiki.Infrastructure.Tests/bin/Debug/net8.0/AjpWiki.Infrastructure.Tests.dll" adapterTypeName="executor://xunit/VsTestRunner2/netcoreapp" className="AjpWiki.Infrastructure.Tests.Services.UserServiceTests" name="ResetPassword_ShouldSendResetInstructions" />
    </UnitTest>
    <UnitTest name="AjpWiki.Infrastructure.Tests.Services.RoleServiceTests.GetAllRoles_ShouldReturnAllRoles" storage="/home/anthony/documents/projects/wiki-project/ajpwiki.infrastructure.tests/bin/debug/net8.0/ajpwiki.infrastructure.tests.dll" id="ca4d2632-d02f-35da-b0aa-0900f00d25ee">
      <Execution id="a1220810-7068-491a-8178-bb3d8314bb2c" />
      <TestMethod codeBase="/home/anthony/Documents/Projects/wiki-project/AjpWiki.Infrastructure.Tests/bin/Debug/net8.0/AjpWiki.Infrastructure.Tests.dll" adapterTypeName="executor://xunit/VsTestRunner2/netcoreapp" className="AjpWiki.Infrastructure.Tests.Services.RoleServiceTests" name="GetAllRoles_ShouldReturnAllRoles" />
    </UnitTest>
    <UnitTest name="AjpWiki.Infrastructure.Tests.Services.RoleServiceTests.AssignRole_ShouldAddRoleToUser" storage="/home/anthony/documents/projects/wiki-project/ajpwiki.infrastructure.tests/bin/debug/net8.0/ajpwiki.infrastructure.tests.dll" id="2464fe91-f4a7-7666-8ac9-f2ef2733273b">
      <Execution id="1f4e6f28-7850-4109-8f90-d844e3fb1b80" />
      <TestMethod codeBase="/home/anthony/Documents/Projects/wiki-project/AjpWiki.Infrastructure.Tests/bin/Debug/net8.0/AjpWiki.Infrastructure.Tests.dll" adapterTypeName="executor://xunit/VsTestRunner2/netcoreapp" className="AjpWiki.Infrastructure.Tests.Services.RoleServiceTests" name="AssignRole_ShouldAddRoleToUser" />
    </UnitTest>
    <UnitTest name="AjpWiki.Infrastructure.Tests.Services.WikiArticleServiceTests.CreateArticle_ShouldAddNewArticle" storage="/home/anthony/documents/projects/wiki-project/ajpwiki.infrastructure.tests/bin/debug/net8.0/ajpwiki.infrastructure.tests.dll" id="7b4d2c2c-27d8-0432-fd45-8c186adb5db4">
      <Execution id="b5103bdc-60b6-473f-ad3a-4a2de057082e" />
      <TestMethod codeBase="/home/anthony/Documents/Projects/wiki-project/AjpWiki.Infrastructure.Tests/bin/Debug/net8.0/AjpWiki.Infrastructure.Tests.dll" adapterTypeName="executor://xunit/VsTestRunner2/netcoreapp" className="AjpWiki.Infrastructure.Tests.Services.WikiArticleServiceTests" name="CreateArticle_ShouldAddNewArticle" />
    </UnitTest>
    <UnitTest name="AjpWiki.Infrastructure.Tests.Services.NotificationServiceTests.GetNotifications_ShouldReturnAllUserNotifications" storage="/home/anthony/documents/projects/wiki-project/ajpwiki.infrastructure.tests/bin/debug/net8.0/ajpwiki.infrastructure.tests.dll" id="829d49cc-ba2a-3c06-75e2-7c9f2844990b">
      <Execution id="e0be0ef7-3583-4740-a86e-f2f403767881" />
      <TestMethod codeBase="/home/anthony/Documents/Projects/wiki-project/AjpWiki.Infrastructure.Tests/bin/Debug/net8.0/AjpWiki.Infrastructure.Tests.dll" adapterTypeName="executor://xunit/VsTestRunner2/netcoreapp" className="AjpWiki.Infrastructure.Tests.Services.NotificationServiceTests" name="GetNotifications_ShouldReturnAllUserNotifications" />
    </UnitTest>
    <UnitTest name="AjpWiki.Infrastructure.Tests.Services.WikiArticleServiceTests.GetArticlesByTag_ShouldReturnTaggedArticles" storage="/home/anthony/documents/projects/wiki-project/ajpwiki.infrastructure.tests/bin/debug/net8.0/ajpwiki.infrastructure.tests.dll" id="6c12ff72-ba1b-9022-81c9-62a5bf887b81">
      <Execution id="e7e85ba0-b8f6-496f-9063-0aa46b876c3c" />
      <TestMethod codeBase="/home/anthony/Documents/Projects/wiki-project/AjpWiki.Infrastructure.Tests/bin/Debug/net8.0/AjpWiki.Infrastructure.Tests.dll" adapterTypeName="executor://xunit/VsTestRunner2/netcoreapp" className="AjpWiki.Infrastructure.Tests.Services.WikiArticleServiceTests" name="GetArticlesByTag_ShouldReturnTaggedArticles" />
    </UnitTest>
    <UnitTest name="AjpWiki.Infrastructure.Tests.Services.UserServiceTests.RejectUser_ShouldDenyAccess" storage="/home/anthony/documents/projects/wiki-project/ajpwiki.infrastructure.tests/bin/debug/net8.0/ajpwiki.infrastructure.tests.dll" id="4e70f9df-8543-81fd-fd74-eb03225de312">
      <Execution id="9c8576e7-deee-4777-8754-1ce314fecabd" />
      <TestMethod codeBase="/home/anthony/Documents/Projects/wiki-project/AjpWiki.Infrastructure.Tests/bin/Debug/net8.0/AjpWiki.Infrastructure.Tests.dll" adapterTypeName="executor://xunit/VsTestRunner2/netcoreapp" className="AjpWiki.Infrastructure.Tests.Services.UserServiceTests" name="RejectUser_ShouldDenyAccess" />
    </UnitTest>
    <UnitTest name="AjpWiki.Infrastructure.Tests.Services.UserServiceTests.CreateUser_ShouldCreateNewUser" storage="/home/anthony/documents/projects/wiki-project/ajpwiki.infrastructure.tests/bin/debug/net8.0/ajpwiki.infrastructure.tests.dll" id="24fbd963-d891-4bb3-7fde-ace492278494">
      <Execution id="995cebea-0251-499d-84d4-92d352fa0e7c" />
      <TestMethod codeBase="/home/anthony/Documents/Projects/wiki-project/AjpWiki.Infrastructure.Tests/bin/Debug/net8.0/AjpWiki.Infrastructure.Tests.dll" adapterTypeName="executor://xunit/VsTestRunner2/netcoreapp" className="AjpWiki.Infrastructure.Tests.Services.UserServiceTests" name="CreateUser_ShouldCreateNewUser" />
    </UnitTest>
    <UnitTest name="AjpWiki.Infrastructure.Tests.Services.WikiArticleServiceTests.AddComponent_ShouldAddComponentToArticle" storage="/home/anthony/documents/projects/wiki-project/ajpwiki.infrastructure.tests/bin/debug/net8.0/ajpwiki.infrastructure.tests.dll" id="57b575df-6cdf-b289-f1aa-86024a0ab935">
      <Execution id="f9413618-8588-4ed1-9413-d499a8cdac6b" />
      <TestMethod codeBase="/home/anthony/Documents/Projects/wiki-project/AjpWiki.Infrastructure.Tests/bin/Debug/net8.0/AjpWiki.Infrastructure.Tests.dll" adapterTypeName="executor://xunit/VsTestRunner2/netcoreapp" className="AjpWiki.Infrastructure.Tests.Services.WikiArticleServiceTests" name="AddComponent_ShouldAddComponentToArticle" />
    </UnitTest>
    <UnitTest name="AjpWiki.Infrastructure.Tests.Services.UserServiceTests.DeleteAccount_ShouldRemoveUser" storage="/home/anthony/documents/projects/wiki-project/ajpwiki.infrastructure.tests/bin/debug/net8.0/ajpwiki.infrastructure.tests.dll" id="e12c9dc8-fb78-759a-561a-84826817d3e9">
      <Execution id="a89f53e4-067a-4509-b493-2ac0dc2c9d3c" />
      <TestMethod codeBase="/home/anthony/Documents/Projects/wiki-project/AjpWiki.Infrastructure.Tests/bin/Debug/net8.0/AjpWiki.Infrastructure.Tests.dll" adapterTypeName="executor://xunit/VsTestRunner2/netcoreapp" className="AjpWiki.Infrastructure.Tests.Services.UserServiceTests" name="DeleteAccount_ShouldRemoveUser" />
    </UnitTest>
    <UnitTest name="AjpWiki.Infrastructure.Tests.Services.RoleServiceTests.GetUserRoles_ShouldReturnAllRolesForUser" storage="/home/anthony/documents/projects/wiki-project/ajpwiki.infrastructure.tests/bin/debug/net8.0/ajpwiki.infrastructure.tests.dll" id="e07b0590-d61d-2122-3823-cd2a267e639b">
      <Execution id="f183ba00-41d2-4293-b4d0-c7207134f53c" />
      <TestMethod codeBase="/home/anthony/Documents/Projects/wiki-project/AjpWiki.Infrastructure.Tests/bin/Debug/net8.0/AjpWiki.Infrastructure.Tests.dll" adapterTypeName="executor://xunit/VsTestRunner2/netcoreapp" className="AjpWiki.Infrastructure.Tests.Services.RoleServiceTests" name="GetUserRoles_ShouldReturnAllRolesForUser" />
    </UnitTest>
    <UnitTest name="AjpWiki.Infrastructure.Tests.Services.WikiArticleServiceTests.EditArticle_ShouldUpdateArticleContent" storage="/home/anthony/documents/projects/wiki-project/ajpwiki.infrastructure.tests/bin/debug/net8.0/ajpwiki.infrastructure.tests.dll" id="080c21c6-12b1-0297-ed26-b7957e1e51fb">
      <Execution id="f50ae2b9-f44e-4e4d-9a5e-d82f1564a541" />
      <TestMethod codeBase="/home/anthony/Documents/Projects/wiki-project/AjpWiki.Infrastructure.Tests/bin/Debug/net8.0/AjpWiki.Infrastructure.Tests.dll" adapterTypeName="executor://xunit/VsTestRunner2/netcoreapp" className="AjpWiki.Infrastructure.Tests.Services.WikiArticleServiceTests" name="EditArticle_ShouldUpdateArticleContent" />
    </UnitTest>
    <UnitTest name="AjpWiki.Infrastructure.Tests.Services.NotificationServiceTests.GetUnreadCount_And_MarkAllAsRead_Works" storage="/home/anthony/documents/projects/wiki-project/ajpwiki.infrastructure.tests/bin/debug/net8.0/ajpwiki.infrastructure.tests.dll" id="03b3e9cc-efc4-38f7-aa77-bc1fcdc6b111">
      <Execution id="e963a351-b95c-40b3-bd67-8eadad5cf58f" />
      <TestMethod codeBase="/home/anthony/Documents/Projects/wiki-project/AjpWiki.Infrastructure.Tests/bin/Debug/net8.0/AjpWiki.Infrastructure.Tests.dll" adapterTypeName="executor://xunit/VsTestRunner2/netcoreapp" className="AjpWiki.Infrastructure.Tests.Services.NotificationServiceTests" name="GetUnreadCount_And_MarkAllAsRead_Works" />
    </UnitTest>
    <UnitTest name="AjpWiki.Infrastructure.Tests.Services.WikiArticleServiceTests.CreateArticle_WithDuplicateSlug_ShouldThrow" storage="/home/anthony/documents/projects/wiki-project/ajpwiki.infrastructure.tests/bin/debug/net8.0/ajpwiki.infrastructure.tests.dll" id="6b9306d6-8d72-b12e-9e97-2f4a36e08a8c">
      <Execution id="bf7fbf91-d36a-4ba3-887a-bd47d2c565dc" />
      <TestMethod codeBase="/home/anthony/Documents/Projects/wiki-project/AjpWiki.Infrastructure.Tests/bin/Debug/net8.0/AjpWiki.Infrastructure.Tests.dll" adapterTypeName="executor://xunit/VsTestRunner2/netcoreapp" className="AjpWiki.Infrastructure.Tests.Services.WikiArticleServiceTests" name="CreateArticle_WithDuplicateSlug_ShouldThrow" />
    </UnitTest>
    <UnitTest name="AjpWiki.Infrastructure.Tests.Services.WikiArticleServiceTests.EditArticle_ShouldCreateNewVersion" storage="/home/anthony/documents/projects/wiki-project/ajpwiki.infrastructure.tests/bin/debug/net8.0/ajpwiki.infrastructure.tests.dll" id="29145a72-b6cf-aa59-0b0d-fdfc0b6abb40">
      <Execution id="d7970ae8-ac2b-4b86-9386-20139362d561" />
      <TestMethod codeBase="/home/anthony/Documents/Projects/wiki-project/AjpWiki.Infrastructure.Tests/bin/Debug/net8.0/AjpWiki.Infrastructure.Tests.dll" adapterTypeName="executor://xunit/VsTestRunner2/netcoreapp" className="AjpWiki.Infrastructure.Tests.Services.WikiArticleServiceTests" name="EditArticle_ShouldCreateNewVersion" />
    </UnitTest>
    <UnitTest name="AjpWiki.Infrastructure.Tests.Services.UserServiceTests.RequestAccess_ShouldSendRequestToAdmin" storage="/home/anthony/documents/projects/wiki-project/ajpwiki.infrastructure.tests/bin/debug/net8.0/ajpwiki.infrastructure.tests.dll" id="9ad4d60f-725d-392c-882b-479289b19582">
      <Execution id="9c67ad09-f7af-405b-908c-8a85367c4ea5" />
      <TestMethod codeBase="/home/anthony/Documents/Projects/wiki-project/AjpWiki.Infrastructure.Tests/bin/Debug/net8.0/AjpWiki.Infrastructure.Tests.dll" adapterTypeName="executor://xunit/VsTestRunner2/netcoreapp" className="AjpWiki.Infrastructure.Tests.Services.UserServiceTests" name="RequestAccess_ShouldSendRequestToAdmin" />
    </UnitTest>
    <UnitTest name="AjpWiki.Infrastructure.Tests.Services.WikiArticleServiceTests.ReviewChange_ShouldAcceptOrRejectChange" storage="/home/anthony/documents/projects/wiki-project/ajpwiki.infrastructure.tests/bin/debug/net8.0/ajpwiki.infrastructure.tests.dll" id="65b06a2e-0045-883a-bdb8-0e202bb57883">
      <Execution id="2edba60e-5edb-43b6-9835-5481aae415ee" />
      <TestMethod codeBase="/home/anthony/Documents/Projects/wiki-project/AjpWiki.Infrastructure.Tests/bin/Debug/net8.0/AjpWiki.Infrastructure.Tests.dll" adapterTypeName="executor://xunit/VsTestRunner2/netcoreapp" className="AjpWiki.Infrastructure.Tests.Services.WikiArticleServiceTests" name="ReviewChange_ShouldAcceptOrRejectChange" />
    </UnitTest>
    <UnitTest name="AjpWiki.Infrastructure.Tests.Services.WikiArticleServiceTests.RollbackArticle_ShouldRestorePreviousVersion" storage="/home/anthony/documents/projects/wiki-project/ajpwiki.infrastructure.tests/bin/debug/net8.0/ajpwiki.infrastructure.tests.dll" id="c7668c6c-521a-f6c8-2723-2ca3cd5461ec">
      <Execution id="5b1b3dcb-4fb0-4c24-824f-2d802f45a6f7" />
      <TestMethod codeBase="/home/anthony/Documents/Projects/wiki-project/AjpWiki.Infrastructure.Tests/bin/Debug/net8.0/AjpWiki.Infrastructure.Tests.dll" adapterTypeName="executor://xunit/VsTestRunner2/netcoreapp" className="AjpWiki.Infrastructure.Tests.Services.WikiArticleServiceTests" name="RollbackArticle_ShouldRestorePreviousVersion" />
    </UnitTest>
    <UnitTest name="AjpWiki.Infrastructure.Tests.Services.UserServiceTests.ChangeAvatar_ShouldUpdateUserAvatar" storage="/home/anthony/documents/projects/wiki-project/ajpwiki.infrastructure.tests/bin/debug/net8.0/ajpwiki.infrastructure.tests.dll" id="3bdc259a-e8fc-2c0d-aeee-d7aee3bbc135">
      <Execution id="751105e4-38f4-4c8f-8bb9-604e0ae40d1e" />
      <TestMethod codeBase="/home/anthony/Documents/Projects/wiki-project/AjpWiki.Infrastructure.Tests/bin/Debug/net8.0/AjpWiki.Infrastructure.Tests.dll" adapterTypeName="executor://xunit/VsTestRunner2/netcoreapp" className="AjpWiki.Infrastructure.Tests.Services.UserServiceTests" name="ChangeAvatar_ShouldUpdateUserAvatar" />
    </UnitTest>
    <UnitTest name="AjpWiki.Infrastructure.Tests.Services.NotificationServiceTests.GetNotifications_Pagination_ShouldReturnCorrectPages" storage="/home/anthony/documents/projects/wiki-project/ajpwiki.infrastructure.tests/bin/debug/net8.0/ajpwiki.infrastructure.tests.dll" id="75b99837-3df3-3c2d-a4df-800d318fefd6">
      <Execution id="cdf3acce-db84-46db-8b2f-25a29fa34e11" />
      <TestMethod codeBase="/home/anthony/Documents/Projects/wiki-project/AjpWiki.Infrastructure.Tests/bin/Debug/net8.0/AjpWiki.Infrastructure.Tests.dll" adapterTypeName="executor://xunit/VsTestRunner2/netcoreapp" className="AjpWiki.Infrastructure.Tests.Services.NotificationServiceTests" name="GetNotifications_Pagination_ShouldReturnCorrectPages" />
    </UnitTest>
    <UnitTest name="AjpWiki.Infrastructure.Tests.Services.NotificationServiceTests.SendNotification_ShouldDeliverMessageToUser" storage="/home/anthony/documents/projects/wiki-project/ajpwiki.infrastructure.tests/bin/debug/net8.0/ajpwiki.infrastructure.tests.dll" id="b22adc2d-076c-d54a-f588-4dade8485188">
      <Execution id="c0bf1b5f-cdb1-4ba2-9f35-f30f0fc6c0b7" />
      <TestMethod codeBase="/home/anthony/Documents/Projects/wiki-project/AjpWiki.Infrastructure.Tests/bin/Debug/net8.0/AjpWiki.Infrastructure.Tests.dll" adapterTypeName="executor://xunit/VsTestRunner2/netcoreapp" className="AjpWiki.Infrastructure.Tests.Services.NotificationServiceTests" name="SendNotification_ShouldDeliverMessageToUser" />
    </UnitTest>
    <UnitTest name="AjpWiki.Infrastructure.Tests.Services.WikiArticleServiceTests.SearchArticles_ShouldReturnMatchingArticles" storage="/home/anthony/documents/projects/wiki-project/ajpwiki.infrastructure.tests/bin/debug/net8.0/ajpwiki.infrastructure.tests.dll" id="579e98bc-3925-5d8c-0d08-849c482f87a5">
      <Execution id="e55a9f7f-25b0-4642-9020-f3ebbb3bedc5" />
      <TestMethod codeBase="/home/anthony/Documents/Projects/wiki-project/AjpWiki.Infrastructure.Tests/bin/Debug/net8.0/AjpWiki.Infrastructure.Tests.dll" adapterTypeName="executor://xunit/VsTestRunner2/netcoreapp" className="AjpWiki.Infrastructure.Tests.Services.WikiArticleServiceTests" name="SearchArticles_ShouldReturnMatchingArticles" />
    </UnitTest>
    <UnitTest name="AjpWiki.Infrastructure.Tests.Services.UserServiceTests.ApproveUser_ShouldGrantAccess" storage="/home/anthony/documents/projects/wiki-project/ajpwiki.infrastructure.tests/bin/debug/net8.0/ajpwiki.infrastructure.tests.dll" id="7cded712-b709-1d54-23a3-1002f3498d72">
      <Execution id="8b345c31-5803-4471-b524-df8e3012be8d" />
      <TestMethod codeBase="/home/anthony/Documents/Projects/wiki-project/AjpWiki.Infrastructure.Tests/bin/Debug/net8.0/AjpWiki.Infrastructure.Tests.dll" adapterTypeName="executor://xunit/VsTestRunner2/netcoreapp" className="AjpWiki.Infrastructure.Tests.Services.UserServiceTests" name="ApproveUser_ShouldGrantAccess" />
    </UnitTest>
    <UnitTest name="AjpWiki.Infrastructure.Tests.Services.NotificationServiceTests.MarkAsRead_Idempotent_And_MissingIsNoOp" storage="/home/anthony/documents/projects/wiki-project/ajpwiki.infrastructure.tests/bin/debug/net8.0/ajpwiki.infrastructure.tests.dll" id="7c6865a0-ca38-02c0-ee6d-865886040b34">
      <Execution id="bb92c82e-cf27-43e9-b81a-ae5e1673c09e" />
      <TestMethod codeBase="/home/anthony/Documents/Projects/wiki-project/AjpWiki.Infrastructure.Tests/bin/Debug/net8.0/AjpWiki.Infrastructure.Tests.dll" adapterTypeName="executor://xunit/VsTestRunner2/netcoreapp" className="AjpWiki.Infrastructure.Tests.Services.NotificationServiceTests" name="MarkAsRead_Idempotent_And_MissingIsNoOp" />
    </UnitTest>
    <UnitTest name="AjpWiki.Infrastructure.Tests.Services.RoleServiceTests.RemoveRole_ShouldRemoveRoleFromUser" storage="/home/anthony/documents/projects/wiki-project/ajpwiki.infrastructure.tests/bin/debug/net8.0/ajpwiki.infrastructure.tests.dll" id="ec03d1dc-e709-b350-8870-f1aa6b72f7ba">
      <Execution id="6d1c2e60-44a1-4ff0-b3b7-a3e37135e2fa" />
      <TestMethod codeBase="/home/anthony/Documents/Projects/wiki-project/AjpWiki.Infrastructure.Tests/bin/Debug/net8.0/AjpWiki.Infrastructure.Tests.dll" adapterTypeName="executor://xunit/VsTestRunner2/netcoreapp" className="AjpWiki.Infrastructure.Tests.Services.RoleServiceTests" name="RemoveRole_ShouldRemoveRoleFromUser" />
    </UnitTest>
    <UnitTest name="AjpWiki.Infrastructure.Tests.Services.WikiArticleServiceTests.GetArticleHistory_ShouldReturnAllVersions" storage="/home/anthony/documents/projects/wiki-project/ajpwiki.infrastructure.tests/bin/debug/net8.0/ajpwiki.infrastructure.tests.dll" id="aac6f4e6-e9ee-3623-5fc7-bae01d07348b">
      <Execution id="724c0790-9573-43a9-bc4a-ee089b55eea6" />
      <TestMethod codeBase="/home/anthony/Documents/Projects/wiki-project/AjpWiki.Infrastructure.Tests/bin/Debug/net8.0/AjpWiki.Infrastructure.Tests.dll" adapterTypeName="executor://xunit/VsTestRunner2/netcoreapp" className="AjpWiki.Infrastructure.Tests.Services.WikiArticleServiceTests" name="GetArticleHistory_ShouldReturnAllVersions" />
    </UnitTest>
    <UnitTest name="AjpWiki.Infrastructure.Tests.Services.UserServiceTests.EditProfile_ShouldUpdateUserProfile" storage="/home/anthony/documents/projects/wiki-project/ajpwiki.infrastructure.tests/bin/debug/net8.0/ajpwiki.infrastructure.tests.dll" id="a5c9d4c9-8bed-5139-85c9-1bd2784f34b3">
      <Execution id="59d46c71-66c2-4cd5-acc1-b717a7601a08" />
      <TestMethod codeBase="/home/anthony/Documents/Projects/wiki-project/AjpWiki.Infrastructure.Tests/bin/Debug/net8.0/AjpWiki.Infrastructure.Tests.dll" adapterTypeName="executor://xunit/VsTestRunner2/netcoreapp" className="AjpWiki.Infrastructure.Tests.Services.UserServiceTests" name="EditProfile_ShouldUpdateUserProfile" />
    </UnitTest>
    <UnitTest name="AjpWiki.Infrastructure.Tests.Services.WikiArticleServiceTests.ProposeChange_ShouldCreateChangeRequest" storage="/home/anthony/documents/projects/wiki-project/ajpwiki.infrastructure.tests/bin/debug/net8.0/ajpwiki.infrastructure.tests.dll" id="184a0665-7a05-ba5b-cbf6-018424b6a526">
      <Execution id="d0dafa7b-5269-4bb2-b770-6a5a87880850" />
      <TestMethod codeBase="/home/anthony/Documents/Projects/wiki-project/AjpWiki.Infrastructure.Tests/bin/Debug/net8.0/AjpWiki.Infrastructure.Tests.dll" adapterTypeName="executor://xunit/VsTestRunner2/netcoreapp" className="AjpWiki.Infrastructure.Tests.Services.WikiArticleServiceTests" name="ProposeChange_ShouldCreateChangeRequest" />
    </UnitTest>
    <UnitTest name="AjpWiki.Infrastructure.Tests.Services.NotificationServiceTests.SendNotification_ToNonExistentUser_ShouldThrow" storage="/home/anthony/documents/projects/wiki-project/ajpwiki.infrastructure.tests/bin/debug/net8.0/ajpwiki.infrastructure.tests.dll" id="659a3dcf-1a79-2233-a067-8162129feaff">
      <Execution id="c8b590b2-4c8e-4980-8b8d-d6c9946ba791" />
      <TestMethod codeBase="/home/anthony/Documents/Projects/wiki-project/AjpWiki.Infrastructure.Tests/bin/Debug/net8.0/AjpWiki.Infrastructure.Tests.dll" adapterTypeName="executor://xunit/VsTestRunner2/netcoreapp" className="AjpWiki.Infrastructure.Tests.Services.NotificationServiceTests" name="SendNotification_ToNonExistentUser_ShouldThrow" />
    </UnitTest>
  </TestDefinitions>
  <TestEntries>
    <TestEntry testId="6b9306d6-8d72-b12e-9e97-2f4a36e08a8c" executionId="bf7fbf91-d36a-4ba3-887a-bd47d2c565dc" testListId="8c84fa94-04c1-424b-9868-57a2d4851a1d" />
    <TestEntry testId="579e98bc-3925-5d8c-0d08-849c482f87a5" executionId="e55a9f7f-25b0-4642-9020-f3ebbb3bedc5" testListId="8c84fa94-04c1-424b-9868-57a2d4851a1d" />
    <TestEntry testId="ec03d1dc-e709-b350-8870-f1aa6b72f7ba" executionId="6d1c2e60-44a1-4ff0-b3b7-a3e37135e2fa" testListId="8c84fa94-04c1-424b-9868-57a2d4851a1d" />
    <TestEntry testId="a5c9d4c9-8bed-5139-85c9-1bd2784f34b3" executionId="59d46c71-66c2-4cd5-acc1-b717a7601a08" testListId="8c84fa94-04c1-424b-9868-57a2d4851a1d" />
    <TestEntry testId="ca4d2632-d02f-35da-b0aa-0900f00d25ee" executionId="a1220810-7068-491a-8178-bb3d8314bb2c" testListId="8c84fa94-04c1-424b-9868-57a2d4851a1d" />
    <TestEntry testId="aac6f4e6-e9ee-3623-5fc7-bae01d07348b" executionId="724c0790-9573-43a9-bc4a-ee089b55eea6" testListId="8c84fa94-04c1-424b-9868-57a2d4851a1d" />
    <TestEntry testId="41a962ac-8d28-4c5d-70ab-a800122fc196" executionId="ab15d086-ce13-4cd7-bad7-844a78d46e0a" testListId="8c84fa94-04c1-424b-9868-57a2d4851a1d" />
    <TestEntry testId="2464fe91-f4a7-7666-8ac9-f2ef2733273b" executionId="1f4e6f28-7850-4109-8f90-d844e3fb1b80" testListId="8c84fa94-04c1-424b-9868-57a2d4851a1d" />
    <TestEntry testId="829d49cc-ba2a-3c06-75e2-7c9f2844990b" executionId="e0be0ef7-3583-4740-a86e-f2f403767881" testListId="8c84fa94-04c1-424b-9868-57a2d4851a1d" />
    <TestEntry testId="080c21c6-12b1-0297-ed26-b7957e1e51fb" executionId="f50ae2b9-f44e-4e4d-9a5e-d82f1564a541" testListId="8c84fa94-04c1-424b-9868-57a2d4851a1d" />
    <TestEntry testId="7c6865a0-ca38-02c0-ee6d-865886040b34" executionId="bb92c82e-cf27-43e9-b81a-ae5e1673c09e" testListId="8c84fa94-04c1-424b-9868-57a2d4851a1d" />
    <TestEntry testId="4e70f9df-8543-81fd-fd74-eb03225de312" executionId="9c8576e7-deee-4777-8754-1ce314fecabd" testListId="8c84fa94-04c1-424b-9868-57a2d4851a1d" />
    <TestEntry testId="6c12ff72-ba1b-9022-81c9-62a5bf887b81" executionId="e7e85ba0-b8f6-496f-9063-0aa46b876c3c" testListId="8c84fa94-04c1-424b-9868-57a2d4851a1d" />
    <TestEntry testId="659a3dcf-1a79-2233-a067-8162129feaff" executionId="c8b590b2-4c8e-4980-8b8d-d6c9946ba791" testListId="8c84fa94-04c1-424b-9868-57a2d4851a1d" />
    <TestEntry testId="65b06a2e-0045-883a-bdb8-0e202bb57883" executionId="2edba60e-5edb-43b6-9835-5481aae415ee" testListId="8c84fa94-04c1-424b-9868-57a2d4851a1d" />
    <TestEntry testId="e12c9dc8-fb78-759a-561a-84826817d3e9" executionId="a89f53e4-067a-4509-b493-2ac0dc2c9d3c" testListId="8c84fa94-04c1-424b-9868-57a2d4851a1d" />
    <TestEntry testId="9ad4d60f-725d-392c-882b-479289b19582" executionId="9c67ad09-f7af-405b-908c-8a85367c4ea5" testListId="8c84fa94-04c1-424b-9868-57a2d4851a1d" />
    <TestEntry testId="e07b0590-d61d-2122-3823-cd2a267e639b" executionId="f183ba00-41d2-4293-b4d0-c7207134f53c" testListId="8c84fa94-04c1-424b-9868-57a2d4851a1d" />
    <TestEntry testId="184a0665-7a05-ba5b-cbf6-018424b6a526" executionId="d0dafa7b-5269-4bb2-b770-6a5a87880850" testListId="8c84fa94-04c1-424b-9868-57a2d4851a1d" />
    <TestEntry testId="c7668c6c-521a-f6c8-2723-2ca3cd5461ec" executionId="5b1b3dcb-4fb0-4c24-824f-2d802f45a6f7" testListId="8c84fa94-04c1-424b-9868-57a2d4851a1d" />
    <TestEntry testId="75b99837-3df3-3c2d-a4df-800d318fefd6" executionId="cdf3acce-db84-46db-8b2f-25a29fa34e11" testListId="8c84fa94-04c1-424b-9868-57a2d4851a1d" />
    <TestEntry testId="b22adc2d-076c-d54a-f588-4dade8485188" executionId="c0bf1b5f-cdb1-4ba2-9f35-f30f0fc6c0b7" testListId="8c84fa94-04c1-424b-9868-57a2d4851a1d" />
    <TestEntry testId="29145a72-b6cf-aa59-0b0d-fdfc0b6abb40" executionId="d7970ae8-ac2b-4b86-9386-20139362d561" testListId="8c84fa94-04c1-424b-9868-57a2d4851a1d" />
    <TestEntry testId="24fbd963-d891-4bb3-7fde-ace492278494" executionId="995cebea-0251-499d-84d4-92d352fa0e7c" testListId="8c84fa94-04c1-424b-9868-57a2d4851a1d" />
    <TestEntry testId="7b4d2c2c-27d8-0432-fd45-8c186adb5db4" executionId="b5103bdc-60b6-473f-ad3a-4a2de057082e" testListId="8c84fa94-04c1-424b-9868-57a2d4851a1d" />
    <TestEntry testId="3bdc259a-e8fc-2c0d-aeee-d7aee3bbc135" executionId="751105e4-38f4-4c8f-8bb9-604e0ae40d1e" testListId="8c84fa94-04c1-424b-9868-57a2d4851a1d" />
    <TestEntry testId="03b3e9cc-efc4-38f7-aa77-bc1fcdc6b111" executionId="e963a351-b95c-40b3-bd67-8eadad5cf58f" testListId="8c84fa94-04c1-424b-9868-57a2d4851a1d" />
    <TestEntry testId="57b575df-6cdf-b289-f1aa-86024a0ab935" executionId="f9413618-8588-4ed1-9413-d499a8cdac6b" testListId="8c84fa94-04c1-424b-9868-57a2d4851a1d" />
    <TestEntry testId="7cded712-b709-1d54-23a3-1002f3498d72" executionId="8b345c31-5803-4471-b524-df8e3012be8d" testListId="8c84fa94-04c1-424b-9868-57a2d4851a1d" />
  </TestEntries>
  <TestLists>
    <TestList name="Results Not in a List" id="8c84fa94-04c1-424b-9868-57a2d4851a1d" />
    <TestList name="All Loaded Results" id="19431567-8539-422a-85d7-44ee4e166bda" />
  </TestLists>
  <ResultSummary outcome="Completed">
    <Counters total="29" executed="29" passed="29" failed="0" error="0" timeout="0" aborted="0" inconclusive="0" passedButRunAborted="0" notRunnable="0" notExecuted="0" disconnected="0" warning="0" completed="0" inProgress="0" pending="0" />
    <Output>
      <StdOut>[xUnit.net 00:00:00.00] xUnit.net VSTest Adapter v2.5.0.1+5ebf84cd75 (64-bit .NET 8.0.19)
[xUnit.net 00:00:00.05]   Discovering: AjpWiki.Infrastructure.Tests
[xUnit.net 00:00:00.08]   Discovered:  AjpWiki.Infrastructure.Tests
[xUnit.net 00:00:00.08]   Starting:    AjpWiki.Infrastructure.Tests
[xUnit.net 00:00:00.70]   Finished:    AjpWiki.Infrastructure.Tests
</StdOut>
    </Output>
  </ResultSummary>
</TestRun>