<?xml version="1.0" encoding="utf-8"?>
<TestRun id="82651292-840d-4dc4-9151-85a0243349b6" name="@anthony-System-Product-Name 2025-09-05 17:52:03" xmlns="http://microsoft.com/schemas/VisualStudio/TeamTest/2010">
  <Times creation="2025-09-05T17:52:03.5385085+12:00" queuing="2025-09-05T17:52:03.5385085+12:00" start="2025-09-05T17:52:03.0219784+12:00" finish="2025-09-05T17:52:04.0872039+12:00" />
  <TestSettings name="default" id="ddd32ca9-e69f-41f2-9a95-8b57454668f5">
    <Deployment runDeploymentRoot="_anthony-System-Product-Name_2025-09-05_17_52_03" />
  </TestSettings>
  <Results>
    <UnitTestResult executionId="b2ad73ea-50e0-4113-aa22-92b97a906ac7" testId="aac6f4e6-e9ee-3623-5fc7-bae01d07348b" testName="AjpWiki.Infrastructure.Tests.Services.WikiArticleServiceTests.GetArticleHistory_ShouldReturnAllVersions" computerName="anthony-System-Product-Name" duration="00:00:00.0000577" startTime="2025-09-05T17:52:03.9893441+12:00" endTime="2025-09-05T17:52:03.9893442+12:00" testType="13cdc9d9-ddb5-4fa4-a97d-d965ccfc6d4b" outcome="Passed" testListId="8c84fa94-04c1-424b-9868-57a2d4851a1d" relativeResultsDirectory="b2ad73ea-50e0-4113-aa22-92b97a906ac7" />
    <UnitTestResult executionId="fb917338-3ca2-4fb2-b080-f60fa8318e5f" testId="65b06a2e-0045-883a-bdb8-0e202bb57883" testName="AjpWiki.Infrastructure.Tests.Services.WikiArticleServiceTests.ReviewChange_ShouldAcceptOrRejectChange" computerName="anthony-System-Product-Name" duration="00:00:00.0000618" startTime="2025-09-05T17:52:03.9892465+12:00" endTime="2025-09-05T17:52:03.9892466+12:00" testType="13cdc9d9-ddb5-4fa4-a97d-d965ccfc6d4b" outcome="Passed" testListId="8c84fa94-04c1-424b-9868-57a2d4851a1d" relativeResultsDirectory="fb917338-3ca2-4fb2-b080-f60fa8318e5f" />
    <UnitTestResult executionId="f484d93a-5a20-4137-9e6d-39c2a23919cd" testId="579e98bc-3925-5d8c-0d08-849c482f87a5" testName="AjpWiki.Infrastructure.Tests.Services.WikiArticleServiceTests.SearchArticles_ShouldReturnMatchingArticles" computerName="anthony-System-Product-Name" duration="00:00:00.0000627" startTime="2025-09-05T17:52:03.4854001+12:00" endTime="2025-09-05T17:52:03.4854002+12:00" testType="13cdc9d9-ddb5-4fa4-a97d-d965ccfc6d4b" outcome="Passed" testListId="8c84fa94-04c1-424b-9868-57a2d4851a1d" relativeResultsDirectory="f484d93a-5a20-4137-9e6d-39c2a23919cd" />
    <UnitTestResult executionId="0a5daa6a-8b36-408f-a059-3908da4b9f70" testId="829d49cc-ba2a-3c06-75e2-7c9f2844990b" testName="AjpWiki.Infrastructure.Tests.Services.NotificationServiceTests.GetNotifications_ShouldReturnAllUserNotifications" computerName="anthony-System-Product-Name" duration="00:00:00.0087940" startTime="2025-09-05T17:52:04.0156278+12:00" endTime="2025-09-05T17:52:04.0156279+12:00" testType="13cdc9d9-ddb5-4fa4-a97d-d965ccfc6d4b" outcome="Passed" testListId="8c84fa94-04c1-424b-9868-57a2d4851a1d" relativeResultsDirectory="0a5daa6a-8b36-408f-a059-3908da4b9f70" />
    <UnitTestResult executionId="9123bdfc-88bf-4b69-b9eb-c4478449fdc4" testId="2464fe91-f4a7-7666-8ac9-f2ef2733273b" testName="AjpWiki.Infrastructure.Tests.Services.RoleServiceTests.AssignRole_ShouldAddRoleToUser" computerName="anthony-System-Product-Name" duration="00:00:00.4619911" startTime="2025-09-05T17:52:03.9445880+12:00" endTime="2025-09-05T17:52:03.9445881+12:00" testType="13cdc9d9-ddb5-4fa4-a97d-d965ccfc6d4b" outcome="Passed" testListId="8c84fa94-04c1-424b-9868-57a2d4851a1d" relativeResultsDirectory="9123bdfc-88bf-4b69-b9eb-c4478449fdc4" />
    <UnitTestResult executionId="76f939b7-9785-43f0-81dd-ef3261ba0aa9" testId="659a3dcf-1a79-2233-a067-8162129feaff" testName="AjpWiki.Infrastructure.Tests.Services.NotificationServiceTests.SendNotification_ToNonExistentUser_ShouldThrow" computerName="anthony-System-Product-Name" duration="00:00:00.0055095" startTime="2025-09-05T17:52:04.0211643+12:00" endTime="2025-09-05T17:52:04.0211644+12:00" testType="13cdc9d9-ddb5-4fa4-a97d-d965ccfc6d4b" outcome="Passed" testListId="8c84fa94-04c1-424b-9868-57a2d4851a1d" relativeResultsDirectory="76f939b7-9785-43f0-81dd-ef3261ba0aa9" />
    <UnitTestResult executionId="fbabb66d-8df0-4893-9bde-48bd8fb8558c" testId="ec03d1dc-e709-b350-8870-f1aa6b72f7ba" testName="AjpWiki.Infrastructure.Tests.Services.RoleServiceTests.RemoveRole_ShouldRemoveRoleFromUser" computerName="anthony-System-Product-Name" duration="00:00:00.0023381" startTime="2025-09-05T17:52:03.4814306+12:00" endTime="2025-09-05T17:52:03.4814798+12:00" testType="13cdc9d9-ddb5-4fa4-a97d-d965ccfc6d4b" outcome="Passed" testListId="8c84fa94-04c1-424b-9868-57a2d4851a1d" relativeResultsDirectory="fbabb66d-8df0-4893-9bde-48bd8fb8558c" />
    <UnitTestResult executionId="82f52f11-ae67-471e-98f2-716ffe2fdb87" testId="e12c9dc8-fb78-759a-561a-84826817d3e9" testName="AjpWiki.Infrastructure.Tests.Services.UserServiceTests.DeleteAccount_ShouldRemoveUser" computerName="anthony-System-Product-Name" duration="00:00:00.0000588" startTime="2025-09-05T17:52:03.9780847+12:00" endTime="2025-09-05T17:52:03.9780847+12:00" testType="13cdc9d9-ddb5-4fa4-a97d-d965ccfc6d4b" outcome="Passed" testListId="8c84fa94-04c1-424b-9868-57a2d4851a1d" relativeResultsDirectory="82f52f11-ae67-471e-98f2-716ffe2fdb87" />
    <UnitTestResult executionId="3c2685a6-21ad-445c-b2ba-28f99d08f66d" testId="75b99837-3df3-3c2d-a4df-800d318fefd6" testName="AjpWiki.Infrastructure.Tests.Services.NotificationServiceTests.GetNotifications_Pagination_ShouldReturnCorrectPages" computerName="anthony-System-Product-Name" duration="00:00:00.0069340" startTime="2025-09-05T17:52:04.0281323+12:00" endTime="2025-09-05T17:52:04.0281324+12:00" testType="13cdc9d9-ddb5-4fa4-a97d-d965ccfc6d4b" outcome="Passed" testListId="8c84fa94-04c1-424b-9868-57a2d4851a1d" relativeResultsDirectory="3c2685a6-21ad-445c-b2ba-28f99d08f66d" />
    <UnitTestResult executionId="5480dc35-7074-4c9c-a69e-7f2ec4e8774b" testId="41a962ac-8d28-4c5d-70ab-a800122fc196" testName="AjpWiki.Infrastructure.Tests.Services.UserServiceTests.ResetPassword_ShouldSendResetInstructions" computerName="anthony-System-Product-Name" duration="00:00:00.0000505" startTime="2025-09-05T17:52:03.9781050+12:00" endTime="2025-09-05T17:52:03.9781050+12:00" testType="13cdc9d9-ddb5-4fa4-a97d-d965ccfc6d4b" outcome="Passed" testListId="8c84fa94-04c1-424b-9868-57a2d4851a1d" relativeResultsDirectory="5480dc35-7074-4c9c-a69e-7f2ec4e8774b" />
    <UnitTestResult executionId="c13bbb83-42b5-49d3-94eb-199da697397e" testId="9ad4d60f-725d-392c-882b-479289b19582" testName="AjpWiki.Infrastructure.Tests.Services.UserServiceTests.RequestAccess_ShouldSendRequestToAdmin" computerName="anthony-System-Product-Name" duration="00:00:00.0000825" startTime="2025-09-05T17:52:03.9781294+12:00" endTime="2025-09-05T17:52:03.9781295+12:00" testType="13cdc9d9-ddb5-4fa4-a97d-d965ccfc6d4b" outcome="Passed" testListId="8c84fa94-04c1-424b-9868-57a2d4851a1d" relativeResultsDirectory="c13bbb83-42b5-49d3-94eb-199da697397e" />
    <UnitTestResult executionId="c1a5f784-7979-4364-8aba-11b08056d6d9" testId="7c6865a0-ca38-02c0-ee6d-865886040b34" testName="AjpWiki.Infrastructure.Tests.Services.NotificationServiceTests.MarkAsRead_Idempotent_And_MissingIsNoOp" computerName="anthony-System-Product-Name" duration="00:00:00.0298519" startTime="2025-09-05T17:52:04.0068013+12:00" endTime="2025-09-05T17:52:04.0068013+12:00" testType="13cdc9d9-ddb5-4fa4-a97d-d965ccfc6d4b" outcome="Passed" testListId="8c84fa94-04c1-424b-9868-57a2d4851a1d" relativeResultsDirectory="c1a5f784-7979-4364-8aba-11b08056d6d9" />
    <UnitTestResult executionId="1b6e1574-68a5-4c57-afe9-acab6aee8864" testId="7b4d2c2c-27d8-0432-fd45-8c186adb5db4" testName="AjpWiki.Infrastructure.Tests.Services.WikiArticleServiceTests.CreateArticle_ShouldAddNewArticle" computerName="anthony-System-Product-Name" duration="00:00:00.0120446" startTime="2025-09-05T17:52:04.0015404+12:00" endTime="2025-09-05T17:52:04.0015405+12:00" testType="13cdc9d9-ddb5-4fa4-a97d-d965ccfc6d4b" outcome="Passed" testListId="8c84fa94-04c1-424b-9868-57a2d4851a1d" relativeResultsDirectory="1b6e1574-68a5-4c57-afe9-acab6aee8864" />
    <UnitTestResult executionId="a86033aa-c573-4b7a-9444-d813eb00402a" testId="080c21c6-12b1-0297-ed26-b7957e1e51fb" testName="AjpWiki.Infrastructure.Tests.Services.WikiArticleServiceTests.EditArticle_ShouldUpdateArticleContent" computerName="anthony-System-Product-Name" duration="00:00:00.0000542" startTime="2025-09-05T17:52:03.4854743+12:00" endTime="2025-09-05T17:52:03.4854744+12:00" testType="13cdc9d9-ddb5-4fa4-a97d-d965ccfc6d4b" outcome="Passed" testListId="8c84fa94-04c1-424b-9868-57a2d4851a1d" relativeResultsDirectory="a86033aa-c573-4b7a-9444-d813eb00402a" />
    <UnitTestResult executionId="d912c236-a436-4aaa-8c62-2949acae4aef" testId="6b9306d6-8d72-b12e-9e97-2f4a36e08a8c" testName="AjpWiki.Infrastructure.Tests.Services.WikiArticleServiceTests.CreateArticle_WithDuplicateSlug_ShouldThrow" computerName="anthony-System-Product-Name" duration="00:00:00.5076613" startTime="2025-09-05T17:52:03.9891394+12:00" endTime="2025-09-05T17:52:03.9891395+12:00" testType="13cdc9d9-ddb5-4fa4-a97d-d965ccfc6d4b" outcome="Passed" testListId="8c84fa94-04c1-424b-9868-57a2d4851a1d" relativeResultsDirectory="d912c236-a436-4aaa-8c62-2949acae4aef" />
    <UnitTestResult executionId="b201e0f5-b065-41a9-ad89-3a8a1120a37a" testId="29145a72-b6cf-aa59-0b0d-fdfc0b6abb40" testName="AjpWiki.Infrastructure.Tests.Services.WikiArticleServiceTests.EditArticle_ShouldCreateNewVersion" computerName="anthony-System-Product-Name" duration="00:00:00.0000809" startTime="2025-09-05T17:52:03.5098810+12:00" endTime="2025-09-05T17:52:03.5098811+12:00" testType="13cdc9d9-ddb5-4fa4-a97d-d965ccfc6d4b" outcome="Passed" testListId="8c84fa94-04c1-424b-9868-57a2d4851a1d" relativeResultsDirectory="b201e0f5-b065-41a9-ad89-3a8a1120a37a" />
    <UnitTestResult executionId="b0645462-75ae-44e4-8360-f60de0362beb" testId="c7668c6c-521a-f6c8-2723-2ca3cd5461ec" testName="AjpWiki.Infrastructure.Tests.Services.WikiArticleServiceTests.RollbackArticle_ShouldRestorePreviousVersion" computerName="anthony-System-Product-Name" duration="00:00:00.0023476" startTime="2025-09-05T17:52:03.4844856+12:00" endTime="2025-09-05T17:52:03.4844857+12:00" testType="13cdc9d9-ddb5-4fa4-a97d-d965ccfc6d4b" outcome="Passed" testListId="8c84fa94-04c1-424b-9868-57a2d4851a1d" relativeResultsDirectory="b0645462-75ae-44e4-8360-f60de0362beb" />
    <UnitTestResult executionId="17bde919-f1f7-407c-8228-7ebe333da320" testId="e07b0590-d61d-2122-3823-cd2a267e639b" testName="AjpWiki.Infrastructure.Tests.Services.RoleServiceTests.GetUserRoles_ShouldReturnAllRolesForUser" computerName="anthony-System-Product-Name" duration="00:00:00.0001063" startTime="2025-09-05T17:52:03.9447229+12:00" endTime="2025-09-05T17:52:03.9447230+12:00" testType="13cdc9d9-ddb5-4fa4-a97d-d965ccfc6d4b" outcome="Passed" testListId="8c84fa94-04c1-424b-9868-57a2d4851a1d" relativeResultsDirectory="17bde919-f1f7-407c-8228-7ebe333da320" />
    <UnitTestResult executionId="502a3bbe-2c25-49e1-a5ce-c01d5e6c1269" testId="184a0665-7a05-ba5b-cbf6-018424b6a526" testName="AjpWiki.Infrastructure.Tests.Services.WikiArticleServiceTests.ProposeChange_ShouldCreateChangeRequest" computerName="anthony-System-Product-Name" duration="00:00:00.0000636" startTime="2025-09-05T17:52:04.0016472+12:00" endTime="2025-09-05T17:52:04.0016473+12:00" testType="13cdc9d9-ddb5-4fa4-a97d-d965ccfc6d4b" outcome="Passed" testListId="8c84fa94-04c1-424b-9868-57a2d4851a1d" relativeResultsDirectory="502a3bbe-2c25-49e1-a5ce-c01d5e6c1269" />
    <UnitTestResult executionId="302225d5-0d7e-45af-a100-0db8c4326292" testId="24fbd963-d891-4bb3-7fde-ace492278494" testName="AjpWiki.Infrastructure.Tests.Services.UserServiceTests.CreateUser_ShouldCreateNewUser" computerName="anthony-System-Product-Name" duration="00:00:00.4956741" startTime="2025-09-05T17:52:03.9767198+12:00" endTime="2025-09-05T17:52:03.9767199+12:00" testType="13cdc9d9-ddb5-4fa4-a97d-d965ccfc6d4b" outcome="Passed" testListId="8c84fa94-04c1-424b-9868-57a2d4851a1d" relativeResultsDirectory="302225d5-0d7e-45af-a100-0db8c4326292" />
    <UnitTestResult executionId="91b650f7-cae0-4477-a0aa-4bdd10593f9c" testId="6c12ff72-ba1b-9022-81c9-62a5bf887b81" testName="AjpWiki.Infrastructure.Tests.Services.WikiArticleServiceTests.GetArticlesByTag_ShouldReturnTaggedArticles" computerName="anthony-System-Product-Name" duration="00:00:00.0000529" startTime="2025-09-05T17:52:03.4854370+12:00" endTime="2025-09-05T17:52:03.4854370+12:00" testType="13cdc9d9-ddb5-4fa4-a97d-d965ccfc6d4b" outcome="Passed" testListId="8c84fa94-04c1-424b-9868-57a2d4851a1d" relativeResultsDirectory="91b650f7-cae0-4477-a0aa-4bdd10593f9c" />
    <UnitTestResult executionId="ab89d218-bb06-44ce-8180-9414bc674600" testId="7cded712-b709-1d54-23a3-1002f3498d72" testName="AjpWiki.Infrastructure.Tests.Services.UserServiceTests.ApproveUser_ShouldGrantAccess" computerName="anthony-System-Product-Name" duration="00:00:00.0000638" startTime="2025-09-05T17:52:03.9768321+12:00" endTime="2025-09-05T17:52:03.9768322+12:00" testType="13cdc9d9-ddb5-4fa4-a97d-d965ccfc6d4b" outcome="Passed" testListId="8c84fa94-04c1-424b-9868-57a2d4851a1d" relativeResultsDirectory="ab89d218-bb06-44ce-8180-9414bc674600" />
    <UnitTestResult executionId="e85f6446-c573-4893-b6e2-a01fcf23c2b9" testId="57b575df-6cdf-b289-f1aa-86024a0ab935" testName="AjpWiki.Infrastructure.Tests.Services.WikiArticleServiceTests.AddComponent_ShouldAddComponentToArticle" computerName="anthony-System-Product-Name" duration="00:00:00.0000554" startTime="2025-09-05T17:52:03.9894473+12:00" endTime="2025-09-05T17:52:03.9894474+12:00" testType="13cdc9d9-ddb5-4fa4-a97d-d965ccfc6d4b" outcome="Passed" testListId="8c84fa94-04c1-424b-9868-57a2d4851a1d" relativeResultsDirectory="e85f6446-c573-4893-b6e2-a01fcf23c2b9" />
    <UnitTestResult executionId="1763ddb2-58cd-432d-b8dc-a1dac10c5657" testId="a5c9d4c9-8bed-5139-85c9-1bd2784f34b3" testName="AjpWiki.Infrastructure.Tests.Services.UserServiceTests.EditProfile_ShouldUpdateUserProfile" computerName="anthony-System-Product-Name" duration="00:00:00.0000577" startTime="2025-09-05T17:52:03.9780219+12:00" endTime="2025-09-05T17:52:03.9780219+12:00" testType="13cdc9d9-ddb5-4fa4-a97d-d965ccfc6d4b" outcome="Passed" testListId="8c84fa94-04c1-424b-9868-57a2d4851a1d" relativeResultsDirectory="1763ddb2-58cd-432d-b8dc-a1dac10c5657" />
    <UnitTestResult executionId="a0048da8-8dab-4b52-8e04-d830769fa114" testId="ca4d2632-d02f-35da-b0aa-0900f00d25ee" testName="AjpWiki.Infrastructure.Tests.Services.RoleServiceTests.GetAllRoles_ShouldReturnAllRoles" computerName="anthony-System-Product-Name" duration="00:00:00.0015026" startTime="2025-09-05T17:52:03.5100739+12:00" endTime="2025-09-05T17:52:03.5100739+12:00" testType="13cdc9d9-ddb5-4fa4-a97d-d965ccfc6d4b" outcome="Passed" testListId="8c84fa94-04c1-424b-9868-57a2d4851a1d" relativeResultsDirectory="a0048da8-8dab-4b52-8e04-d830769fa114" />
    <UnitTestResult executionId="c1ca2526-f99e-4bb1-b53c-9294be83f267" testId="3bdc259a-e8fc-2c0d-aeee-d7aee3bbc135" testName="AjpWiki.Infrastructure.Tests.Services.UserServiceTests.ChangeAvatar_ShouldUpdateUserAvatar" computerName="anthony-System-Product-Name" duration="00:00:00.0023363" startTime="2025-09-05T17:52:03.4841702+12:00" endTime="2025-09-05T17:52:03.4841703+12:00" testType="13cdc9d9-ddb5-4fa4-a97d-d965ccfc6d4b" outcome="Passed" testListId="8c84fa94-04c1-424b-9868-57a2d4851a1d" relativeResultsDirectory="c1ca2526-f99e-4bb1-b53c-9294be83f267" />
    <UnitTestResult executionId="63229972-6dc3-45dd-bd3c-29a518ae8787" testId="4e70f9df-8543-81fd-fd74-eb03225de312" testName="AjpWiki.Infrastructure.Tests.Services.UserServiceTests.RejectUser_ShouldDenyAccess" computerName="anthony-System-Product-Name" duration="00:00:00.0000529" startTime="2025-09-05T17:52:03.9780625+12:00" endTime="2025-09-05T17:52:03.9780625+12:00" testType="13cdc9d9-ddb5-4fa4-a97d-d965ccfc6d4b" outcome="Passed" testListId="8c84fa94-04c1-424b-9868-57a2d4851a1d" relativeResultsDirectory="63229972-6dc3-45dd-bd3c-29a518ae8787" />
    <UnitTestResult executionId="5762e095-f651-413b-adac-4ce1f39f2ed3" testId="b22adc2d-076c-d54a-f588-4dade8485188" testName="AjpWiki.Infrastructure.Tests.Services.NotificationServiceTests.SendNotification_ShouldDeliverMessageToUser" computerName="anthony-System-Product-Name" duration="00:00:00.5018409" startTime="2025-09-05T17:52:03.9769005+12:00" endTime="2025-09-05T17:52:03.9769005+12:00" testType="13cdc9d9-ddb5-4fa4-a97d-d965ccfc6d4b" outcome="Passed" testListId="8c84fa94-04c1-424b-9868-57a2d4851a1d" relativeResultsDirectory="5762e095-f651-413b-adac-4ce1f39f2ed3" />
  </Results>
  <TestDefinitions>
    <UnitTest name="AjpWiki.Infrastructure.Tests.Services.UserServiceTests.ResetPassword_ShouldSendResetInstructions" storage="/home/anthony/documents/projects/wiki-project/ajpwiki.infrastructure.tests/bin/debug/net8.0/ajpwiki.infrastructure.tests.dll" id="41a962ac-8d28-4c5d-70ab-a800122fc196">
      <Execution id="5480dc35-7074-4c9c-a69e-7f2ec4e8774b" />
      <TestMethod codeBase="/home/anthony/Documents/Projects/wiki-project/AjpWiki.Infrastructure.Tests/bin/Debug/net8.0/AjpWiki.Infrastructure.Tests.dll" adapterTypeName="executor://xunit/VsTestRunner2/netcoreapp" className="AjpWiki.Infrastructure.Tests.Services.UserServiceTests" name="ResetPassword_ShouldSendResetInstructions" />
    </UnitTest>
    <UnitTest name="AjpWiki.Infrastructure.Tests.Services.RoleServiceTests.GetAllRoles_ShouldReturnAllRoles" storage="/home/anthony/documents/projects/wiki-project/ajpwiki.infrastructure.tests/bin/debug/net8.0/ajpwiki.infrastructure.tests.dll" id="ca4d2632-d02f-35da-b0aa-0900f00d25ee">
      <Execution id="a0048da8-8dab-4b52-8e04-d830769fa114" />
      <TestMethod codeBase="/home/anthony/Documents/Projects/wiki-project/AjpWiki.Infrastructure.Tests/bin/Debug/net8.0/AjpWiki.Infrastructure.Tests.dll" adapterTypeName="executor://xunit/VsTestRunner2/netcoreapp" className="AjpWiki.Infrastructure.Tests.Services.RoleServiceTests" name="GetAllRoles_ShouldReturnAllRoles" />
    </UnitTest>
    <UnitTest name="AjpWiki.Infrastructure.Tests.Services.RoleServiceTests.AssignRole_ShouldAddRoleToUser" storage="/home/anthony/documents/projects/wiki-project/ajpwiki.infrastructure.tests/bin/debug/net8.0/ajpwiki.infrastructure.tests.dll" id="2464fe91-f4a7-7666-8ac9-f2ef2733273b">
      <Execution id="9123bdfc-88bf-4b69-b9eb-c4478449fdc4" />
      <TestMethod codeBase="/home/anthony/Documents/Projects/wiki-project/AjpWiki.Infrastructure.Tests/bin/Debug/net8.0/AjpWiki.Infrastructure.Tests.dll" adapterTypeName="executor://xunit/VsTestRunner2/netcoreapp" className="AjpWiki.Infrastructure.Tests.Services.RoleServiceTests" name="AssignRole_ShouldAddRoleToUser" />
    </UnitTest>
    <UnitTest name="AjpWiki.Infrastructure.Tests.Services.WikiArticleServiceTests.CreateArticle_ShouldAddNewArticle" storage="/home/anthony/documents/projects/wiki-project/ajpwiki.infrastructure.tests/bin/debug/net8.0/ajpwiki.infrastructure.tests.dll" id="7b4d2c2c-27d8-0432-fd45-8c186adb5db4">
      <Execution id="1b6e1574-68a5-4c57-afe9-acab6aee8864" />
      <TestMethod codeBase="/home/anthony/Documents/Projects/wiki-project/AjpWiki.Infrastructure.Tests/bin/Debug/net8.0/AjpWiki.Infrastructure.Tests.dll" adapterTypeName="executor://xunit/VsTestRunner2/netcoreapp" className="AjpWiki.Infrastructure.Tests.Services.WikiArticleServiceTests" name="CreateArticle_ShouldAddNewArticle" />
    </UnitTest>
    <UnitTest name="AjpWiki.Infrastructure.Tests.Services.NotificationServiceTests.GetNotifications_ShouldReturnAllUserNotifications" storage="/home/anthony/documents/projects/wiki-project/ajpwiki.infrastructure.tests/bin/debug/net8.0/ajpwiki.infrastructure.tests.dll" id="829d49cc-ba2a-3c06-75e2-7c9f2844990b">
      <Execution id="0a5daa6a-8b36-408f-a059-3908da4b9f70" />
      <TestMethod codeBase="/home/anthony/Documents/Projects/wiki-project/AjpWiki.Infrastructure.Tests/bin/Debug/net8.0/AjpWiki.Infrastructure.Tests.dll" adapterTypeName="executor://xunit/VsTestRunner2/netcoreapp" className="AjpWiki.Infrastructure.Tests.Services.NotificationServiceTests" name="GetNotifications_ShouldReturnAllUserNotifications" />
    </UnitTest>
    <UnitTest name="AjpWiki.Infrastructure.Tests.Services.WikiArticleServiceTests.GetArticlesByTag_ShouldReturnTaggedArticles" storage="/home/anthony/documents/projects/wiki-project/ajpwiki.infrastructure.tests/bin/debug/net8.0/ajpwiki.infrastructure.tests.dll" id="6c12ff72-ba1b-9022-81c9-62a5bf887b81">
      <Execution id="91b650f7-cae0-4477-a0aa-4bdd10593f9c" />
      <TestMethod codeBase="/home/anthony/Documents/Projects/wiki-project/AjpWiki.Infrastructure.Tests/bin/Debug/net8.0/AjpWiki.Infrastructure.Tests.dll" adapterTypeName="executor://xunit/VsTestRunner2/netcoreapp" className="AjpWiki.Infrastructure.Tests.Services.WikiArticleServiceTests" name="GetArticlesByTag_ShouldReturnTaggedArticles" />
    </UnitTest>
    <UnitTest name="AjpWiki.Infrastructure.Tests.Services.UserServiceTests.RejectUser_ShouldDenyAccess" storage="/home/anthony/documents/projects/wiki-project/ajpwiki.infrastructure.tests/bin/debug/net8.0/ajpwiki.infrastructure.tests.dll" id="4e70f9df-8543-81fd-fd74-eb03225de312">
      <Execution id="63229972-6dc3-45dd-bd3c-29a518ae8787" />
      <TestMethod codeBase="/home/anthony/Documents/Projects/wiki-project/AjpWiki.Infrastructure.Tests/bin/Debug/net8.0/AjpWiki.Infrastructure.Tests.dll" adapterTypeName="executor://xunit/VsTestRunner2/netcoreapp" className="AjpWiki.Infrastructure.Tests.Services.UserServiceTests" name="RejectUser_ShouldDenyAccess" />
    </UnitTest>
    <UnitTest name="AjpWiki.Infrastructure.Tests.Services.UserServiceTests.CreateUser_ShouldCreateNewUser" storage="/home/anthony/documents/projects/wiki-project/ajpwiki.infrastructure.tests/bin/debug/net8.0/ajpwiki.infrastructure.tests.dll" id="24fbd963-d891-4bb3-7fde-ace492278494">
      <Execution id="302225d5-0d7e-45af-a100-0db8c4326292" />
      <TestMethod codeBase="/home/anthony/Documents/Projects/wiki-project/AjpWiki.Infrastructure.Tests/bin/Debug/net8.0/AjpWiki.Infrastructure.Tests.dll" adapterTypeName="executor://xunit/VsTestRunner2/netcoreapp" className="AjpWiki.Infrastructure.Tests.Services.UserServiceTests" name="CreateUser_ShouldCreateNewUser" />
    </UnitTest>
    <UnitTest name="AjpWiki.Infrastructure.Tests.Services.WikiArticleServiceTests.AddComponent_ShouldAddComponentToArticle" storage="/home/anthony/documents/projects/wiki-project/ajpwiki.infrastructure.tests/bin/debug/net8.0/ajpwiki.infrastructure.tests.dll" id="57b575df-6cdf-b289-f1aa-86024a0ab935">
      <Execution id="e85f6446-c573-4893-b6e2-a01fcf23c2b9" />
      <TestMethod codeBase="/home/anthony/Documents/Projects/wiki-project/AjpWiki.Infrastructure.Tests/bin/Debug/net8.0/AjpWiki.Infrastructure.Tests.dll" adapterTypeName="executor://xunit/VsTestRunner2/netcoreapp" className="AjpWiki.Infrastructure.Tests.Services.WikiArticleServiceTests" name="AddComponent_ShouldAddComponentToArticle" />
    </UnitTest>
    <UnitTest name="AjpWiki.Infrastructure.Tests.Services.UserServiceTests.DeleteAccount_ShouldRemoveUser" storage="/home/anthony/documents/projects/wiki-project/ajpwiki.infrastructure.tests/bin/debug/net8.0/ajpwiki.infrastructure.tests.dll" id="e12c9dc8-fb78-759a-561a-84826817d3e9">
      <Execution id="82f52f11-ae67-471e-98f2-716ffe2fdb87" />
      <TestMethod codeBase="/home/anthony/Documents/Projects/wiki-project/AjpWiki.Infrastructure.Tests/bin/Debug/net8.0/AjpWiki.Infrastructure.Tests.dll" adapterTypeName="executor://xunit/VsTestRunner2/netcoreapp" className="AjpWiki.Infrastructure.Tests.Services.UserServiceTests" name="DeleteAccount_ShouldRemoveUser" />
    </UnitTest>
    <UnitTest name="AjpWiki.Infrastructure.Tests.Services.RoleServiceTests.GetUserRoles_ShouldReturnAllRolesForUser" storage="/home/anthony/documents/projects/wiki-project/ajpwiki.infrastructure.tests/bin/debug/net8.0/ajpwiki.infrastructure.tests.dll" id="e07b0590-d61d-2122-3823-cd2a267e639b">
      <Execution id="17bde919-f1f7-407c-8228-7ebe333da320" />
      <TestMethod codeBase="/home/anthony/Documents/Projects/wiki-project/AjpWiki.Infrastructure.Tests/bin/Debug/net8.0/AjpWiki.Infrastructure.Tests.dll" adapterTypeName="executor://xunit/VsTestRunner2/netcoreapp" className="AjpWiki.Infrastructure.Tests.Services.RoleServiceTests" name="GetUserRoles_ShouldReturnAllRolesForUser" />
    </UnitTest>
    <UnitTest name="AjpWiki.Infrastructure.Tests.Services.WikiArticleServiceTests.EditArticle_ShouldUpdateArticleContent" storage="/home/anthony/documents/projects/wiki-project/ajpwiki.infrastructure.tests/bin/debug/net8.0/ajpwiki.infrastructure.tests.dll" id="080c21c6-12b1-0297-ed26-b7957e1e51fb">
      <Execution id="a86033aa-c573-4b7a-9444-d813eb00402a" />
      <TestMethod codeBase="/home/anthony/Documents/Projects/wiki-project/AjpWiki.Infrastructure.Tests/bin/Debug/net8.0/AjpWiki.Infrastructure.Tests.dll" adapterTypeName="executor://xunit/VsTestRunner2/netcoreapp" className="AjpWiki.Infrastructure.Tests.Services.WikiArticleServiceTests" name="EditArticle_ShouldUpdateArticleContent" />
    </UnitTest>
    <UnitTest name="AjpWiki.Infrastructure.Tests.Services.WikiArticleServiceTests.CreateArticle_WithDuplicateSlug_ShouldThrow" storage="/home/anthony/documents/projects/wiki-project/ajpwiki.infrastructure.tests/bin/debug/net8.0/ajpwiki.infrastructure.tests.dll" id="6b9306d6-8d72-b12e-9e97-2f4a36e08a8c">
      <Execution id="d912c236-a436-4aaa-8c62-2949acae4aef" />
      <TestMethod codeBase="/home/anthony/Documents/Projects/wiki-project/AjpWiki.Infrastructure.Tests/bin/Debug/net8.0/AjpWiki.Infrastructure.Tests.dll" adapterTypeName="executor://xunit/VsTestRunner2/netcoreapp" className="AjpWiki.Infrastructure.Tests.Services.WikiArticleServiceTests" name="CreateArticle_WithDuplicateSlug_ShouldThrow" />
    </UnitTest>
    <UnitTest name="AjpWiki.Infrastructure.Tests.Services.WikiArticleServiceTests.EditArticle_ShouldCreateNewVersion" storage="/home/anthony/documents/projects/wiki-project/ajpwiki.infrastructure.tests/bin/debug/net8.0/ajpwiki.infrastructure.tests.dll" id="29145a72-b6cf-aa59-0b0d-fdfc0b6abb40">
      <Execution id="b201e0f5-b065-41a9-ad89-3a8a1120a37a" />
      <TestMethod codeBase="/home/anthony/Documents/Projects/wiki-project/AjpWiki.Infrastructure.Tests/bin/Debug/net8.0/AjpWiki.Infrastructure.Tests.dll" adapterTypeName="executor://xunit/VsTestRunner2/netcoreapp" className="AjpWiki.Infrastructure.Tests.Services.WikiArticleServiceTests" name="EditArticle_ShouldCreateNewVersion" />
    </UnitTest>
    <UnitTest name="AjpWiki.Infrastructure.Tests.Services.UserServiceTests.RequestAccess_ShouldSendRequestToAdmin" storage="/home/anthony/documents/projects/wiki-project/ajpwiki.infrastructure.tests/bin/debug/net8.0/ajpwiki.infrastructure.tests.dll" id="9ad4d60f-725d-392c-882b-479289b19582">
      <Execution id="c13bbb83-42b5-49d3-94eb-199da697397e" />
      <TestMethod codeBase="/home/anthony/Documents/Projects/wiki-project/AjpWiki.Infrastructure.Tests/bin/Debug/net8.0/AjpWiki.Infrastructure.Tests.dll" adapterTypeName="executor://xunit/VsTestRunner2/netcoreapp" className="AjpWiki.Infrastructure.Tests.Services.UserServiceTests" name="RequestAccess_ShouldSendRequestToAdmin" />
    </UnitTest>
    <UnitTest name="AjpWiki.Infrastructure.Tests.Services.WikiArticleServiceTests.ReviewChange_ShouldAcceptOrRejectChange" storage="/home/anthony/documents/projects/wiki-project/ajpwiki.infrastructure.tests/bin/debug/net8.0/ajpwiki.infrastructure.tests.dll" id="65b06a2e-0045-883a-bdb8-0e202bb57883">
      <Execution id="fb917338-3ca2-4fb2-b080-f60fa8318e5f" />
      <TestMethod codeBase="/home/anthony/Documents/Projects/wiki-project/AjpWiki.Infrastructure.Tests/bin/Debug/net8.0/AjpWiki.Infrastructure.Tests.dll" adapterTypeName="executor://xunit/VsTestRunner2/netcoreapp" className="AjpWiki.Infrastructure.Tests.Services.WikiArticleServiceTests" name="ReviewChange_ShouldAcceptOrRejectChange" />
    </UnitTest>
    <UnitTest name="AjpWiki.Infrastructure.Tests.Services.WikiArticleServiceTests.RollbackArticle_ShouldRestorePreviousVersion" storage="/home/anthony/documents/projects/wiki-project/ajpwiki.infrastructure.tests/bin/debug/net8.0/ajpwiki.infrastructure.tests.dll" id="c7668c6c-521a-f6c8-2723-2ca3cd5461ec">
      <Execution id="b0645462-75ae-44e4-8360-f60de0362beb" />
      <TestMethod codeBase="/home/anthony/Documents/Projects/wiki-project/AjpWiki.Infrastructure.Tests/bin/Debug/net8.0/AjpWiki.Infrastructure.Tests.dll" adapterTypeName="executor://xunit/VsTestRunner2/netcoreapp" className="AjpWiki.Infrastructure.Tests.Services.WikiArticleServiceTests" name="RollbackArticle_ShouldRestorePreviousVersion" />
    </UnitTest>
    <UnitTest name="AjpWiki.Infrastructure.Tests.Services.UserServiceTests.ChangeAvatar_ShouldUpdateUserAvatar" storage="/home/anthony/documents/projects/wiki-project/ajpwiki.infrastructure.tests/bin/debug/net8.0/ajpwiki.infrastructure.tests.dll" id="3bdc259a-e8fc-2c0d-aeee-d7aee3bbc135">
      <Execution id="c1ca2526-f99e-4bb1-b53c-9294be83f267" />
      <TestMethod codeBase="/home/anthony/Documents/Projects/wiki-project/AjpWiki.Infrastructure.Tests/bin/Debug/net8.0/AjpWiki.Infrastructure.Tests.dll" adapterTypeName="executor://xunit/VsTestRunner2/netcoreapp" className="AjpWiki.Infrastructure.Tests.Services.UserServiceTests" name="ChangeAvatar_ShouldUpdateUserAvatar" />
    </UnitTest>
    <UnitTest name="AjpWiki.Infrastructure.Tests.Services.NotificationServiceTests.GetNotifications_Pagination_ShouldReturnCorrectPages" storage="/home/anthony/documents/projects/wiki-project/ajpwiki.infrastructure.tests/bin/debug/net8.0/ajpwiki.infrastructure.tests.dll" id="75b99837-3df3-3c2d-a4df-800d318fefd6">
      <Execution id="3c2685a6-21ad-445c-b2ba-28f99d08f66d" />
      <TestMethod codeBase="/home/anthony/Documents/Projects/wiki-project/AjpWiki.Infrastructure.Tests/bin/Debug/net8.0/AjpWiki.Infrastructure.Tests.dll" adapterTypeName="executor://xunit/VsTestRunner2/netcoreapp" className="AjpWiki.Infrastructure.Tests.Services.NotificationServiceTests" name="GetNotifications_Pagination_ShouldReturnCorrectPages" />
    </UnitTest>
    <UnitTest name="AjpWiki.Infrastructure.Tests.Services.NotificationServiceTests.SendNotification_ShouldDeliverMessageToUser" storage="/home/anthony/documents/projects/wiki-project/ajpwiki.infrastructure.tests/bin/debug/net8.0/ajpwiki.infrastructure.tests.dll" id="b22adc2d-076c-d54a-f588-4dade8485188">
      <Execution id="5762e095-f651-413b-adac-4ce1f39f2ed3" />
      <TestMethod codeBase="/home/anthony/Documents/Projects/wiki-project/AjpWiki.Infrastructure.Tests/bin/Debug/net8.0/AjpWiki.Infrastructure.Tests.dll" adapterTypeName="executor://xunit/VsTestRunner2/netcoreapp" className="AjpWiki.Infrastructure.Tests.Services.NotificationServiceTests" name="SendNotification_ShouldDeliverMessageToUser" />
    </UnitTest>
    <UnitTest name="AjpWiki.Infrastructure.Tests.Services.WikiArticleServiceTests.SearchArticles_ShouldReturnMatchingArticles" storage="/home/anthony/documents/projects/wiki-project/ajpwiki.infrastructure.tests/bin/debug/net8.0/ajpwiki.infrastructure.tests.dll" id="579e98bc-3925-5d8c-0d08-849c482f87a5">
      <Execution id="f484d93a-5a20-4137-9e6d-39c2a23919cd" />
      <TestMethod codeBase="/home/anthony/Documents/Projects/wiki-project/AjpWiki.Infrastructure.Tests/bin/Debug/net8.0/AjpWiki.Infrastructure.Tests.dll" adapterTypeName="executor://xunit/VsTestRunner2/netcoreapp" className="AjpWiki.Infrastructure.Tests.Services.WikiArticleServiceTests" name="SearchArticles_ShouldReturnMatchingArticles" />
    </UnitTest>
    <UnitTest name="AjpWiki.Infrastructure.Tests.Services.UserServiceTests.ApproveUser_ShouldGrantAccess" storage="/home/anthony/documents/projects/wiki-project/ajpwiki.infrastructure.tests/bin/debug/net8.0/ajpwiki.infrastructure.tests.dll" id="7cded712-b709-1d54-23a3-1002f3498d72">
      <Execution id="ab89d218-bb06-44ce-8180-9414bc674600" />
      <TestMethod codeBase="/home/anthony/Documents/Projects/wiki-project/AjpWiki.Infrastructure.Tests/bin/Debug/net8.0/AjpWiki.Infrastructure.Tests.dll" adapterTypeName="executor://xunit/VsTestRunner2/netcoreapp" className="AjpWiki.Infrastructure.Tests.Services.UserServiceTests" name="ApproveUser_ShouldGrantAccess" />
    </UnitTest>
    <UnitTest name="AjpWiki.Infrastructure.Tests.Services.NotificationServiceTests.MarkAsRead_Idempotent_And_MissingIsNoOp" storage="/home/anthony/documents/projects/wiki-project/ajpwiki.infrastructure.tests/bin/debug/net8.0/ajpwiki.infrastructure.tests.dll" id="7c6865a0-ca38-02c0-ee6d-865886040b34">
      <Execution id="c1a5f784-7979-4364-8aba-11b08056d6d9" />
      <TestMethod codeBase="/home/anthony/Documents/Projects/wiki-project/AjpWiki.Infrastructure.Tests/bin/Debug/net8.0/AjpWiki.Infrastructure.Tests.dll" adapterTypeName="executor://xunit/VsTestRunner2/netcoreapp" className="AjpWiki.Infrastructure.Tests.Services.NotificationServiceTests" name="MarkAsRead_Idempotent_And_MissingIsNoOp" />
    </UnitTest>
    <UnitTest name="AjpWiki.Infrastructure.Tests.Services.RoleServiceTests.RemoveRole_ShouldRemoveRoleFromUser" storage="/home/anthony/documents/projects/wiki-project/ajpwiki.infrastructure.tests/bin/debug/net8.0/ajpwiki.infrastructure.tests.dll" id="ec03d1dc-e709-b350-8870-f1aa6b72f7ba">
      <Execution id="fbabb66d-8df0-4893-9bde-48bd8fb8558c" />
      <TestMethod codeBase="/home/anthony/Documents/Projects/wiki-project/AjpWiki.Infrastructure.Tests/bin/Debug/net8.0/AjpWiki.Infrastructure.Tests.dll" adapterTypeName="executor://xunit/VsTestRunner2/netcoreapp" className="AjpWiki.Infrastructure.Tests.Services.RoleServiceTests" name="RemoveRole_ShouldRemoveRoleFromUser" />
    </UnitTest>
    <UnitTest name="AjpWiki.Infrastructure.Tests.Services.WikiArticleServiceTests.GetArticleHistory_ShouldReturnAllVersions" storage="/home/anthony/documents/projects/wiki-project/ajpwiki.infrastructure.tests/bin/debug/net8.0/ajpwiki.infrastructure.tests.dll" id="aac6f4e6-e9ee-3623-5fc7-bae01d07348b">
      <Execution id="b2ad73ea-50e0-4113-aa22-92b97a906ac7" />
      <TestMethod codeBase="/home/anthony/Documents/Projects/wiki-project/AjpWiki.Infrastructure.Tests/bin/Debug/net8.0/AjpWiki.Infrastructure.Tests.dll" adapterTypeName="executor://xunit/VsTestRunner2/netcoreapp" className="AjpWiki.Infrastructure.Tests.Services.WikiArticleServiceTests" name="GetArticleHistory_ShouldReturnAllVersions" />
    </UnitTest>
    <UnitTest name="AjpWiki.Infrastructure.Tests.Services.UserServiceTests.EditProfile_ShouldUpdateUserProfile" storage="/home/anthony/documents/projects/wiki-project/ajpwiki.infrastructure.tests/bin/debug/net8.0/ajpwiki.infrastructure.tests.dll" id="a5c9d4c9-8bed-5139-85c9-1bd2784f34b3">
      <Execution id="1763ddb2-58cd-432d-b8dc-a1dac10c5657" />
      <TestMethod codeBase="/home/anthony/Documents/Projects/wiki-project/AjpWiki.Infrastructure.Tests/bin/Debug/net8.0/AjpWiki.Infrastructure.Tests.dll" adapterTypeName="executor://xunit/VsTestRunner2/netcoreapp" className="AjpWiki.Infrastructure.Tests.Services.UserServiceTests" name="EditProfile_ShouldUpdateUserProfile" />
    </UnitTest>
    <UnitTest name="AjpWiki.Infrastructure.Tests.Services.WikiArticleServiceTests.ProposeChange_ShouldCreateChangeRequest" storage="/home/anthony/documents/projects/wiki-project/ajpwiki.infrastructure.tests/bin/debug/net8.0/ajpwiki.infrastructure.tests.dll" id="184a0665-7a05-ba5b-cbf6-018424b6a526">
      <Execution id="502a3bbe-2c25-49e1-a5ce-c01d5e6c1269" />
      <TestMethod codeBase="/home/anthony/Documents/Projects/wiki-project/AjpWiki.Infrastructure.Tests/bin/Debug/net8.0/AjpWiki.Infrastructure.Tests.dll" adapterTypeName="executor://xunit/VsTestRunner2/netcoreapp" className="AjpWiki.Infrastructure.Tests.Services.WikiArticleServiceTests" name="ProposeChange_ShouldCreateChangeRequest" />
    </UnitTest>
    <UnitTest name="AjpWiki.Infrastructure.Tests.Services.NotificationServiceTests.SendNotification_ToNonExistentUser_ShouldThrow" storage="/home/anthony/documents/projects/wiki-project/ajpwiki.infrastructure.tests/bin/debug/net8.0/ajpwiki.infrastructure.tests.dll" id="659a3dcf-1a79-2233-a067-8162129feaff">
      <Execution id="76f939b7-9785-43f0-81dd-ef3261ba0aa9" />
      <TestMethod codeBase="/home/anthony/Documents/Projects/wiki-project/AjpWiki.Infrastructure.Tests/bin/Debug/net8.0/AjpWiki.Infrastructure.Tests.dll" adapterTypeName="executor://xunit/VsTestRunner2/netcoreapp" className="AjpWiki.Infrastructure.Tests.Services.NotificationServiceTests" name="SendNotification_ToNonExistentUser_ShouldThrow" />
    </UnitTest>
  </TestDefinitions>
  <TestEntries>
    <TestEntry testId="aac6f4e6-e9ee-3623-5fc7-bae01d07348b" executionId="b2ad73ea-50e0-4113-aa22-92b97a906ac7" testListId="8c84fa94-04c1-424b-9868-57a2d4851a1d" />
    <TestEntry testId="65b06a2e-0045-883a-bdb8-0e202bb57883" executionId="fb917338-3ca2-4fb2-b080-f60fa8318e5f" testListId="8c84fa94-04c1-424b-9868-57a2d4851a1d" />
    <TestEntry testId="579e98bc-3925-5d8c-0d08-849c482f87a5" executionId="f484d93a-5a20-4137-9e6d-39c2a23919cd" testListId="8c84fa94-04c1-424b-9868-57a2d4851a1d" />
    <TestEntry testId="829d49cc-ba2a-3c06-75e2-7c9f2844990b" executionId="0a5daa6a-8b36-408f-a059-3908da4b9f70" testListId="8c84fa94-04c1-424b-9868-57a2d4851a1d" />
    <TestEntry testId="2464fe91-f4a7-7666-8ac9-f2ef2733273b" executionId="9123bdfc-88bf-4b69-b9eb-c4478449fdc4" testListId="8c84fa94-04c1-424b-9868-57a2d4851a1d" />
    <TestEntry testId="659a3dcf-1a79-2233-a067-8162129feaff" executionId="76f939b7-9785-43f0-81dd-ef3261ba0aa9" testListId="8c84fa94-04c1-424b-9868-57a2d4851a1d" />
    <TestEntry testId="ec03d1dc-e709-b350-8870-f1aa6b72f7ba" executionId="fbabb66d-8df0-4893-9bde-48bd8fb8558c" testListId="8c84fa94-04c1-424b-9868-57a2d4851a1d" />
    <TestEntry testId="e12c9dc8-fb78-759a-561a-84826817d3e9" executionId="82f52f11-ae67-471e-98f2-716ffe2fdb87" testListId="8c84fa94-04c1-424b-9868-57a2d4851a1d" />
    <TestEntry testId="75b99837-3df3-3c2d-a4df-800d318fefd6" executionId="3c2685a6-21ad-445c-b2ba-28f99d08f66d" testListId="8c84fa94-04c1-424b-9868-57a2d4851a1d" />
    <TestEntry testId="41a962ac-8d28-4c5d-70ab-a800122fc196" executionId="5480dc35-7074-4c9c-a69e-7f2ec4e8774b" testListId="8c84fa94-04c1-424b-9868-57a2d4851a1d" />
    <TestEntry testId="9ad4d60f-725d-392c-882b-479289b19582" executionId="c13bbb83-42b5-49d3-94eb-199da697397e" testListId="8c84fa94-04c1-424b-9868-57a2d4851a1d" />
    <TestEntry testId="7c6865a0-ca38-02c0-ee6d-865886040b34" executionId="c1a5f784-7979-4364-8aba-11b08056d6d9" testListId="8c84fa94-04c1-424b-9868-57a2d4851a1d" />
    <TestEntry testId="7b4d2c2c-27d8-0432-fd45-8c186adb5db4" executionId="1b6e1574-68a5-4c57-afe9-acab6aee8864" testListId="8c84fa94-04c1-424b-9868-57a2d4851a1d" />
    <TestEntry testId="080c21c6-12b1-0297-ed26-b7957e1e51fb" executionId="a86033aa-c573-4b7a-9444-d813eb00402a" testListId="8c84fa94-04c1-424b-9868-57a2d4851a1d" />
    <TestEntry testId="6b9306d6-8d72-b12e-9e97-2f4a36e08a8c" executionId="d912c236-a436-4aaa-8c62-2949acae4aef" testListId="8c84fa94-04c1-424b-9868-57a2d4851a1d" />
    <TestEntry testId="29145a72-b6cf-aa59-0b0d-fdfc0b6abb40" executionId="b201e0f5-b065-41a9-ad89-3a8a1120a37a" testListId="8c84fa94-04c1-424b-9868-57a2d4851a1d" />
    <TestEntry testId="c7668c6c-521a-f6c8-2723-2ca3cd5461ec" executionId="b0645462-75ae-44e4-8360-f60de0362beb" testListId="8c84fa94-04c1-424b-9868-57a2d4851a1d" />
    <TestEntry testId="e07b0590-d61d-2122-3823-cd2a267e639b" executionId="17bde919-f1f7-407c-8228-7ebe333da320" testListId="8c84fa94-04c1-424b-9868-57a2d4851a1d" />
    <TestEntry testId="184a0665-7a05-ba5b-cbf6-018424b6a526" executionId="502a3bbe-2c25-49e1-a5ce-c01d5e6c1269" testListId="8c84fa94-04c1-424b-9868-57a2d4851a1d" />
    <TestEntry testId="24fbd963-d891-4bb3-7fde-ace492278494" executionId="302225d5-0d7e-45af-a100-0db8c4326292" testListId="8c84fa94-04c1-424b-9868-57a2d4851a1d" />
    <TestEntry testId="6c12ff72-ba1b-9022-81c9-62a5bf887b81" executionId="91b650f7-cae0-4477-a0aa-4bdd10593f9c" testListId="8c84fa94-04c1-424b-9868-57a2d4851a1d" />
    <TestEntry testId="7cded712-b709-1d54-23a3-1002f3498d72" executionId="ab89d218-bb06-44ce-8180-9414bc674600" testListId="8c84fa94-04c1-424b-9868-57a2d4851a1d" />
    <TestEntry testId="57b575df-6cdf-b289-f1aa-86024a0ab935" executionId="e85f6446-c573-4893-b6e2-a01fcf23c2b9" testListId="8c84fa94-04c1-424b-9868-57a2d4851a1d" />
    <TestEntry testId="a5c9d4c9-8bed-5139-85c9-1bd2784f34b3" executionId="1763ddb2-58cd-432d-b8dc-a1dac10c5657" testListId="8c84fa94-04c1-424b-9868-57a2d4851a1d" />
    <TestEntry testId="ca4d2632-d02f-35da-b0aa-0900f00d25ee" executionId="a0048da8-8dab-4b52-8e04-d830769fa114" testListId="8c84fa94-04c1-424b-9868-57a2d4851a1d" />
    <TestEntry testId="3bdc259a-e8fc-2c0d-aeee-d7aee3bbc135" executionId="c1ca2526-f99e-4bb1-b53c-9294be83f267" testListId="8c84fa94-04c1-424b-9868-57a2d4851a1d" />
    <TestEntry testId="4e70f9df-8543-81fd-fd74-eb03225de312" executionId="63229972-6dc3-45dd-bd3c-29a518ae8787" testListId="8c84fa94-04c1-424b-9868-57a2d4851a1d" />
    <TestEntry testId="b22adc2d-076c-d54a-f588-4dade8485188" executionId="5762e095-f651-413b-adac-4ce1f39f2ed3" testListId="8c84fa94-04c1-424b-9868-57a2d4851a1d" />
  </TestEntries>
  <TestLists>
    <TestList name="Results Not in a List" id="8c84fa94-04c1-424b-9868-57a2d4851a1d" />
    <TestList name="All Loaded Results" id="19431567-8539-422a-85d7-44ee4e166bda" />
  </TestLists>
  <ResultSummary outcome="Completed">
    <Counters total="28" executed="28" passed="28" failed="0" error="0" timeout="0" aborted="0" inconclusive="0" passedButRunAborted="0" notRunnable="0" notExecuted="0" disconnected="0" warning="0" completed="0" inProgress="0" pending="0" />
    <Output>
      <StdOut>[xUnit.net 00:00:00.00] xUnit.net VSTest Adapter v2.5.0.1+5ebf84cd75 (64-bit .NET 8.0.19)
[xUnit.net 00:00:00.06]   Discovering: AjpWiki.Infrastructure.Tests
[xUnit.net 00:00:00.08]   Discovered:  AjpWiki.Infrastructure.Tests
[xUnit.net 00:00:00.09]   Starting:    AjpWiki.Infrastructure.Tests
[xUnit.net 00:00:00.69]   Finished:    AjpWiki.Infrastructure.Tests
</StdOut>
    </Output>
  </ResultSummary>
</TestRun>