<?xml version="1.0" encoding="utf-8"?>
<TestRun id="c8283973-75a8-4714-bf17-749994af863e" name="@anthony-System-Product-Name 2025-09-05 18:07:26" xmlns="http://microsoft.com/schemas/VisualStudio/TeamTest/2010">
  <Times creation="2025-09-05T18:07:26.5036601+12:00" queuing="2025-09-05T18:07:26.5036601+12:00" start="2025-09-05T18:07:25.9926254+12:00" finish="2025-09-05T18:07:27.4412190+12:00" />
  <TestSettings name="default" id="55a02f56-f15f-49f4-911d-76d0cf0ec617">
    <Deployment runDeploymentRoot="_anthony-System-Product-Name_2025-09-05_18_07_26" />
  </TestSettings>
  <Results>
    <UnitTestResult executionId="65b87847-97ba-4cb8-9ba6-de75b2be571e" testId="41a962ac-8d28-4c5d-70ab-a800122fc196" testName="AjpWiki.Infrastructure.Tests.Services.UserServiceTests.ResetPassword_ShouldSendResetInstructions" computerName="anthony-System-Product-Name" duration="00:00:00.0000519" startTime="2025-09-05T18:07:27.3810279+12:00" endTime="2025-09-05T18:07:27.3810279+12:00" testType="13cdc9d9-ddb5-4fa4-a97d-d965ccfc6d4b" outcome="Passed" testListId="8c84fa94-04c1-424b-9868-57a2d4851a1d" relativeResultsDirectory="65b87847-97ba-4cb8-9ba6-de75b2be571e" />
    <UnitTestResult executionId="184bf83b-3e68-46a9-9e2d-b0d61ec335c3" testId="ca4d2632-d02f-35da-b0aa-0900f00d25ee" testName="AjpWiki.Infrastructure.Tests.Services.RoleServiceTests.GetAllRoles_ShouldReturnAllRoles" computerName="anthony-System-Product-Name" duration="00:00:00.0020480" startTime="2025-09-05T18:07:26.4676269+12:00" endTime="2025-09-05T18:07:26.4676269+12:00" testType="13cdc9d9-ddb5-4fa4-a97d-d965ccfc6d4b" outcome="Passed" testListId="8c84fa94-04c1-424b-9868-57a2d4851a1d" relativeResultsDirectory="184bf83b-3e68-46a9-9e2d-b0d61ec335c3" />
    <UnitTestResult executionId="d170c671-852e-4340-a613-5fb366d93521" testId="6c12ff72-ba1b-9022-81c9-62a5bf887b81" testName="AjpWiki.Infrastructure.Tests.Services.WikiArticleServiceTests.GetArticlesByTag_ShouldReturnTaggedArticles" computerName="anthony-System-Product-Name" duration="00:00:00.0000619" startTime="2025-09-05T18:07:26.4412554+12:00" endTime="2025-09-05T18:07:26.4412554+12:00" testType="13cdc9d9-ddb5-4fa4-a97d-d965ccfc6d4b" outcome="Passed" testListId="8c84fa94-04c1-424b-9868-57a2d4851a1d" relativeResultsDirectory="d170c671-852e-4340-a613-5fb366d93521" />
    <UnitTestResult executionId="264415b9-59e2-4ed3-9fa7-506c56223a12" testId="cd2e58c9-e992-bd85-79bd-e0edb0da1b44" testName="AjpWiki.Infrastructure.Tests.Services.UserServiceTests.ChangeAvatar_Oversized_ShouldThrow" computerName="anthony-System-Product-Name" duration="00:00:00.0005419" startTime="2025-09-05T18:07:27.3812469+12:00" endTime="2025-09-05T18:07:27.3812470+12:00" testType="13cdc9d9-ddb5-4fa4-a97d-d965ccfc6d4b" outcome="Passed" testListId="8c84fa94-04c1-424b-9868-57a2d4851a1d" relativeResultsDirectory="264415b9-59e2-4ed3-9fa7-506c56223a12" />
    <UnitTestResult executionId="1531bd1e-2992-46c7-af8d-229d1141577e" testId="7c6865a0-ca38-02c0-ee6d-865886040b34" testName="AjpWiki.Infrastructure.Tests.Services.NotificationServiceTests.MarkAsRead_Idempotent_And_MissingIsNoOp" computerName="anthony-System-Product-Name" duration="00:00:00.0120900" startTime="2025-09-05T18:07:26.9855326+12:00" endTime="2025-09-05T18:07:26.9855327+12:00" testType="13cdc9d9-ddb5-4fa4-a97d-d965ccfc6d4b" outcome="Passed" testListId="8c84fa94-04c1-424b-9868-57a2d4851a1d" relativeResultsDirectory="1531bd1e-2992-46c7-af8d-229d1141577e" />
    <UnitTestResult executionId="35412d02-88ce-435a-8dfc-a92af4427575" testId="c7668c6c-521a-f6c8-2723-2ca3cd5461ec" testName="AjpWiki.Infrastructure.Tests.Services.WikiArticleServiceTests.RollbackArticle_ShouldRestorePreviousVersion" computerName="anthony-System-Product-Name" duration="00:00:00.0022636" startTime="2025-09-05T18:07:26.4399572+12:00" endTime="2025-09-05T18:07:26.4399573+12:00" testType="13cdc9d9-ddb5-4fa4-a97d-d965ccfc6d4b" outcome="Passed" testListId="8c84fa94-04c1-424b-9868-57a2d4851a1d" relativeResultsDirectory="35412d02-88ce-435a-8dfc-a92af4427575" />
    <UnitTestResult executionId="9c659eac-d891-4e36-a11d-4a226a4ea6b3" testId="659a3dcf-1a79-2233-a067-8162129feaff" testName="AjpWiki.Infrastructure.Tests.Services.NotificationServiceTests.SendNotification_ToNonExistentUser_ShouldThrow" computerName="anthony-System-Product-Name" duration="00:00:00.0065353" startTime="2025-09-05T18:07:27.0037529+12:00" endTime="2025-09-05T18:07:27.0037530+12:00" testType="13cdc9d9-ddb5-4fa4-a97d-d965ccfc6d4b" outcome="Passed" testListId="8c84fa94-04c1-424b-9868-57a2d4851a1d" relativeResultsDirectory="9c659eac-d891-4e36-a11d-4a226a4ea6b3" />
    <UnitTestResult executionId="b05a791f-fa9f-4d17-ad70-159565c29243" testId="7cded712-b709-1d54-23a3-1002f3498d72" testName="AjpWiki.Infrastructure.Tests.Services.UserServiceTests.ApproveUser_ShouldGrantAccess" computerName="anthony-System-Product-Name" duration="00:00:00.0000518" startTime="2025-09-05T18:07:27.3750318+12:00" endTime="2025-09-05T18:07:27.3750318+12:00" testType="13cdc9d9-ddb5-4fa4-a97d-d965ccfc6d4b" outcome="Passed" testListId="8c84fa94-04c1-424b-9868-57a2d4851a1d" relativeResultsDirectory="b05a791f-fa9f-4d17-ad70-159565c29243" />
    <UnitTestResult executionId="19a8e4fa-f39b-4b98-8971-340ec465f379" testId="ec03d1dc-e709-b350-8870-f1aa6b72f7ba" testName="AjpWiki.Infrastructure.Tests.Services.RoleServiceTests.RemoveRole_ShouldRemoveRoleFromUser" computerName="anthony-System-Product-Name" duration="00:00:00.0022582" startTime="2025-09-05T18:07:26.4371752+12:00" endTime="2025-09-05T18:07:26.4372353+12:00" testType="13cdc9d9-ddb5-4fa4-a97d-d965ccfc6d4b" outcome="Passed" testListId="8c84fa94-04c1-424b-9868-57a2d4851a1d" relativeResultsDirectory="19a8e4fa-f39b-4b98-8971-340ec465f379" />
    <UnitTestResult executionId="1900e952-bd50-4512-99d6-71b62e548399" testId="b91ca886-2868-4647-6df4-def0c644c331" testName="AjpWiki.Infrastructure.Tests.Services.UserServiceTests.EditProfile_NonExistentUser_ShouldNoOp" computerName="anthony-System-Product-Name" duration="00:00:00.0052987" startTime="2025-09-05T18:07:27.3806003+12:00" endTime="2025-09-05T18:07:27.3806004+12:00" testType="13cdc9d9-ddb5-4fa4-a97d-d965ccfc6d4b" outcome="Passed" testListId="8c84fa94-04c1-424b-9868-57a2d4851a1d" relativeResultsDirectory="1900e952-bd50-4512-99d6-71b62e548399" />
    <UnitTestResult executionId="dc06faf9-5970-4f5a-9277-849a73826795" testId="e07b0590-d61d-2122-3823-cd2a267e639b" testName="AjpWiki.Infrastructure.Tests.Services.RoleServiceTests.GetUserRoles_ShouldReturnAllRolesForUser" computerName="anthony-System-Product-Name" duration="00:00:00.0000946" startTime="2025-09-05T18:07:26.9039327+12:00" endTime="2025-09-05T18:07:26.9039328+12:00" testType="13cdc9d9-ddb5-4fa4-a97d-d965ccfc6d4b" outcome="Passed" testListId="8c84fa94-04c1-424b-9868-57a2d4851a1d" relativeResultsDirectory="dc06faf9-5970-4f5a-9277-849a73826795" />
    <UnitTestResult executionId="9bb93686-85eb-4fb9-ad69-64429d90f963" testId="e12c9dc8-fb78-759a-561a-84826817d3e9" testName="AjpWiki.Infrastructure.Tests.Services.UserServiceTests.DeleteAccount_ShouldRemoveUser" computerName="anthony-System-Product-Name" duration="00:00:00.0000422" startTime="2025-09-05T18:07:27.3752600+12:00" endTime="2025-09-05T18:07:27.3752600+12:00" testType="13cdc9d9-ddb5-4fa4-a97d-d965ccfc6d4b" outcome="Passed" testListId="8c84fa94-04c1-424b-9868-57a2d4851a1d" relativeResultsDirectory="9bb93686-85eb-4fb9-ad69-64429d90f963" />
    <UnitTestResult executionId="c7aa3f5c-2b74-481d-a3bb-f814f79662c4" testId="1f738243-c94a-694f-9850-441d884f767a" testName="AjpWiki.Infrastructure.Tests.Services.UserServiceTests.DeleteAccount_ShouldRemoveUserAndNotifications" computerName="anthony-System-Product-Name" duration="00:00:00.0131398" startTime="2025-09-05T18:07:27.3749669+12:00" endTime="2025-09-05T18:07:27.3749670+12:00" testType="13cdc9d9-ddb5-4fa4-a97d-d965ccfc6d4b" outcome="Passed" testListId="8c84fa94-04c1-424b-9868-57a2d4851a1d" relativeResultsDirectory="c7aa3f5c-2b74-481d-a3bb-f814f79662c4" />
    <UnitTestResult executionId="b8a32197-46ae-42d0-9a41-33738222588b" testId="080c21c6-12b1-0297-ed26-b7957e1e51fb" testName="AjpWiki.Infrastructure.Tests.Services.WikiArticleServiceTests.EditArticle_ShouldUpdateArticleContent" computerName="anthony-System-Product-Name" duration="00:00:00.0000645" startTime="2025-09-05T18:07:26.4412909+12:00" endTime="2025-09-05T18:07:26.4412910+12:00" testType="13cdc9d9-ddb5-4fa4-a97d-d965ccfc6d4b" outcome="Passed" testListId="8c84fa94-04c1-424b-9868-57a2d4851a1d" relativeResultsDirectory="b8a32197-46ae-42d0-9a41-33738222588b" />
    <UnitTestResult executionId="bf2fd36d-5655-4622-81f8-7ab7a0573359" testId="6083f26b-d5d6-9c08-5a0d-c62502083135" testName="AjpWiki.Infrastructure.Tests.Services.UserServiceTests.CreateUser_DuplicateEmail_ShouldThrow" computerName="anthony-System-Product-Name" duration="00:00:00.0010429" startTime="2025-09-05T18:07:27.3617885+12:00" endTime="2025-09-05T18:07:27.3617885+12:00" testType="13cdc9d9-ddb5-4fa4-a97d-d965ccfc6d4b" outcome="Passed" testListId="8c84fa94-04c1-424b-9868-57a2d4851a1d" relativeResultsDirectory="bf2fd36d-5655-4622-81f8-7ab7a0573359" />
    <UnitTestResult executionId="ea48c2bb-fdc9-4d2f-830b-19ad2dc5b38f" testId="c9ccaeaf-e936-3fd2-a0f1-0723f5723e84" testName="AjpWiki.Infrastructure.Tests.Services.UserServiceTests.CreateUser_InvalidFields_ShouldThrow" computerName="anthony-System-Product-Name" duration="00:00:00.0003827" startTime="2025-09-05T18:07:27.3817422+12:00" endTime="2025-09-05T18:07:27.3817423+12:00" testType="13cdc9d9-ddb5-4fa4-a97d-d965ccfc6d4b" outcome="Passed" testListId="8c84fa94-04c1-424b-9868-57a2d4851a1d" relativeResultsDirectory="ea48c2bb-fdc9-4d2f-830b-19ad2dc5b38f" />
    <UnitTestResult executionId="4e853de4-861f-4a5d-831a-23f75a015085" testId="6b9306d6-8d72-b12e-9e97-2f4a36e08a8c" testName="AjpWiki.Infrastructure.Tests.Services.WikiArticleServiceTests.CreateArticle_WithDuplicateSlug_ShouldThrow" computerName="anthony-System-Product-Name" duration="00:00:00.5036117" startTime="2025-09-05T18:07:26.9405390+12:00" endTime="2025-09-05T18:07:26.9405390+12:00" testType="13cdc9d9-ddb5-4fa4-a97d-d965ccfc6d4b" outcome="Passed" testListId="8c84fa94-04c1-424b-9868-57a2d4851a1d" relativeResultsDirectory="4e853de4-861f-4a5d-831a-23f75a015085" />
    <UnitTestResult executionId="a2cd0544-7814-4d49-b5e2-9b1af8dff08b" testId="75b99837-3df3-3c2d-a4df-800d318fefd6" testName="AjpWiki.Infrastructure.Tests.Services.NotificationServiceTests.GetNotifications_Pagination_ShouldReturnCorrectPages" computerName="anthony-System-Product-Name" duration="00:00:00.0087172" startTime="2025-09-05T18:07:27.0125025+12:00" endTime="2025-09-05T18:07:27.0125026+12:00" testType="13cdc9d9-ddb5-4fa4-a97d-d965ccfc6d4b" outcome="Passed" testListId="8c84fa94-04c1-424b-9868-57a2d4851a1d" relativeResultsDirectory="a2cd0544-7814-4d49-b5e2-9b1af8dff08b" />
    <UnitTestResult executionId="6a675e94-dc29-4050-940e-486fbdf9759d" testId="9ad4d60f-725d-392c-882b-479289b19582" testName="AjpWiki.Infrastructure.Tests.Services.UserServiceTests.RequestAccess_ShouldSendRequestToAdmin" computerName="anthony-System-Product-Name" duration="00:00:00.0000488" startTime="2025-09-05T18:07:27.3813308+12:00" endTime="2025-09-05T18:07:27.3813309+12:00" testType="13cdc9d9-ddb5-4fa4-a97d-d965ccfc6d4b" outcome="Passed" testListId="8c84fa94-04c1-424b-9868-57a2d4851a1d" relativeResultsDirectory="6a675e94-dc29-4050-940e-486fbdf9759d" />
    <UnitTestResult executionId="3f40a636-975f-41a4-9aac-6dd456cc2c96" testId="03b3e9cc-efc4-38f7-aa77-bc1fcdc6b111" testName="AjpWiki.Infrastructure.Tests.Services.NotificationServiceTests.GetUnreadCount_And_MarkAllAsRead_Works" computerName="anthony-System-Product-Name" duration="00:00:00.0342348" startTime="2025-09-05T18:07:26.9733975+12:00" endTime="2025-09-05T18:07:26.9733976+12:00" testType="13cdc9d9-ddb5-4fa4-a97d-d965ccfc6d4b" outcome="Passed" testListId="8c84fa94-04c1-424b-9868-57a2d4851a1d" relativeResultsDirectory="3f40a636-975f-41a4-9aac-6dd456cc2c96" />
    <UnitTestResult executionId="5f3e7561-6531-45e6-8f08-c7483156c92d" testId="a5c9d4c9-8bed-5139-85c9-1bd2784f34b3" testName="AjpWiki.Infrastructure.Tests.Services.UserServiceTests.EditProfile_ShouldUpdateUserProfile" computerName="anthony-System-Product-Name" duration="00:00:00.0000453" startTime="2025-09-05T18:07:27.3751166+12:00" endTime="2025-09-05T18:07:27.3751166+12:00" testType="13cdc9d9-ddb5-4fa4-a97d-d965ccfc6d4b" outcome="Passed" testListId="8c84fa94-04c1-424b-9868-57a2d4851a1d" relativeResultsDirectory="5f3e7561-6531-45e6-8f08-c7483156c92d" />
    <UnitTestResult executionId="560c199d-605f-43ae-a97d-430cc8dcaa7e" testId="579e98bc-3925-5d8c-0d08-849c482f87a5" testName="AjpWiki.Infrastructure.Tests.Services.WikiArticleServiceTests.SearchArticles_ShouldReturnMatchingArticles" computerName="anthony-System-Product-Name" duration="00:00:00.0000800" startTime="2025-09-05T18:07:26.4412211+12:00" endTime="2025-09-05T18:07:26.4412211+12:00" testType="13cdc9d9-ddb5-4fa4-a97d-d965ccfc6d4b" outcome="Passed" testListId="8c84fa94-04c1-424b-9868-57a2d4851a1d" relativeResultsDirectory="560c199d-605f-43ae-a97d-430cc8dcaa7e" />
    <UnitTestResult executionId="a28e4c79-648a-4cd6-af99-e0423b241a81" testId="7b4d2c2c-27d8-0432-fd45-8c186adb5db4" testName="AjpWiki.Infrastructure.Tests.Services.WikiArticleServiceTests.CreateArticle_ShouldAddNewArticle" computerName="anthony-System-Product-Name" duration="00:00:00.0246485" startTime="2025-09-05T18:07:26.9654631+12:00" endTime="2025-09-05T18:07:26.9654632+12:00" testType="13cdc9d9-ddb5-4fa4-a97d-d965ccfc6d4b" outcome="Passed" testListId="8c84fa94-04c1-424b-9868-57a2d4851a1d" relativeResultsDirectory="a28e4c79-648a-4cd6-af99-e0423b241a81" />
    <UnitTestResult executionId="c1491df5-a747-45e5-ae08-d2405eaed660" testId="4e70f9df-8543-81fd-fd74-eb03225de312" testName="AjpWiki.Infrastructure.Tests.Services.UserServiceTests.RejectUser_ShouldDenyAccess" computerName="anthony-System-Product-Name" duration="00:00:00.0000418" startTime="2025-09-05T18:07:27.3751849+12:00" endTime="2025-09-05T18:07:27.3751850+12:00" testType="13cdc9d9-ddb5-4fa4-a97d-d965ccfc6d4b" outcome="Passed" testListId="8c84fa94-04c1-424b-9868-57a2d4851a1d" relativeResultsDirectory="c1491df5-a747-45e5-ae08-d2405eaed660" />
    <UnitTestResult executionId="24ad7926-1b81-4f23-b31e-12797d31bbd7" testId="829d49cc-ba2a-3c06-75e2-7c9f2844990b" testName="AjpWiki.Infrastructure.Tests.Services.NotificationServiceTests.GetNotifications_ShouldReturnAllUserNotifications" computerName="anthony-System-Product-Name" duration="00:00:00.0115951" startTime="2025-09-05T18:07:26.9971760+12:00" endTime="2025-09-05T18:07:26.9971760+12:00" testType="13cdc9d9-ddb5-4fa4-a97d-d965ccfc6d4b" outcome="Passed" testListId="8c84fa94-04c1-424b-9868-57a2d4851a1d" relativeResultsDirectory="24ad7926-1b81-4f23-b31e-12797d31bbd7" />
    <UnitTestResult executionId="6d7d4fb4-0dbf-42ed-b376-434875e0edbe" testId="65b06a2e-0045-883a-bdb8-0e202bb57883" testName="AjpWiki.Infrastructure.Tests.Services.WikiArticleServiceTests.ReviewChange_ShouldAcceptOrRejectChange" computerName="anthony-System-Product-Name" duration="00:00:00.0000719" startTime="2025-09-05T18:07:26.9419042+12:00" endTime="2025-09-05T18:07:26.9419042+12:00" testType="13cdc9d9-ddb5-4fa4-a97d-d965ccfc6d4b" outcome="Passed" testListId="8c84fa94-04c1-424b-9868-57a2d4851a1d" relativeResultsDirectory="6d7d4fb4-0dbf-42ed-b376-434875e0edbe" />
    <UnitTestResult executionId="45c51b77-5893-4aa9-8e0c-7d61bae01b4f" testId="184a0665-7a05-ba5b-cbf6-018424b6a526" testName="AjpWiki.Infrastructure.Tests.Services.WikiArticleServiceTests.ProposeChange_ShouldCreateChangeRequest" computerName="anthony-System-Product-Name" duration="00:00:00.0000491" startTime="2025-09-05T18:07:26.9655428+12:00" endTime="2025-09-05T18:07:26.9655428+12:00" testType="13cdc9d9-ddb5-4fa4-a97d-d965ccfc6d4b" outcome="Passed" testListId="8c84fa94-04c1-424b-9868-57a2d4851a1d" relativeResultsDirectory="45c51b77-5893-4aa9-8e0c-7d61bae01b4f" />
    <UnitTestResult executionId="377e2df4-53e8-407a-81b4-c73a52df42ea" testId="2464fe91-f4a7-7666-8ac9-f2ef2733273b" testName="AjpWiki.Infrastructure.Tests.Services.RoleServiceTests.AssignRole_ShouldAddRoleToUser" computerName="anthony-System-Product-Name" duration="00:00:00.4651481" startTime="2025-09-05T18:07:26.9038086+12:00" endTime="2025-09-05T18:07:26.9038088+12:00" testType="13cdc9d9-ddb5-4fa4-a97d-d965ccfc6d4b" outcome="Passed" testListId="8c84fa94-04c1-424b-9868-57a2d4851a1d" relativeResultsDirectory="377e2df4-53e8-407a-81b4-c73a52df42ea" />
    <UnitTestResult executionId="be377a55-4edf-4f62-942b-8e79faaac04a" testId="57b575df-6cdf-b289-f1aa-86024a0ab935" testName="AjpWiki.Infrastructure.Tests.Services.WikiArticleServiceTests.AddComponent_ShouldAddComponentToArticle" computerName="anthony-System-Product-Name" duration="00:00:00.0000357" startTime="2025-09-05T18:07:26.9419528+12:00" endTime="2025-09-05T18:07:26.9419528+12:00" testType="13cdc9d9-ddb5-4fa4-a97d-d965ccfc6d4b" outcome="Passed" testListId="8c84fa94-04c1-424b-9868-57a2d4851a1d" relativeResultsDirectory="be377a55-4edf-4f62-942b-8e79faaac04a" />
    <UnitTestResult executionId="6a7ecbee-31c2-43b9-acc0-f460975531c9" testId="5ab7700d-ced0-1c36-3e73-eab5297f49c5" testName="AjpWiki.Infrastructure.Tests.Services.UserServiceTests.CreateUser_ConcurrentDuplicateEmail_ShouldEnforceUniqueness" computerName="anthony-System-Product-Name" duration="00:00:00.4209222" startTime="2025-09-05T18:07:27.3607041+12:00" endTime="2025-09-05T18:07:27.3607043+12:00" testType="13cdc9d9-ddb5-4fa4-a97d-d965ccfc6d4b" outcome="Passed" testListId="8c84fa94-04c1-424b-9868-57a2d4851a1d" relativeResultsDirectory="6a7ecbee-31c2-43b9-acc0-f460975531c9" />
    <UnitTestResult executionId="86fb2be8-0140-44aa-9f30-949ea5f5af5f" testId="29145a72-b6cf-aa59-0b0d-fdfc0b6abb40" testName="AjpWiki.Infrastructure.Tests.Services.WikiArticleServiceTests.EditArticle_ShouldCreateNewVersion" computerName="anthony-System-Product-Name" duration="00:00:00.0000434" startTime="2025-09-05T18:07:26.4674354+12:00" endTime="2025-09-05T18:07:26.4674355+12:00" testType="13cdc9d9-ddb5-4fa4-a97d-d965ccfc6d4b" outcome="Passed" testListId="8c84fa94-04c1-424b-9868-57a2d4851a1d" relativeResultsDirectory="86fb2be8-0140-44aa-9f30-949ea5f5af5f" />
    <UnitTestResult executionId="d51685e8-6bc2-4f27-a12e-2bb177709bfe" testId="aac6f4e6-e9ee-3623-5fc7-bae01d07348b" testName="AjpWiki.Infrastructure.Tests.Services.WikiArticleServiceTests.GetArticleHistory_ShouldReturnAllVersions" computerName="anthony-System-Product-Name" duration="00:00:00.0000410" startTime="2025-09-05T18:07:26.9419314+12:00" endTime="2025-09-05T18:07:26.9419314+12:00" testType="13cdc9d9-ddb5-4fa4-a97d-d965ccfc6d4b" outcome="Passed" testListId="8c84fa94-04c1-424b-9868-57a2d4851a1d" relativeResultsDirectory="d51685e8-6bc2-4f27-a12e-2bb177709bfe" />
    <UnitTestResult executionId="6a4d928c-649b-4152-bd5e-c4013d45d3c4" testId="24fbd963-d891-4bb3-7fde-ace492278494" testName="AjpWiki.Infrastructure.Tests.Services.UserServiceTests.CreateUser_ShouldCreateNewUser" computerName="anthony-System-Product-Name" duration="00:00:00.5031753" startTime="2025-09-05T18:07:26.9397076+12:00" endTime="2025-09-05T18:07:26.9397077+12:00" testType="13cdc9d9-ddb5-4fa4-a97d-d965ccfc6d4b" outcome="Passed" testListId="8c84fa94-04c1-424b-9868-57a2d4851a1d" relativeResultsDirectory="6a4d928c-649b-4152-bd5e-c4013d45d3c4" />
    <UnitTestResult executionId="6419e01c-748e-477c-9c6f-bc11013a5837" testId="3bdc259a-e8fc-2c0d-aeee-d7aee3bbc135" testName="AjpWiki.Infrastructure.Tests.Services.UserServiceTests.ChangeAvatar_ShouldUpdateUserAvatar" computerName="anthony-System-Product-Name" duration="00:00:00.0022800" startTime="2025-09-05T18:07:26.4402465+12:00" endTime="2025-09-05T18:07:26.4402465+12:00" testType="13cdc9d9-ddb5-4fa4-a97d-d965ccfc6d4b" outcome="Passed" testListId="8c84fa94-04c1-424b-9868-57a2d4851a1d" relativeResultsDirectory="6419e01c-748e-477c-9c6f-bc11013a5837" />
    <UnitTestResult executionId="fadadb0a-cc15-4787-b5bb-b3ac84d7640c" testId="b22adc2d-076c-d54a-f588-4dade8485188" testName="AjpWiki.Infrastructure.Tests.Services.NotificationServiceTests.SendNotification_ShouldDeliverMessageToUser" computerName="anthony-System-Product-Name" duration="00:00:00.5080460" startTime="2025-09-05T18:07:26.9391161+12:00" endTime="2025-09-05T18:07:26.9391162+12:00" testType="13cdc9d9-ddb5-4fa4-a97d-d965ccfc6d4b" outcome="Passed" testListId="8c84fa94-04c1-424b-9868-57a2d4851a1d" relativeResultsDirectory="fadadb0a-cc15-4787-b5bb-b3ac84d7640c" />
  </Results>
  <TestDefinitions>
    <UnitTest name="AjpWiki.Infrastructure.Tests.Services.UserServiceTests.ResetPassword_ShouldSendResetInstructions" storage="/home/anthony/documents/projects/wiki-project/ajpwiki.infrastructure.tests/bin/debug/net8.0/ajpwiki.infrastructure.tests.dll" id="41a962ac-8d28-4c5d-70ab-a800122fc196">
      <Execution id="65b87847-97ba-4cb8-9ba6-de75b2be571e" />
      <TestMethod codeBase="/home/anthony/Documents/Projects/wiki-project/AjpWiki.Infrastructure.Tests/bin/Debug/net8.0/AjpWiki.Infrastructure.Tests.dll" adapterTypeName="executor://xunit/VsTestRunner2/netcoreapp" className="AjpWiki.Infrastructure.Tests.Services.UserServiceTests" name="ResetPassword_ShouldSendResetInstructions" />
    </UnitTest>
    <UnitTest name="AjpWiki.Infrastructure.Tests.Services.UserServiceTests.CreateUser_InvalidFields_ShouldThrow" storage="/home/anthony/documents/projects/wiki-project/ajpwiki.infrastructure.tests/bin/debug/net8.0/ajpwiki.infrastructure.tests.dll" id="c9ccaeaf-e936-3fd2-a0f1-0723f5723e84">
      <Execution id="ea48c2bb-fdc9-4d2f-830b-19ad2dc5b38f" />
      <TestMethod codeBase="/home/anthony/Documents/Projects/wiki-project/AjpWiki.Infrastructure.Tests/bin/Debug/net8.0/AjpWiki.Infrastructure.Tests.dll" adapterTypeName="executor://xunit/VsTestRunner2/netcoreapp" className="AjpWiki.Infrastructure.Tests.Services.UserServiceTests" name="CreateUser_InvalidFields_ShouldThrow" />
    </UnitTest>
    <UnitTest name="AjpWiki.Infrastructure.Tests.Services.RoleServiceTests.GetAllRoles_ShouldReturnAllRoles" storage="/home/anthony/documents/projects/wiki-project/ajpwiki.infrastructure.tests/bin/debug/net8.0/ajpwiki.infrastructure.tests.dll" id="ca4d2632-d02f-35da-b0aa-0900f00d25ee">
      <Execution id="184bf83b-3e68-46a9-9e2d-b0d61ec335c3" />
      <TestMethod codeBase="/home/anthony/Documents/Projects/wiki-project/AjpWiki.Infrastructure.Tests/bin/Debug/net8.0/AjpWiki.Infrastructure.Tests.dll" adapterTypeName="executor://xunit/VsTestRunner2/netcoreapp" className="AjpWiki.Infrastructure.Tests.Services.RoleServiceTests" name="GetAllRoles_ShouldReturnAllRoles" />
    </UnitTest>
    <UnitTest name="AjpWiki.Infrastructure.Tests.Services.UserServiceTests.ChangeAvatar_Oversized_ShouldThrow" storage="/home/anthony/documents/projects/wiki-project/ajpwiki.infrastructure.tests/bin/debug/net8.0/ajpwiki.infrastructure.tests.dll" id="cd2e58c9-e992-bd85-79bd-e0edb0da1b44">
      <Execution id="264415b9-59e2-4ed3-9fa7-506c56223a12" />
      <TestMethod codeBase="/home/anthony/Documents/Projects/wiki-project/AjpWiki.Infrastructure.Tests/bin/Debug/net8.0/AjpWiki.Infrastructure.Tests.dll" adapterTypeName="executor://xunit/VsTestRunner2/netcoreapp" className="AjpWiki.Infrastructure.Tests.Services.UserServiceTests" name="ChangeAvatar_Oversized_ShouldThrow" />
    </UnitTest>
    <UnitTest name="AjpWiki.Infrastructure.Tests.Services.RoleServiceTests.AssignRole_ShouldAddRoleToUser" storage="/home/anthony/documents/projects/wiki-project/ajpwiki.infrastructure.tests/bin/debug/net8.0/ajpwiki.infrastructure.tests.dll" id="2464fe91-f4a7-7666-8ac9-f2ef2733273b">
      <Execution id="377e2df4-53e8-407a-81b4-c73a52df42ea" />
      <TestMethod codeBase="/home/anthony/Documents/Projects/wiki-project/AjpWiki.Infrastructure.Tests/bin/Debug/net8.0/AjpWiki.Infrastructure.Tests.dll" adapterTypeName="executor://xunit/VsTestRunner2/netcoreapp" className="AjpWiki.Infrastructure.Tests.Services.RoleServiceTests" name="AssignRole_ShouldAddRoleToUser" />
    </UnitTest>
    <UnitTest name="AjpWiki.Infrastructure.Tests.Services.WikiArticleServiceTests.CreateArticle_ShouldAddNewArticle" storage="/home/anthony/documents/projects/wiki-project/ajpwiki.infrastructure.tests/bin/debug/net8.0/ajpwiki.infrastructure.tests.dll" id="7b4d2c2c-27d8-0432-fd45-8c186adb5db4">
      <Execution id="a28e4c79-648a-4cd6-af99-e0423b241a81" />
      <TestMethod codeBase="/home/anthony/Documents/Projects/wiki-project/AjpWiki.Infrastructure.Tests/bin/Debug/net8.0/AjpWiki.Infrastructure.Tests.dll" adapterTypeName="executor://xunit/VsTestRunner2/netcoreapp" className="AjpWiki.Infrastructure.Tests.Services.WikiArticleServiceTests" name="CreateArticle_ShouldAddNewArticle" />
    </UnitTest>
    <UnitTest name="AjpWiki.Infrastructure.Tests.Services.UserServiceTests.CreateUser_DuplicateEmail_ShouldThrow" storage="/home/anthony/documents/projects/wiki-project/ajpwiki.infrastructure.tests/bin/debug/net8.0/ajpwiki.infrastructure.tests.dll" id="6083f26b-d5d6-9c08-5a0d-c62502083135">
      <Execution id="bf2fd36d-5655-4622-81f8-7ab7a0573359" />
      <TestMethod codeBase="/home/anthony/Documents/Projects/wiki-project/AjpWiki.Infrastructure.Tests/bin/Debug/net8.0/AjpWiki.Infrastructure.Tests.dll" adapterTypeName="executor://xunit/VsTestRunner2/netcoreapp" className="AjpWiki.Infrastructure.Tests.Services.UserServiceTests" name="CreateUser_DuplicateEmail_ShouldThrow" />
    </UnitTest>
    <UnitTest name="AjpWiki.Infrastructure.Tests.Services.NotificationServiceTests.GetNotifications_ShouldReturnAllUserNotifications" storage="/home/anthony/documents/projects/wiki-project/ajpwiki.infrastructure.tests/bin/debug/net8.0/ajpwiki.infrastructure.tests.dll" id="829d49cc-ba2a-3c06-75e2-7c9f2844990b">
      <Execution id="24ad7926-1b81-4f23-b31e-12797d31bbd7" />
      <TestMethod codeBase="/home/anthony/Documents/Projects/wiki-project/AjpWiki.Infrastructure.Tests/bin/Debug/net8.0/AjpWiki.Infrastructure.Tests.dll" adapterTypeName="executor://xunit/VsTestRunner2/netcoreapp" className="AjpWiki.Infrastructure.Tests.Services.NotificationServiceTests" name="GetNotifications_ShouldReturnAllUserNotifications" />
    </UnitTest>
    <UnitTest name="AjpWiki.Infrastructure.Tests.Services.UserServiceTests.RejectUser_ShouldDenyAccess" storage="/home/anthony/documents/projects/wiki-project/ajpwiki.infrastructure.tests/bin/debug/net8.0/ajpwiki.infrastructure.tests.dll" id="4e70f9df-8543-81fd-fd74-eb03225de312">
      <Execution id="c1491df5-a747-45e5-ae08-d2405eaed660" />
      <TestMethod codeBase="/home/anthony/Documents/Projects/wiki-project/AjpWiki.Infrastructure.Tests/bin/Debug/net8.0/AjpWiki.Infrastructure.Tests.dll" adapterTypeName="executor://xunit/VsTestRunner2/netcoreapp" className="AjpWiki.Infrastructure.Tests.Services.UserServiceTests" name="RejectUser_ShouldDenyAccess" />
    </UnitTest>
    <UnitTest name="AjpWiki.Infrastructure.Tests.Services.WikiArticleServiceTests.GetArticlesByTag_ShouldReturnTaggedArticles" storage="/home/anthony/documents/projects/wiki-project/ajpwiki.infrastructure.tests/bin/debug/net8.0/ajpwiki.infrastructure.tests.dll" id="6c12ff72-ba1b-9022-81c9-62a5bf887b81">
      <Execution id="d170c671-852e-4340-a613-5fb366d93521" />
      <TestMethod codeBase="/home/anthony/Documents/Projects/wiki-project/AjpWiki.Infrastructure.Tests/bin/Debug/net8.0/AjpWiki.Infrastructure.Tests.dll" adapterTypeName="executor://xunit/VsTestRunner2/netcoreapp" className="AjpWiki.Infrastructure.Tests.Services.WikiArticleServiceTests" name="GetArticlesByTag_ShouldReturnTaggedArticles" />
    </UnitTest>
    <UnitTest name="AjpWiki.Infrastructure.Tests.Services.UserServiceTests.CreateUser_ShouldCreateNewUser" storage="/home/anthony/documents/projects/wiki-project/ajpwiki.infrastructure.tests/bin/debug/net8.0/ajpwiki.infrastructure.tests.dll" id="24fbd963-d891-4bb3-7fde-ace492278494">
      <Execution id="6a4d928c-649b-4152-bd5e-c4013d45d3c4" />
      <TestMethod codeBase="/home/anthony/Documents/Projects/wiki-project/AjpWiki.Infrastructure.Tests/bin/Debug/net8.0/AjpWiki.Infrastructure.Tests.dll" adapterTypeName="executor://xunit/VsTestRunner2/netcoreapp" className="AjpWiki.Infrastructure.Tests.Services.UserServiceTests" name="CreateUser_ShouldCreateNewUser" />
    </UnitTest>
    <UnitTest name="AjpWiki.Infrastructure.Tests.Services.WikiArticleServiceTests.AddComponent_ShouldAddComponentToArticle" storage="/home/anthony/documents/projects/wiki-project/ajpwiki.infrastructure.tests/bin/debug/net8.0/ajpwiki.infrastructure.tests.dll" id="57b575df-6cdf-b289-f1aa-86024a0ab935">
      <Execution id="be377a55-4edf-4f62-942b-8e79faaac04a" />
      <TestMethod codeBase="/home/anthony/Documents/Projects/wiki-project/AjpWiki.Infrastructure.Tests/bin/Debug/net8.0/AjpWiki.Infrastructure.Tests.dll" adapterTypeName="executor://xunit/VsTestRunner2/netcoreapp" className="AjpWiki.Infrastructure.Tests.Services.WikiArticleServiceTests" name="AddComponent_ShouldAddComponentToArticle" />
    </UnitTest>
    <UnitTest name="AjpWiki.Infrastructure.Tests.Services.UserServiceTests.DeleteAccount_ShouldRemoveUser" storage="/home/anthony/documents/projects/wiki-project/ajpwiki.infrastructure.tests/bin/debug/net8.0/ajpwiki.infrastructure.tests.dll" id="e12c9dc8-fb78-759a-561a-84826817d3e9">
      <Execution id="9bb93686-85eb-4fb9-ad69-64429d90f963" />
      <TestMethod codeBase="/home/anthony/Documents/Projects/wiki-project/AjpWiki.Infrastructure.Tests/bin/Debug/net8.0/AjpWiki.Infrastructure.Tests.dll" adapterTypeName="executor://xunit/VsTestRunner2/netcoreapp" className="AjpWiki.Infrastructure.Tests.Services.UserServiceTests" name="DeleteAccount_ShouldRemoveUser" />
    </UnitTest>
    <UnitTest name="AjpWiki.Infrastructure.Tests.Services.RoleServiceTests.GetUserRoles_ShouldReturnAllRolesForUser" storage="/home/anthony/documents/projects/wiki-project/ajpwiki.infrastructure.tests/bin/debug/net8.0/ajpwiki.infrastructure.tests.dll" id="e07b0590-d61d-2122-3823-cd2a267e639b">
      <Execution id="dc06faf9-5970-4f5a-9277-849a73826795" />
      <TestMethod codeBase="/home/anthony/Documents/Projects/wiki-project/AjpWiki.Infrastructure.Tests/bin/Debug/net8.0/AjpWiki.Infrastructure.Tests.dll" adapterTypeName="executor://xunit/VsTestRunner2/netcoreapp" className="AjpWiki.Infrastructure.Tests.Services.RoleServiceTests" name="GetUserRoles_ShouldReturnAllRolesForUser" />
    </UnitTest>
    <UnitTest name="AjpWiki.Infrastructure.Tests.Services.WikiArticleServiceTests.EditArticle_ShouldUpdateArticleContent" storage="/home/anthony/documents/projects/wiki-project/ajpwiki.infrastructure.tests/bin/debug/net8.0/ajpwiki.infrastructure.tests.dll" id="080c21c6-12b1-0297-ed26-b7957e1e51fb">
      <Execution id="b8a32197-46ae-42d0-9a41-33738222588b" />
      <TestMethod codeBase="/home/anthony/Documents/Projects/wiki-project/AjpWiki.Infrastructure.Tests/bin/Debug/net8.0/AjpWiki.Infrastructure.Tests.dll" adapterTypeName="executor://xunit/VsTestRunner2/netcoreapp" className="AjpWiki.Infrastructure.Tests.Services.WikiArticleServiceTests" name="EditArticle_ShouldUpdateArticleContent" />
    </UnitTest>
    <UnitTest name="AjpWiki.Infrastructure.Tests.Services.NotificationServiceTests.GetUnreadCount_And_MarkAllAsRead_Works" storage="/home/anthony/documents/projects/wiki-project/ajpwiki.infrastructure.tests/bin/debug/net8.0/ajpwiki.infrastructure.tests.dll" id="03b3e9cc-efc4-38f7-aa77-bc1fcdc6b111">
      <Execution id="3f40a636-975f-41a4-9aac-6dd456cc2c96" />
      <TestMethod codeBase="/home/anthony/Documents/Projects/wiki-project/AjpWiki.Infrastructure.Tests/bin/Debug/net8.0/AjpWiki.Infrastructure.Tests.dll" adapterTypeName="executor://xunit/VsTestRunner2/netcoreapp" className="AjpWiki.Infrastructure.Tests.Services.NotificationServiceTests" name="GetUnreadCount_And_MarkAllAsRead_Works" />
    </UnitTest>
    <UnitTest name="AjpWiki.Infrastructure.Tests.Services.UserServiceTests.RequestAccess_ShouldSendRequestToAdmin" storage="/home/anthony/documents/projects/wiki-project/ajpwiki.infrastructure.tests/bin/debug/net8.0/ajpwiki.infrastructure.tests.dll" id="9ad4d60f-725d-392c-882b-479289b19582">
      <Execution id="6a675e94-dc29-4050-940e-486fbdf9759d" />
      <TestMethod codeBase="/home/anthony/Documents/Projects/wiki-project/AjpWiki.Infrastructure.Tests/bin/Debug/net8.0/AjpWiki.Infrastructure.Tests.dll" adapterTypeName="executor://xunit/VsTestRunner2/netcoreapp" className="AjpWiki.Infrastructure.Tests.Services.UserServiceTests" name="RequestAccess_ShouldSendRequestToAdmin" />
    </UnitTest>
    <UnitTest name="AjpWiki.Infrastructure.Tests.Services.WikiArticleServiceTests.CreateArticle_WithDuplicateSlug_ShouldThrow" storage="/home/anthony/documents/projects/wiki-project/ajpwiki.infrastructure.tests/bin/debug/net8.0/ajpwiki.infrastructure.tests.dll" id="6b9306d6-8d72-b12e-9e97-2f4a36e08a8c">
      <Execution id="4e853de4-861f-4a5d-831a-23f75a015085" />
      <TestMethod codeBase="/home/anthony/Documents/Projects/wiki-project/AjpWiki.Infrastructure.Tests/bin/Debug/net8.0/AjpWiki.Infrastructure.Tests.dll" adapterTypeName="executor://xunit/VsTestRunner2/netcoreapp" className="AjpWiki.Infrastructure.Tests.Services.WikiArticleServiceTests" name="CreateArticle_WithDuplicateSlug_ShouldThrow" />
    </UnitTest>
    <UnitTest name="AjpWiki.Infrastructure.Tests.Services.WikiArticleServiceTests.EditArticle_ShouldCreateNewVersion" storage="/home/anthony/documents/projects/wiki-project/ajpwiki.infrastructure.tests/bin/debug/net8.0/ajpwiki.infrastructure.tests.dll" id="29145a72-b6cf-aa59-0b0d-fdfc0b6abb40">
      <Execution id="86fb2be8-0140-44aa-9f30-949ea5f5af5f" />
      <TestMethod codeBase="/home/anthony/Documents/Projects/wiki-project/AjpWiki.Infrastructure.Tests/bin/Debug/net8.0/AjpWiki.Infrastructure.Tests.dll" adapterTypeName="executor://xunit/VsTestRunner2/netcoreapp" className="AjpWiki.Infrastructure.Tests.Services.WikiArticleServiceTests" name="EditArticle_ShouldCreateNewVersion" />
    </UnitTest>
    <UnitTest name="AjpWiki.Infrastructure.Tests.Services.WikiArticleServiceTests.ReviewChange_ShouldAcceptOrRejectChange" storage="/home/anthony/documents/projects/wiki-project/ajpwiki.infrastructure.tests/bin/debug/net8.0/ajpwiki.infrastructure.tests.dll" id="65b06a2e-0045-883a-bdb8-0e202bb57883">
      <Execution id="6d7d4fb4-0dbf-42ed-b376-434875e0edbe" />
      <TestMethod codeBase="/home/anthony/Documents/Projects/wiki-project/AjpWiki.Infrastructure.Tests/bin/Debug/net8.0/AjpWiki.Infrastructure.Tests.dll" adapterTypeName="executor://xunit/VsTestRunner2/netcoreapp" className="AjpWiki.Infrastructure.Tests.Services.WikiArticleServiceTests" name="ReviewChange_ShouldAcceptOrRejectChange" />
    </UnitTest>
    <UnitTest name="AjpWiki.Infrastructure.Tests.Services.WikiArticleServiceTests.RollbackArticle_ShouldRestorePreviousVersion" storage="/home/anthony/documents/projects/wiki-project/ajpwiki.infrastructure.tests/bin/debug/net8.0/ajpwiki.infrastructure.tests.dll" id="c7668c6c-521a-f6c8-2723-2ca3cd5461ec">
      <Execution id="35412d02-88ce-435a-8dfc-a92af4427575" />
      <TestMethod codeBase="/home/anthony/Documents/Projects/wiki-project/AjpWiki.Infrastructure.Tests/bin/Debug/net8.0/AjpWiki.Infrastructure.Tests.dll" adapterTypeName="executor://xunit/VsTestRunner2/netcoreapp" className="AjpWiki.Infrastructure.Tests.Services.WikiArticleServiceTests" name="RollbackArticle_ShouldRestorePreviousVersion" />
    </UnitTest>
    <UnitTest name="AjpWiki.Infrastructure.Tests.Services.UserServiceTests.EditProfile_NonExistentUser_ShouldNoOp" storage="/home/anthony/documents/projects/wiki-project/ajpwiki.infrastructure.tests/bin/debug/net8.0/ajpwiki.infrastructure.tests.dll" id="b91ca886-2868-4647-6df4-def0c644c331">
      <Execution id="1900e952-bd50-4512-99d6-71b62e548399" />
      <TestMethod codeBase="/home/anthony/Documents/Projects/wiki-project/AjpWiki.Infrastructure.Tests/bin/Debug/net8.0/AjpWiki.Infrastructure.Tests.dll" adapterTypeName="executor://xunit/VsTestRunner2/netcoreapp" className="AjpWiki.Infrastructure.Tests.Services.UserServiceTests" name="EditProfile_NonExistentUser_ShouldNoOp" />
    </UnitTest>
    <UnitTest name="AjpWiki.Infrastructure.Tests.Services.UserServiceTests.ChangeAvatar_ShouldUpdateUserAvatar" storage="/home/anthony/documents/projects/wiki-project/ajpwiki.infrastructure.tests/bin/debug/net8.0/ajpwiki.infrastructure.tests.dll" id="3bdc259a-e8fc-2c0d-aeee-d7aee3bbc135">
      <Execution id="6419e01c-748e-477c-9c6f-bc11013a5837" />
      <TestMethod codeBase="/home/anthony/Documents/Projects/wiki-project/AjpWiki.Infrastructure.Tests/bin/Debug/net8.0/AjpWiki.Infrastructure.Tests.dll" adapterTypeName="executor://xunit/VsTestRunner2/netcoreapp" className="AjpWiki.Infrastructure.Tests.Services.UserServiceTests" name="ChangeAvatar_ShouldUpdateUserAvatar" />
    </UnitTest>
    <UnitTest name="AjpWiki.Infrastructure.Tests.Services.UserServiceTests.DeleteAccount_ShouldRemoveUserAndNotifications" storage="/home/anthony/documents/projects/wiki-project/ajpwiki.infrastructure.tests/bin/debug/net8.0/ajpwiki.infrastructure.tests.dll" id="1f738243-c94a-694f-9850-441d884f767a">
      <Execution id="c7aa3f5c-2b74-481d-a3bb-f814f79662c4" />
      <TestMethod codeBase="/home/anthony/Documents/Projects/wiki-project/AjpWiki.Infrastructure.Tests/bin/Debug/net8.0/AjpWiki.Infrastructure.Tests.dll" adapterTypeName="executor://xunit/VsTestRunner2/netcoreapp" className="AjpWiki.Infrastructure.Tests.Services.UserServiceTests" name="DeleteAccount_ShouldRemoveUserAndNotifications" />
    </UnitTest>
    <UnitTest name="AjpWiki.Infrastructure.Tests.Services.NotificationServiceTests.GetNotifications_Pagination_ShouldReturnCorrectPages" storage="/home/anthony/documents/projects/wiki-project/ajpwiki.infrastructure.tests/bin/debug/net8.0/ajpwiki.infrastructure.tests.dll" id="75b99837-3df3-3c2d-a4df-800d318fefd6">
      <Execution id="a2cd0544-7814-4d49-b5e2-9b1af8dff08b" />
      <TestMethod codeBase="/home/anthony/Documents/Projects/wiki-project/AjpWiki.Infrastructure.Tests/bin/Debug/net8.0/AjpWiki.Infrastructure.Tests.dll" adapterTypeName="executor://xunit/VsTestRunner2/netcoreapp" className="AjpWiki.Infrastructure.Tests.Services.NotificationServiceTests" name="GetNotifications_Pagination_ShouldReturnCorrectPages" />
    </UnitTest>
    <UnitTest name="AjpWiki.Infrastructure.Tests.Services.NotificationServiceTests.SendNotification_ShouldDeliverMessageToUser" storage="/home/anthony/documents/projects/wiki-project/ajpwiki.infrastructure.tests/bin/debug/net8.0/ajpwiki.infrastructure.tests.dll" id="b22adc2d-076c-d54a-f588-4dade8485188">
      <Execution id="fadadb0a-cc15-4787-b5bb-b3ac84d7640c" />
      <TestMethod codeBase="/home/anthony/Documents/Projects/wiki-project/AjpWiki.Infrastructure.Tests/bin/Debug/net8.0/AjpWiki.Infrastructure.Tests.dll" adapterTypeName="executor://xunit/VsTestRunner2/netcoreapp" className="AjpWiki.Infrastructure.Tests.Services.NotificationServiceTests" name="SendNotification_ShouldDeliverMessageToUser" />
    </UnitTest>
    <UnitTest name="AjpWiki.Infrastructure.Tests.Services.WikiArticleServiceTests.SearchArticles_ShouldReturnMatchingArticles" storage="/home/anthony/documents/projects/wiki-project/ajpwiki.infrastructure.tests/bin/debug/net8.0/ajpwiki.infrastructure.tests.dll" id="579e98bc-3925-5d8c-0d08-849c482f87a5">
      <Execution id="560c199d-605f-43ae-a97d-430cc8dcaa7e" />
      <TestMethod codeBase="/home/anthony/Documents/Projects/wiki-project/AjpWiki.Infrastructure.Tests/bin/Debug/net8.0/AjpWiki.Infrastructure.Tests.dll" adapterTypeName="executor://xunit/VsTestRunner2/netcoreapp" className="AjpWiki.Infrastructure.Tests.Services.WikiArticleServiceTests" name="SearchArticles_ShouldReturnMatchingArticles" />
    </UnitTest>
    <UnitTest name="AjpWiki.Infrastructure.Tests.Services.UserServiceTests.ApproveUser_ShouldGrantAccess" storage="/home/anthony/documents/projects/wiki-project/ajpwiki.infrastructure.tests/bin/debug/net8.0/ajpwiki.infrastructure.tests.dll" id="7cded712-b709-1d54-23a3-1002f3498d72">
      <Execution id="b05a791f-fa9f-4d17-ad70-159565c29243" />
      <TestMethod codeBase="/home/anthony/Documents/Projects/wiki-project/AjpWiki.Infrastructure.Tests/bin/Debug/net8.0/AjpWiki.Infrastructure.Tests.dll" adapterTypeName="executor://xunit/VsTestRunner2/netcoreapp" className="AjpWiki.Infrastructure.Tests.Services.UserServiceTests" name="ApproveUser_ShouldGrantAccess" />
    </UnitTest>
    <UnitTest name="AjpWiki.Infrastructure.Tests.Services.UserServiceTests.CreateUser_ConcurrentDuplicateEmail_ShouldEnforceUniqueness" storage="/home/anthony/documents/projects/wiki-project/ajpwiki.infrastructure.tests/bin/debug/net8.0/ajpwiki.infrastructure.tests.dll" id="5ab7700d-ced0-1c36-3e73-eab5297f49c5">
      <Execution id="6a7ecbee-31c2-43b9-acc0-f460975531c9" />
      <TestMethod codeBase="/home/anthony/Documents/Projects/wiki-project/AjpWiki.Infrastructure.Tests/bin/Debug/net8.0/AjpWiki.Infrastructure.Tests.dll" adapterTypeName="executor://xunit/VsTestRunner2/netcoreapp" className="AjpWiki.Infrastructure.Tests.Services.UserServiceTests" name="CreateUser_ConcurrentDuplicateEmail_ShouldEnforceUniqueness" />
    </UnitTest>
    <UnitTest name="AjpWiki.Infrastructure.Tests.Services.NotificationServiceTests.MarkAsRead_Idempotent_And_MissingIsNoOp" storage="/home/anthony/documents/projects/wiki-project/ajpwiki.infrastructure.tests/bin/debug/net8.0/ajpwiki.infrastructure.tests.dll" id="7c6865a0-ca38-02c0-ee6d-865886040b34">
      <Execution id="1531bd1e-2992-46c7-af8d-229d1141577e" />
      <TestMethod codeBase="/home/anthony/Documents/Projects/wiki-project/AjpWiki.Infrastructure.Tests/bin/Debug/net8.0/AjpWiki.Infrastructure.Tests.dll" adapterTypeName="executor://xunit/VsTestRunner2/netcoreapp" className="AjpWiki.Infrastructure.Tests.Services.NotificationServiceTests" name="MarkAsRead_Idempotent_And_MissingIsNoOp" />
    </UnitTest>
    <UnitTest name="AjpWiki.Infrastructure.Tests.Services.RoleServiceTests.RemoveRole_ShouldRemoveRoleFromUser" storage="/home/anthony/documents/projects/wiki-project/ajpwiki.infrastructure.tests/bin/debug/net8.0/ajpwiki.infrastructure.tests.dll" id="ec03d1dc-e709-b350-8870-f1aa6b72f7ba">
      <Execution id="19a8e4fa-f39b-4b98-8971-340ec465f379" />
      <TestMethod codeBase="/home/anthony/Documents/Projects/wiki-project/AjpWiki.Infrastructure.Tests/bin/Debug/net8.0/AjpWiki.Infrastructure.Tests.dll" adapterTypeName="executor://xunit/VsTestRunner2/netcoreapp" className="AjpWiki.Infrastructure.Tests.Services.RoleServiceTests" name="RemoveRole_ShouldRemoveRoleFromUser" />
    </UnitTest>
    <UnitTest name="AjpWiki.Infrastructure.Tests.Services.WikiArticleServiceTests.GetArticleHistory_ShouldReturnAllVersions" storage="/home/anthony/documents/projects/wiki-project/ajpwiki.infrastructure.tests/bin/debug/net8.0/ajpwiki.infrastructure.tests.dll" id="aac6f4e6-e9ee-3623-5fc7-bae01d07348b">
      <Execution id="d51685e8-6bc2-4f27-a12e-2bb177709bfe" />
      <TestMethod codeBase="/home/anthony/Documents/Projects/wiki-project/AjpWiki.Infrastructure.Tests/bin/Debug/net8.0/AjpWiki.Infrastructure.Tests.dll" adapterTypeName="executor://xunit/VsTestRunner2/netcoreapp" className="AjpWiki.Infrastructure.Tests.Services.WikiArticleServiceTests" name="GetArticleHistory_ShouldReturnAllVersions" />
    </UnitTest>
    <UnitTest name="AjpWiki.Infrastructure.Tests.Services.UserServiceTests.EditProfile_ShouldUpdateUserProfile" storage="/home/anthony/documents/projects/wiki-project/ajpwiki.infrastructure.tests/bin/debug/net8.0/ajpwiki.infrastructure.tests.dll" id="a5c9d4c9-8bed-5139-85c9-1bd2784f34b3">
      <Execution id="5f3e7561-6531-45e6-8f08-c7483156c92d" />
      <TestMethod codeBase="/home/anthony/Documents/Projects/wiki-project/AjpWiki.Infrastructure.Tests/bin/Debug/net8.0/AjpWiki.Infrastructure.Tests.dll" adapterTypeName="executor://xunit/VsTestRunner2/netcoreapp" className="AjpWiki.Infrastructure.Tests.Services.UserServiceTests" name="EditProfile_ShouldUpdateUserProfile" />
    </UnitTest>
    <UnitTest name="AjpWiki.Infrastructure.Tests.Services.WikiArticleServiceTests.ProposeChange_ShouldCreateChangeRequest" storage="/home/anthony/documents/projects/wiki-project/ajpwiki.infrastructure.tests/bin/debug/net8.0/ajpwiki.infrastructure.tests.dll" id="184a0665-7a05-ba5b-cbf6-018424b6a526">
      <Execution id="45c51b77-5893-4aa9-8e0c-7d61bae01b4f" />
      <TestMethod codeBase="/home/anthony/Documents/Projects/wiki-project/AjpWiki.Infrastructure.Tests/bin/Debug/net8.0/AjpWiki.Infrastructure.Tests.dll" adapterTypeName="executor://xunit/VsTestRunner2/netcoreapp" className="AjpWiki.Infrastructure.Tests.Services.WikiArticleServiceTests" name="ProposeChange_ShouldCreateChangeRequest" />
    </UnitTest>
    <UnitTest name="AjpWiki.Infrastructure.Tests.Services.NotificationServiceTests.SendNotification_ToNonExistentUser_ShouldThrow" storage="/home/anthony/documents/projects/wiki-project/ajpwiki.infrastructure.tests/bin/debug/net8.0/ajpwiki.infrastructure.tests.dll" id="659a3dcf-1a79-2233-a067-8162129feaff">
      <Execution id="9c659eac-d891-4e36-a11d-4a226a4ea6b3" />
      <TestMethod codeBase="/home/anthony/Documents/Projects/wiki-project/AjpWiki.Infrastructure.Tests/bin/Debug/net8.0/AjpWiki.Infrastructure.Tests.dll" adapterTypeName="executor://xunit/VsTestRunner2/netcoreapp" className="AjpWiki.Infrastructure.Tests.Services.NotificationServiceTests" name="SendNotification_ToNonExistentUser_ShouldThrow" />
    </UnitTest>
  </TestDefinitions>
  <TestEntries>
    <TestEntry testId="41a962ac-8d28-4c5d-70ab-a800122fc196" executionId="65b87847-97ba-4cb8-9ba6-de75b2be571e" testListId="8c84fa94-04c1-424b-9868-57a2d4851a1d" />
    <TestEntry testId="ca4d2632-d02f-35da-b0aa-0900f00d25ee" executionId="184bf83b-3e68-46a9-9e2d-b0d61ec335c3" testListId="8c84fa94-04c1-424b-9868-57a2d4851a1d" />
    <TestEntry testId="6c12ff72-ba1b-9022-81c9-62a5bf887b81" executionId="d170c671-852e-4340-a613-5fb366d93521" testListId="8c84fa94-04c1-424b-9868-57a2d4851a1d" />
    <TestEntry testId="cd2e58c9-e992-bd85-79bd-e0edb0da1b44" executionId="264415b9-59e2-4ed3-9fa7-506c56223a12" testListId="8c84fa94-04c1-424b-9868-57a2d4851a1d" />
    <TestEntry testId="7c6865a0-ca38-02c0-ee6d-865886040b34" executionId="1531bd1e-2992-46c7-af8d-229d1141577e" testListId="8c84fa94-04c1-424b-9868-57a2d4851a1d" />
    <TestEntry testId="c7668c6c-521a-f6c8-2723-2ca3cd5461ec" executionId="35412d02-88ce-435a-8dfc-a92af4427575" testListId="8c84fa94-04c1-424b-9868-57a2d4851a1d" />
    <TestEntry testId="659a3dcf-1a79-2233-a067-8162129feaff" executionId="9c659eac-d891-4e36-a11d-4a226a4ea6b3" testListId="8c84fa94-04c1-424b-9868-57a2d4851a1d" />
    <TestEntry testId="7cded712-b709-1d54-23a3-1002f3498d72" executionId="b05a791f-fa9f-4d17-ad70-159565c29243" testListId="8c84fa94-04c1-424b-9868-57a2d4851a1d" />
    <TestEntry testId="ec03d1dc-e709-b350-8870-f1aa6b72f7ba" executionId="19a8e4fa-f39b-4b98-8971-340ec465f379" testListId="8c84fa94-04c1-424b-9868-57a2d4851a1d" />
    <TestEntry testId="b91ca886-2868-4647-6df4-def0c644c331" executionId="1900e952-bd50-4512-99d6-71b62e548399" testListId="8c84fa94-04c1-424b-9868-57a2d4851a1d" />
    <TestEntry testId="e07b0590-d61d-2122-3823-cd2a267e639b" executionId="dc06faf9-5970-4f5a-9277-849a73826795" testListId="8c84fa94-04c1-424b-9868-57a2d4851a1d" />
    <TestEntry testId="e12c9dc8-fb78-759a-561a-84826817d3e9" executionId="9bb93686-85eb-4fb9-ad69-64429d90f963" testListId="8c84fa94-04c1-424b-9868-57a2d4851a1d" />
    <TestEntry testId="1f738243-c94a-694f-9850-441d884f767a" executionId="c7aa3f5c-2b74-481d-a3bb-f814f79662c4" testListId="8c84fa94-04c1-424b-9868-57a2d4851a1d" />
    <TestEntry testId="080c21c6-12b1-0297-ed26-b7957e1e51fb" executionId="b8a32197-46ae-42d0-9a41-33738222588b" testListId="8c84fa94-04c1-424b-9868-57a2d4851a1d" />
    <TestEntry testId="6083f26b-d5d6-9c08-5a0d-c62502083135" executionId="bf2fd36d-5655-4622-81f8-7ab7a0573359" testListId="8c84fa94-04c1-424b-9868-57a2d4851a1d" />
    <TestEntry testId="c9ccaeaf-e936-3fd2-a0f1-0723f5723e84" executionId="ea48c2bb-fdc9-4d2f-830b-19ad2dc5b38f" testListId="8c84fa94-04c1-424b-9868-57a2d4851a1d" />
    <TestEntry testId="6b9306d6-8d72-b12e-9e97-2f4a36e08a8c" executionId="4e853de4-861f-4a5d-831a-23f75a015085" testListId="8c84fa94-04c1-424b-9868-57a2d4851a1d" />
    <TestEntry testId="75b99837-3df3-3c2d-a4df-800d318fefd6" executionId="a2cd0544-7814-4d49-b5e2-9b1af8dff08b" testListId="8c84fa94-04c1-424b-9868-57a2d4851a1d" />
    <TestEntry testId="9ad4d60f-725d-392c-882b-479289b19582" executionId="6a675e94-dc29-4050-940e-486fbdf9759d" testListId="8c84fa94-04c1-424b-9868-57a2d4851a1d" />
    <TestEntry testId="03b3e9cc-efc4-38f7-aa77-bc1fcdc6b111" executionId="3f40a636-975f-41a4-9aac-6dd456cc2c96" testListId="8c84fa94-04c1-424b-9868-57a2d4851a1d" />
    <TestEntry testId="a5c9d4c9-8bed-5139-85c9-1bd2784f34b3" executionId="5f3e7561-6531-45e6-8f08-c7483156c92d" testListId="8c84fa94-04c1-424b-9868-57a2d4851a1d" />
    <TestEntry testId="579e98bc-3925-5d8c-0d08-849c482f87a5" executionId="560c199d-605f-43ae-a97d-430cc8dcaa7e" testListId="8c84fa94-04c1-424b-9868-57a2d4851a1d" />
    <TestEntry testId="7b4d2c2c-27d8-0432-fd45-8c186adb5db4" executionId="a28e4c79-648a-4cd6-af99-e0423b241a81" testListId="8c84fa94-04c1-424b-9868-57a2d4851a1d" />
    <TestEntry testId="4e70f9df-8543-81fd-fd74-eb03225de312" executionId="c1491df5-a747-45e5-ae08-d2405eaed660" testListId="8c84fa94-04c1-424b-9868-57a2d4851a1d" />
    <TestEntry testId="829d49cc-ba2a-3c06-75e2-7c9f2844990b" executionId="24ad7926-1b81-4f23-b31e-12797d31bbd7" testListId="8c84fa94-04c1-424b-9868-57a2d4851a1d" />
    <TestEntry testId="65b06a2e-0045-883a-bdb8-0e202bb57883" executionId="6d7d4fb4-0dbf-42ed-b376-434875e0edbe" testListId="8c84fa94-04c1-424b-9868-57a2d4851a1d" />
    <TestEntry testId="184a0665-7a05-ba5b-cbf6-018424b6a526" executionId="45c51b77-5893-4aa9-8e0c-7d61bae01b4f" testListId="8c84fa94-04c1-424b-9868-57a2d4851a1d" />
    <TestEntry testId="2464fe91-f4a7-7666-8ac9-f2ef2733273b" executionId="377e2df4-53e8-407a-81b4-c73a52df42ea" testListId="8c84fa94-04c1-424b-9868-57a2d4851a1d" />
    <TestEntry testId="57b575df-6cdf-b289-f1aa-86024a0ab935" executionId="be377a55-4edf-4f62-942b-8e79faaac04a" testListId="8c84fa94-04c1-424b-9868-57a2d4851a1d" />
    <TestEntry testId="5ab7700d-ced0-1c36-3e73-eab5297f49c5" executionId="6a7ecbee-31c2-43b9-acc0-f460975531c9" testListId="8c84fa94-04c1-424b-9868-57a2d4851a1d" />
    <TestEntry testId="29145a72-b6cf-aa59-0b0d-fdfc0b6abb40" executionId="86fb2be8-0140-44aa-9f30-949ea5f5af5f" testListId="8c84fa94-04c1-424b-9868-57a2d4851a1d" />
    <TestEntry testId="aac6f4e6-e9ee-3623-5fc7-bae01d07348b" executionId="d51685e8-6bc2-4f27-a12e-2bb177709bfe" testListId="8c84fa94-04c1-424b-9868-57a2d4851a1d" />
    <TestEntry testId="24fbd963-d891-4bb3-7fde-ace492278494" executionId="6a4d928c-649b-4152-bd5e-c4013d45d3c4" testListId="8c84fa94-04c1-424b-9868-57a2d4851a1d" />
    <TestEntry testId="3bdc259a-e8fc-2c0d-aeee-d7aee3bbc135" executionId="6419e01c-748e-477c-9c6f-bc11013a5837" testListId="8c84fa94-04c1-424b-9868-57a2d4851a1d" />
    <TestEntry testId="b22adc2d-076c-d54a-f588-4dade8485188" executionId="fadadb0a-cc15-4787-b5bb-b3ac84d7640c" testListId="8c84fa94-04c1-424b-9868-57a2d4851a1d" />
  </TestEntries>
  <TestLists>
    <TestList name="Results Not in a List" id="8c84fa94-04c1-424b-9868-57a2d4851a1d" />
    <TestList name="All Loaded Results" id="19431567-8539-422a-85d7-44ee4e166bda" />
  </TestLists>
  <ResultSummary outcome="Completed">
    <Counters total="35" executed="35" passed="35" failed="0" error="0" timeout="0" aborted="0" inconclusive="0" passedButRunAborted="0" notRunnable="0" notExecuted="0" disconnected="0" warning="0" completed="0" inProgress="0" pending="0" />
    <Output>
      <StdOut>[xUnit.net 00:00:00.00] xUnit.net VSTest Adapter v2.5.0.1+5ebf84cd75 (64-bit .NET 8.0.19)
[xUnit.net 00:00:00.05]   Discovering: AjpWiki.Infrastructure.Tests
[xUnit.net 00:00:00.08]   Discovered:  AjpWiki.Infrastructure.Tests
[xUnit.net 00:00:00.09]   Starting:    AjpWiki.Infrastructure.Tests
[xUnit.net 00:00:01.08]   Finished:    AjpWiki.Infrastructure.Tests
</StdOut>
    </Output>
  </ResultSummary>
</TestRun>