<?xml version="1.0" encoding="utf-8"?>
<TestRun id="a424c42b-3485-4bdb-a9c3-a89dd24292c1" name="@anthony-System-Product-Name 2025-09-06 14:34:23" xmlns="http://microsoft.com/schemas/VisualStudio/TeamTest/2010">
  <Times creation="2025-09-06T14:34:23.6076023+12:00" queuing="2025-09-06T14:34:23.6076024+12:00" start="2025-09-06T14:34:23.0943015+12:00" finish="2025-09-06T14:34:24.5469608+12:00" />
  <TestSettings name="default" id="9695ce8c-a75e-48e3-bd91-f6b8fd3142e8">
    <Deployment runDeploymentRoot="_anthony-System-Product-Name_2025-09-06_14_34_23" />
  </TestSettings>
  <Results>
    <UnitTestResult executionId="196a3155-b10c-456f-b00e-16f3cce7e5dd" testId="b22adc2d-076c-d54a-f588-4dade8485188" testName="AjpWiki.Infrastructure.Tests.Services.NotificationServiceTests.SendNotification_ShouldDeliverMessageToUser" computerName="anthony-System-Product-Name" duration="00:00:00.5290528" startTime="2025-09-06T14:34:24.0725421+12:00" endTime="2025-09-06T14:34:24.0725422+12:00" testType="13cdc9d9-ddb5-4fa4-a97d-d965ccfc6d4b" outcome="Passed" testListId="8c84fa94-04c1-424b-9868-57a2d4851a1d" relativeResultsDirectory="196a3155-b10c-456f-b00e-16f3cce7e5dd" />
    <UnitTestResult executionId="00ade449-64ee-4014-9b21-234f4a79f6a5" testId="3bdc259a-e8fc-2c0d-aeee-d7aee3bbc135" testName="AjpWiki.Infrastructure.Tests.Services.UserServiceTests.ChangeAvatar_ShouldUpdateUserAvatar" computerName="anthony-System-Product-Name" duration="00:00:00.0019214" startTime="2025-09-06T14:34:23.5485571+12:00" endTime="2025-09-06T14:34:23.5485883+12:00" testType="13cdc9d9-ddb5-4fa4-a97d-d965ccfc6d4b" outcome="Passed" testListId="8c84fa94-04c1-424b-9868-57a2d4851a1d" relativeResultsDirectory="00ade449-64ee-4014-9b21-234f4a79f6a5" />
    <UnitTestResult executionId="a2e6ae59-116c-43a4-a216-1fb1f9b10653" testId="6c12ff72-ba1b-9022-81c9-62a5bf887b81" testName="AjpWiki.Infrastructure.Tests.Services.WikiArticleServiceTests.GetArticlesByTag_ShouldReturnTaggedArticles" computerName="anthony-System-Product-Name" duration="00:00:00.0000351" startTime="2025-09-06T14:34:23.5524634+12:00" endTime="2025-09-06T14:34:23.5524634+12:00" testType="13cdc9d9-ddb5-4fa4-a97d-d965ccfc6d4b" outcome="Passed" testListId="8c84fa94-04c1-424b-9868-57a2d4851a1d" relativeResultsDirectory="a2e6ae59-116c-43a4-a216-1fb1f9b10653" />
    <UnitTestResult executionId="4d80db53-9ead-47bd-aec9-83dfbcd1deaf" testId="ae86679a-dc43-2b01-21bd-ff1f91432960" testName="AjpWiki.Infrastructure.Tests.Services.RoleServiceTests.AssignRole_Idempotent_WhenAlreadyAssigned_NoDuplicate" computerName="anthony-System-Product-Name" duration="00:00:00.0008190" startTime="2025-09-06T14:34:24.0904297+12:00" endTime="2025-09-06T14:34:24.0904298+12:00" testType="13cdc9d9-ddb5-4fa4-a97d-d965ccfc6d4b" outcome="Passed" testListId="8c84fa94-04c1-424b-9868-57a2d4851a1d" relativeResultsDirectory="4d80db53-9ead-47bd-aec9-83dfbcd1deaf" />
    <UnitTestResult executionId="c7925c62-82bf-45eb-9bd8-a104da0d2b99" testId="ca4d2632-d02f-35da-b0aa-0900f00d25ee" testName="AjpWiki.Infrastructure.Tests.Services.RoleServiceTests.GetAllRoles_ShouldReturnAllRoles" computerName="anthony-System-Product-Name" duration="00:00:00.0000964" startTime="2025-09-06T14:34:24.0819740+12:00" endTime="2025-09-06T14:34:24.0819740+12:00" testType="13cdc9d9-ddb5-4fa4-a97d-d965ccfc6d4b" outcome="Passed" testListId="8c84fa94-04c1-424b-9868-57a2d4851a1d" relativeResultsDirectory="c7925c62-82bf-45eb-9bd8-a104da0d2b99" />
    <UnitTestResult executionId="13c42ede-ca20-4d6a-b094-ec4c434ff5a1" testId="41a962ac-8d28-4c5d-70ab-a800122fc196" testName="AjpWiki.Infrastructure.Tests.Services.UserServiceTests.ResetPassword_ShouldSendResetInstructions" computerName="anthony-System-Product-Name" duration="00:00:00.0000630" startTime="2025-09-06T14:34:24.4874519+12:00" endTime="2025-09-06T14:34:24.4874520+12:00" testType="13cdc9d9-ddb5-4fa4-a97d-d965ccfc6d4b" outcome="Passed" testListId="8c84fa94-04c1-424b-9868-57a2d4851a1d" relativeResultsDirectory="13c42ede-ca20-4d6a-b094-ec4c434ff5a1" />
    <UnitTestResult executionId="09a7fde4-49ee-473f-9e16-34f274a5e5bb" testId="24fbd963-d891-4bb3-7fde-ace492278494" testName="AjpWiki.Infrastructure.Tests.Services.UserServiceTests.CreateUser_ShouldCreateNewUser" computerName="anthony-System-Product-Name" duration="00:00:00.5226032" startTime="2025-09-06T14:34:24.0707252+12:00" endTime="2025-09-06T14:34:24.0707253+12:00" testType="13cdc9d9-ddb5-4fa4-a97d-d965ccfc6d4b" outcome="Passed" testListId="8c84fa94-04c1-424b-9868-57a2d4851a1d" relativeResultsDirectory="09a7fde4-49ee-473f-9e16-34f274a5e5bb" />
    <UnitTestResult executionId="80b26fcf-c355-4761-803f-a7e8a8f54b2b" testId="29145a72-b6cf-aa59-0b0d-fdfc0b6abb40" testName="AjpWiki.Infrastructure.Tests.Services.WikiArticleServiceTests.EditArticle_ShouldCreateNewVersion" computerName="anthony-System-Product-Name" duration="00:00:00.0000342" startTime="2025-09-06T14:34:23.5525261+12:00" endTime="2025-09-06T14:34:23.5525262+12:00" testType="13cdc9d9-ddb5-4fa4-a97d-d965ccfc6d4b" outcome="Passed" testListId="8c84fa94-04c1-424b-9868-57a2d4851a1d" relativeResultsDirectory="80b26fcf-c355-4761-803f-a7e8a8f54b2b" />
    <UnitTestResult executionId="3258aa9e-d2c0-4d01-8b5d-c8f10d851095" testId="659a3dcf-1a79-2233-a067-8162129feaff" testName="AjpWiki.Infrastructure.Tests.Services.NotificationServiceTests.SendNotification_ToNonExistentUser_ShouldThrow" computerName="anthony-System-Product-Name" duration="00:00:00.0052512" startTime="2025-09-06T14:34:24.1294261+12:00" endTime="2025-09-06T14:34:24.1294261+12:00" testType="13cdc9d9-ddb5-4fa4-a97d-d965ccfc6d4b" outcome="Passed" testListId="8c84fa94-04c1-424b-9868-57a2d4851a1d" relativeResultsDirectory="3258aa9e-d2c0-4d01-8b5d-c8f10d851095" />
    <UnitTestResult executionId="916cffc1-c437-4d87-8b6e-1d27852dff31" testId="7c6865a0-ca38-02c0-ee6d-865886040b34" testName="AjpWiki.Infrastructure.Tests.Services.NotificationServiceTests.MarkAsRead_Idempotent_And_MissingIsNoOp" computerName="anthony-System-Product-Name" duration="00:00:00.0121104" startTime="2025-09-06T14:34:24.1132430+12:00" endTime="2025-09-06T14:34:24.1132431+12:00" testType="13cdc9d9-ddb5-4fa4-a97d-d965ccfc6d4b" outcome="Passed" testListId="8c84fa94-04c1-424b-9868-57a2d4851a1d" relativeResultsDirectory="916cffc1-c437-4d87-8b6e-1d27852dff31" />
    <UnitTestResult executionId="7f2db447-dc1a-45b6-b2b4-bbbb4554edcc" testId="ec03d1dc-e709-b350-8870-f1aa6b72f7ba" testName="AjpWiki.Infrastructure.Tests.Services.RoleServiceTests.RemoveRole_ShouldRemoveRoleFromUser" computerName="anthony-System-Product-Name" duration="00:00:00.5371032" startTime="2025-09-06T14:34:24.0805760+12:00" endTime="2025-09-06T14:34:24.0805761+12:00" testType="13cdc9d9-ddb5-4fa4-a97d-d965ccfc6d4b" outcome="Passed" testListId="8c84fa94-04c1-424b-9868-57a2d4851a1d" relativeResultsDirectory="7f2db447-dc1a-45b6-b2b4-bbbb4554edcc" />
    <UnitTestResult executionId="c0da7142-a32f-4b4b-853b-5dd1bba92520" testId="1f738243-c94a-694f-9850-441d884f767a" testName="AjpWiki.Infrastructure.Tests.Services.UserServiceTests.DeleteAccount_ShouldRemoveUserAndNotifications" computerName="anthony-System-Product-Name" duration="00:00:00.0078056" startTime="2025-09-06T14:34:24.4818794+12:00" endTime="2025-09-06T14:34:24.4818794+12:00" testType="13cdc9d9-ddb5-4fa4-a97d-d965ccfc6d4b" outcome="Passed" testListId="8c84fa94-04c1-424b-9868-57a2d4851a1d" relativeResultsDirectory="c0da7142-a32f-4b4b-853b-5dd1bba92520" />
    <UnitTestResult executionId="d5734a92-79d1-4aa1-b641-ef3edd8407db" testId="e12c9dc8-fb78-759a-561a-84826817d3e9" testName="AjpWiki.Infrastructure.Tests.Services.UserServiceTests.DeleteAccount_ShouldRemoveUser" computerName="anthony-System-Product-Name" duration="00:00:00.0000416" startTime="2025-09-06T14:34:24.4825576+12:00" endTime="2025-09-06T14:34:24.4825577+12:00" testType="13cdc9d9-ddb5-4fa4-a97d-d965ccfc6d4b" outcome="Passed" testListId="8c84fa94-04c1-424b-9868-57a2d4851a1d" relativeResultsDirectory="d5734a92-79d1-4aa1-b641-ef3edd8407db" />
    <UnitTestResult executionId="62b067b9-0ff8-427e-ba45-1b1364961073" testId="4e70f9df-8543-81fd-fd74-eb03225de312" testName="AjpWiki.Infrastructure.Tests.Services.UserServiceTests.RejectUser_ShouldDenyAccess" computerName="anthony-System-Product-Name" duration="00:00:00.0000453" startTime="2025-09-06T14:34:24.4825253+12:00" endTime="2025-09-06T14:34:24.4825253+12:00" testType="13cdc9d9-ddb5-4fa4-a97d-d965ccfc6d4b" outcome="Passed" testListId="8c84fa94-04c1-424b-9868-57a2d4851a1d" relativeResultsDirectory="62b067b9-0ff8-427e-ba45-1b1364961073" />
    <UnitTestResult executionId="f9101172-bddd-41fd-b2ab-97eb31507986" testId="080c21c6-12b1-0297-ed26-b7957e1e51fb" testName="AjpWiki.Infrastructure.Tests.Services.WikiArticleServiceTests.EditArticle_ShouldUpdateArticleContent" computerName="anthony-System-Product-Name" duration="00:00:00.0000359" startTime="2025-09-06T14:34:23.5524991+12:00" endTime="2025-09-06T14:34:23.5524991+12:00" testType="13cdc9d9-ddb5-4fa4-a97d-d965ccfc6d4b" outcome="Passed" testListId="8c84fa94-04c1-424b-9868-57a2d4851a1d" relativeResultsDirectory="f9101172-bddd-41fd-b2ab-97eb31507986" />
    <UnitTestResult executionId="3078039d-b071-4bcf-9ef6-98f161eee9cc" testId="829d49cc-ba2a-3c06-75e2-7c9f2844990b" testName="AjpWiki.Infrastructure.Tests.Services.NotificationServiceTests.GetNotifications_ShouldReturnAllUserNotifications" computerName="anthony-System-Product-Name" duration="00:00:00.0108641" startTime="2025-09-06T14:34:24.1241404+12:00" endTime="2025-09-06T14:34:24.1241405+12:00" testType="13cdc9d9-ddb5-4fa4-a97d-d965ccfc6d4b" outcome="Passed" testListId="8c84fa94-04c1-424b-9868-57a2d4851a1d" relativeResultsDirectory="3078039d-b071-4bcf-9ef6-98f161eee9cc" />
    <UnitTestResult executionId="1cf381f7-90a2-40ce-bdd2-3cb282ef33c8" testId="75b99837-3df3-3c2d-a4df-800d318fefd6" testName="AjpWiki.Infrastructure.Tests.Services.NotificationServiceTests.GetNotifications_Pagination_ShouldReturnCorrectPages" computerName="anthony-System-Product-Name" duration="00:00:00.0112293" startTime="2025-09-06T14:34:24.1406971+12:00" endTime="2025-09-06T14:34:24.1406972+12:00" testType="13cdc9d9-ddb5-4fa4-a97d-d965ccfc6d4b" outcome="Passed" testListId="8c84fa94-04c1-424b-9868-57a2d4851a1d" relativeResultsDirectory="1cf381f7-90a2-40ce-bdd2-3cb282ef33c8" />
    <UnitTestResult executionId="99ea27ab-efe4-4921-a9f5-c90345cdcb26" testId="a5c9d4c9-8bed-5139-85c9-1bd2784f34b3" testName="AjpWiki.Infrastructure.Tests.Services.UserServiceTests.EditProfile_ShouldUpdateUserProfile" computerName="anthony-System-Product-Name" duration="00:00:00.0000431" startTime="2025-09-06T14:34:24.4820341+12:00" endTime="2025-09-06T14:34:24.4820341+12:00" testType="13cdc9d9-ddb5-4fa4-a97d-d965ccfc6d4b" outcome="Passed" testListId="8c84fa94-04c1-424b-9868-57a2d4851a1d" relativeResultsDirectory="99ea27ab-efe4-4921-a9f5-c90345cdcb26" />
    <UnitTestResult executionId="cf9fee7f-a9f9-4f6c-9a9f-3ddb39bb10e6" testId="5c98f8ac-5850-ffe8-2e79-a45a8349164f" testName="AjpWiki.Infrastructure.Tests.Services.RoleServiceTests.AssignRole_ToUnknownUser_ShouldStillSucceedOrCreateRecord" computerName="anthony-System-Product-Name" duration="00:00:00.0007745" startTime="2025-09-06T14:34:24.0895730+12:00" endTime="2025-09-06T14:34:24.0895730+12:00" testType="13cdc9d9-ddb5-4fa4-a97d-d965ccfc6d4b" outcome="Passed" testListId="8c84fa94-04c1-424b-9868-57a2d4851a1d" relativeResultsDirectory="cf9fee7f-a9f9-4f6c-9a9f-3ddb39bb10e6" />
    <UnitTestResult executionId="679d0df8-1138-408f-862c-95590f0fe8d6" testId="65b06a2e-0045-883a-bdb8-0e202bb57883" testName="AjpWiki.Infrastructure.Tests.Services.WikiArticleServiceTests.ReviewChange_ShouldAcceptOrRejectChange" computerName="anthony-System-Product-Name" duration="00:00:00.0000441" startTime="2025-09-06T14:34:24.0679991+12:00" endTime="2025-09-06T14:34:24.0679991+12:00" testType="13cdc9d9-ddb5-4fa4-a97d-d965ccfc6d4b" outcome="Passed" testListId="8c84fa94-04c1-424b-9868-57a2d4851a1d" relativeResultsDirectory="679d0df8-1138-408f-862c-95590f0fe8d6" />
    <UnitTestResult executionId="ab1aa176-66a9-4a0c-af84-a5f57a6cf017" testId="e07b0590-d61d-2122-3823-cd2a267e639b" testName="AjpWiki.Infrastructure.Tests.Services.RoleServiceTests.GetUserRoles_ShouldReturnAllRolesForUser" computerName="anthony-System-Product-Name" duration="00:00:00.0000613" startTime="2025-09-06T14:34:24.0936706+12:00" endTime="2025-09-06T14:34:24.0936707+12:00" testType="13cdc9d9-ddb5-4fa4-a97d-d965ccfc6d4b" outcome="Passed" testListId="8c84fa94-04c1-424b-9868-57a2d4851a1d" relativeResultsDirectory="ab1aa176-66a9-4a0c-af84-a5f57a6cf017" />
    <UnitTestResult executionId="893a6c24-7d29-4d01-8d7b-45e8f22a8a26" testId="7cded712-b709-1d54-23a3-1002f3498d72" testName="AjpWiki.Infrastructure.Tests.Services.UserServiceTests.ApproveUser_ShouldGrantAccess" computerName="anthony-System-Product-Name" duration="00:00:00.0000519" startTime="2025-09-06T14:34:24.4819592+12:00" endTime="2025-09-06T14:34:24.4819593+12:00" testType="13cdc9d9-ddb5-4fa4-a97d-d965ccfc6d4b" outcome="Passed" testListId="8c84fa94-04c1-424b-9868-57a2d4851a1d" relativeResultsDirectory="893a6c24-7d29-4d01-8d7b-45e8f22a8a26" />
    <UnitTestResult executionId="8a7584e3-bac4-4417-a881-26f2caf60a68" testId="b91ca886-2868-4647-6df4-def0c644c331" testName="AjpWiki.Infrastructure.Tests.Services.UserServiceTests.EditProfile_NonExistentUser_ShouldNoOp" computerName="anthony-System-Product-Name" duration="00:00:00.0051284" startTime="2025-09-06T14:34:24.4873568+12:00" endTime="2025-09-06T14:34:24.4873569+12:00" testType="13cdc9d9-ddb5-4fa4-a97d-d965ccfc6d4b" outcome="Passed" testListId="8c84fa94-04c1-424b-9868-57a2d4851a1d" relativeResultsDirectory="8a7584e3-bac4-4417-a881-26f2caf60a68" />
    <UnitTestResult executionId="f4d37832-899c-40eb-bff6-accbe27408a1" testId="7b4d2c2c-27d8-0432-fd45-8c186adb5db4" testName="AjpWiki.Infrastructure.Tests.Services.WikiArticleServiceTests.CreateArticle_ShouldAddNewArticle" computerName="anthony-System-Product-Name" duration="00:00:00.0263991" startTime="2025-09-06T14:34:24.0943438+12:00" endTime="2025-09-06T14:34:24.0943438+12:00" testType="13cdc9d9-ddb5-4fa4-a97d-d965ccfc6d4b" outcome="Passed" testListId="8c84fa94-04c1-424b-9868-57a2d4851a1d" relativeResultsDirectory="f4d37832-899c-40eb-bff6-accbe27408a1" />
    <UnitTestResult executionId="d5122234-1945-4a62-b967-589f6ce53d5c" testId="b7972fba-0536-bb87-1004-35587d5ce968" testName="AjpWiki.Infrastructure.Tests.Services.RoleServiceTests.AssignPrivilegedRole_WithoutPermission_ShouldThrow" computerName="anthony-System-Product-Name" duration="00:00:00.0031103" startTime="2025-09-06T14:34:24.0935958+12:00" endTime="2025-09-06T14:34:24.0935959+12:00" testType="13cdc9d9-ddb5-4fa4-a97d-d965ccfc6d4b" outcome="Passed" testListId="8c84fa94-04c1-424b-9868-57a2d4851a1d" relativeResultsDirectory="d5122234-1945-4a62-b967-589f6ce53d5c" />
    <UnitTestResult executionId="45b024ee-a91c-433e-a98e-d85fa99ee82b" testId="9ad4d60f-725d-392c-882b-479289b19582" testName="AjpWiki.Infrastructure.Tests.Services.UserServiceTests.RequestAccess_ShouldSendRequestToAdmin" computerName="anthony-System-Product-Name" duration="00:00:00.0000550" startTime="2025-09-06T14:34:24.4880858+12:00" endTime="2025-09-06T14:34:24.4880858+12:00" testType="13cdc9d9-ddb5-4fa4-a97d-d965ccfc6d4b" outcome="Passed" testListId="8c84fa94-04c1-424b-9868-57a2d4851a1d" relativeResultsDirectory="45b024ee-a91c-433e-a98e-d85fa99ee82b" />
    <UnitTestResult executionId="4f779073-e930-49b0-a60c-8fa22098f11d" testId="03b3e9cc-efc4-38f7-aa77-bc1fcdc6b111" testName="AjpWiki.Infrastructure.Tests.Services.NotificationServiceTests.GetUnreadCount_And_MarkAllAsRead_Works" computerName="anthony-System-Product-Name" duration="00:00:00.0285094" startTime="2025-09-06T14:34:24.1010934+12:00" endTime="2025-09-06T14:34:24.1010935+12:00" testType="13cdc9d9-ddb5-4fa4-a97d-d965ccfc6d4b" outcome="Passed" testListId="8c84fa94-04c1-424b-9868-57a2d4851a1d" relativeResultsDirectory="4f779073-e930-49b0-a60c-8fa22098f11d" />
    <UnitTestResult executionId="a3583751-23ed-48cb-9a03-034ce85e1ab4" testId="7376ace3-76f0-d554-2c9d-056f39755b5e" testName="AjpWiki.Infrastructure.Tests.Services.RoleServiceTests.RemoveRole_NotPresent_ShouldBeNoOp" computerName="anthony-System-Product-Name" duration="00:00:00.0005112" startTime="2025-09-06T14:34:24.0887562+12:00" endTime="2025-09-06T14:34:24.0887563+12:00" testType="13cdc9d9-ddb5-4fa4-a97d-d965ccfc6d4b" outcome="Passed" testListId="8c84fa94-04c1-424b-9868-57a2d4851a1d" relativeResultsDirectory="a3583751-23ed-48cb-9a03-034ce85e1ab4" />
    <UnitTestResult executionId="b9fb0e07-b99e-484f-9f7f-7070b5b6e4a8" testId="aac6f4e6-e9ee-3623-5fc7-bae01d07348b" testName="AjpWiki.Infrastructure.Tests.Services.WikiArticleServiceTests.GetArticleHistory_ShouldReturnAllVersions" computerName="anthony-System-Product-Name" duration="00:00:00.0000368" startTime="2025-09-06T14:34:24.0680661+12:00" endTime="2025-09-06T14:34:24.0680661+12:00" testType="13cdc9d9-ddb5-4fa4-a97d-d965ccfc6d4b" outcome="Passed" testListId="8c84fa94-04c1-424b-9868-57a2d4851a1d" relativeResultsDirectory="b9fb0e07-b99e-484f-9f7f-7070b5b6e4a8" />
    <UnitTestResult executionId="ac6f3702-0996-480a-8b36-d9ce27bb1508" testId="5ab7700d-ced0-1c36-3e73-eab5297f49c5" testName="AjpWiki.Infrastructure.Tests.Services.UserServiceTests.CreateUser_ConcurrentDuplicateEmail_ShouldEnforceUniqueness" computerName="anthony-System-Product-Name" duration="00:00:00.4024361" startTime="2025-09-06T14:34:24.4732068+12:00" endTime="2025-09-06T14:34:24.4732069+12:00" testType="13cdc9d9-ddb5-4fa4-a97d-d965ccfc6d4b" outcome="Passed" testListId="8c84fa94-04c1-424b-9868-57a2d4851a1d" relativeResultsDirectory="ac6f3702-0996-480a-8b36-d9ce27bb1508" />
    <UnitTestResult executionId="c5ee4426-b058-426b-8f15-7c00bea7e052" testId="579e98bc-3925-5d8c-0d08-849c482f87a5" testName="AjpWiki.Infrastructure.Tests.Services.WikiArticleServiceTests.SearchArticles_ShouldReturnMatchingArticles" computerName="anthony-System-Product-Name" duration="00:00:00.0000441" startTime="2025-09-06T14:34:23.5524307+12:00" endTime="2025-09-06T14:34:23.5524307+12:00" testType="13cdc9d9-ddb5-4fa4-a97d-d965ccfc6d4b" outcome="Passed" testListId="8c84fa94-04c1-424b-9868-57a2d4851a1d" relativeResultsDirectory="c5ee4426-b058-426b-8f15-7c00bea7e052" />
    <UnitTestResult executionId="2d72fcf8-c60c-4bc0-8114-218ef877d0b5" testId="cd2e58c9-e992-bd85-79bd-e0edb0da1b44" testName="AjpWiki.Infrastructure.Tests.Services.UserServiceTests.ChangeAvatar_Oversized_ShouldThrow" computerName="anthony-System-Product-Name" duration="00:00:00.0005266" startTime="2025-09-06T14:34:24.4879954+12:00" endTime="2025-09-06T14:34:24.4879954+12:00" testType="13cdc9d9-ddb5-4fa4-a97d-d965ccfc6d4b" outcome="Passed" testListId="8c84fa94-04c1-424b-9868-57a2d4851a1d" relativeResultsDirectory="2d72fcf8-c60c-4bc0-8114-218ef877d0b5" />
    <UnitTestResult executionId="6a1abc46-2f8c-4ce4-995d-0a9bc5b758cb" testId="2464fe91-f4a7-7666-8ac9-f2ef2733273b" testName="AjpWiki.Infrastructure.Tests.Services.RoleServiceTests.AssignRole_ShouldAddRoleToUser" computerName="anthony-System-Product-Name" duration="00:00:00.0074617" startTime="2025-09-06T14:34:24.0882050+12:00" endTime="2025-09-06T14:34:24.0882051+12:00" testType="13cdc9d9-ddb5-4fa4-a97d-d965ccfc6d4b" outcome="Passed" testListId="8c84fa94-04c1-424b-9868-57a2d4851a1d" relativeResultsDirectory="6a1abc46-2f8c-4ce4-995d-0a9bc5b758cb" />
    <UnitTestResult executionId="e7669141-0a20-479f-ba5d-95639147803b" testId="57b575df-6cdf-b289-f1aa-86024a0ab935" testName="AjpWiki.Infrastructure.Tests.Services.WikiArticleServiceTests.AddComponent_ShouldAddComponentToArticle" computerName="anthony-System-Product-Name" duration="00:00:00.0000475" startTime="2025-09-06T14:34:24.0681228+12:00" endTime="2025-09-06T14:34:24.0681228+12:00" testType="13cdc9d9-ddb5-4fa4-a97d-d965ccfc6d4b" outcome="Passed" testListId="8c84fa94-04c1-424b-9868-57a2d4851a1d" relativeResultsDirectory="e7669141-0a20-479f-ba5d-95639147803b" />
    <UnitTestResult executionId="7e0765a3-eedf-4e47-9b70-ef97f88f7872" testId="6b9306d6-8d72-b12e-9e97-2f4a36e08a8c" testName="AjpWiki.Infrastructure.Tests.Services.WikiArticleServiceTests.CreateArticle_WithDuplicateSlug_ShouldThrow" computerName="anthony-System-Product-Name" duration="00:00:00.5193181" startTime="2025-09-06T14:34:24.0677119+12:00" endTime="2025-09-06T14:34:24.0677121+12:00" testType="13cdc9d9-ddb5-4fa4-a97d-d965ccfc6d4b" outcome="Passed" testListId="8c84fa94-04c1-424b-9868-57a2d4851a1d" relativeResultsDirectory="7e0765a3-eedf-4e47-9b70-ef97f88f7872" />
    <UnitTestResult executionId="a0b7ad82-758a-41e5-a3d8-1c424a35cdf6" testId="6083f26b-d5d6-9c08-5a0d-c62502083135" testName="AjpWiki.Infrastructure.Tests.Services.UserServiceTests.CreateUser_DuplicateEmail_ShouldThrow" computerName="anthony-System-Product-Name" duration="00:00:00.0008026" startTime="2025-09-06T14:34:24.4740438+12:00" endTime="2025-09-06T14:34:24.4740439+12:00" testType="13cdc9d9-ddb5-4fa4-a97d-d965ccfc6d4b" outcome="Passed" testListId="8c84fa94-04c1-424b-9868-57a2d4851a1d" relativeResultsDirectory="a0b7ad82-758a-41e5-a3d8-1c424a35cdf6" />
    <UnitTestResult executionId="833f3832-e74f-42d6-9190-921870660686" testId="c7668c6c-521a-f6c8-2723-2ca3cd5461ec" testName="AjpWiki.Infrastructure.Tests.Services.WikiArticleServiceTests.RollbackArticle_ShouldRestorePreviousVersion" computerName="anthony-System-Product-Name" duration="00:00:00.0018743" startTime="2025-09-06T14:34:23.5511323+12:00" endTime="2025-09-06T14:34:23.5511323+12:00" testType="13cdc9d9-ddb5-4fa4-a97d-d965ccfc6d4b" outcome="Passed" testListId="8c84fa94-04c1-424b-9868-57a2d4851a1d" relativeResultsDirectory="833f3832-e74f-42d6-9190-921870660686" />
    <UnitTestResult executionId="a6bd3d37-f57e-47ca-8189-8c538a352818" testId="184a0665-7a05-ba5b-cbf6-018424b6a526" testName="AjpWiki.Infrastructure.Tests.Services.WikiArticleServiceTests.ProposeChange_ShouldCreateChangeRequest" computerName="anthony-System-Product-Name" duration="00:00:00.0000654" startTime="2025-09-06T14:34:24.0944479+12:00" endTime="2025-09-06T14:34:24.0944480+12:00" testType="13cdc9d9-ddb5-4fa4-a97d-d965ccfc6d4b" outcome="Passed" testListId="8c84fa94-04c1-424b-9868-57a2d4851a1d" relativeResultsDirectory="a6bd3d37-f57e-47ca-8189-8c538a352818" />
    <UnitTestResult executionId="0960e62a-924e-41a6-824b-13ae3832efae" testId="c9ccaeaf-e936-3fd2-a0f1-0723f5723e84" testName="AjpWiki.Infrastructure.Tests.Services.UserServiceTests.CreateUser_InvalidFields_ShouldThrow" computerName="anthony-System-Product-Name" duration="00:00:00.0003580" startTime="2025-09-06T14:34:24.4884714+12:00" endTime="2025-09-06T14:34:24.4884714+12:00" testType="13cdc9d9-ddb5-4fa4-a97d-d965ccfc6d4b" outcome="Passed" testListId="8c84fa94-04c1-424b-9868-57a2d4851a1d" relativeResultsDirectory="0960e62a-924e-41a6-824b-13ae3832efae" />
  </Results>
  <TestDefinitions>
    <UnitTest name="AjpWiki.Infrastructure.Tests.Services.UserServiceTests.ResetPassword_ShouldSendResetInstructions" storage="/home/anthony/documents/projects/wiki-project/ajpwiki.infrastructure.tests/bin/debug/net8.0/ajpwiki.infrastructure.tests.dll" id="41a962ac-8d28-4c5d-70ab-a800122fc196">
      <Execution id="13c42ede-ca20-4d6a-b094-ec4c434ff5a1" />
      <TestMethod codeBase="/home/anthony/Documents/Projects/wiki-project/AjpWiki.Infrastructure.Tests/bin/Debug/net8.0/AjpWiki.Infrastructure.Tests.dll" adapterTypeName="executor://xunit/VsTestRunner2/netcoreapp" className="AjpWiki.Infrastructure.Tests.Services.UserServiceTests" name="ResetPassword_ShouldSendResetInstructions" />
    </UnitTest>
    <UnitTest name="AjpWiki.Infrastructure.Tests.Services.UserServiceTests.CreateUser_InvalidFields_ShouldThrow" storage="/home/anthony/documents/projects/wiki-project/ajpwiki.infrastructure.tests/bin/debug/net8.0/ajpwiki.infrastructure.tests.dll" id="c9ccaeaf-e936-3fd2-a0f1-0723f5723e84">
      <Execution id="0960e62a-924e-41a6-824b-13ae3832efae" />
      <TestMethod codeBase="/home/anthony/Documents/Projects/wiki-project/AjpWiki.Infrastructure.Tests/bin/Debug/net8.0/AjpWiki.Infrastructure.Tests.dll" adapterTypeName="executor://xunit/VsTestRunner2/netcoreapp" className="AjpWiki.Infrastructure.Tests.Services.UserServiceTests" name="CreateUser_InvalidFields_ShouldThrow" />
    </UnitTest>
    <UnitTest name="AjpWiki.Infrastructure.Tests.Services.RoleServiceTests.GetAllRoles_ShouldReturnAllRoles" storage="/home/anthony/documents/projects/wiki-project/ajpwiki.infrastructure.tests/bin/debug/net8.0/ajpwiki.infrastructure.tests.dll" id="ca4d2632-d02f-35da-b0aa-0900f00d25ee">
      <Execution id="c7925c62-82bf-45eb-9bd8-a104da0d2b99" />
      <TestMethod codeBase="/home/anthony/Documents/Projects/wiki-project/AjpWiki.Infrastructure.Tests/bin/Debug/net8.0/AjpWiki.Infrastructure.Tests.dll" adapterTypeName="executor://xunit/VsTestRunner2/netcoreapp" className="AjpWiki.Infrastructure.Tests.Services.RoleServiceTests" name="GetAllRoles_ShouldReturnAllRoles" />
    </UnitTest>
    <UnitTest name="AjpWiki.Infrastructure.Tests.Services.UserServiceTests.ChangeAvatar_Oversized_ShouldThrow" storage="/home/anthony/documents/projects/wiki-project/ajpwiki.infrastructure.tests/bin/debug/net8.0/ajpwiki.infrastructure.tests.dll" id="cd2e58c9-e992-bd85-79bd-e0edb0da1b44">
      <Execution id="2d72fcf8-c60c-4bc0-8114-218ef877d0b5" />
      <TestMethod codeBase="/home/anthony/Documents/Projects/wiki-project/AjpWiki.Infrastructure.Tests/bin/Debug/net8.0/AjpWiki.Infrastructure.Tests.dll" adapterTypeName="executor://xunit/VsTestRunner2/netcoreapp" className="AjpWiki.Infrastructure.Tests.Services.UserServiceTests" name="ChangeAvatar_Oversized_ShouldThrow" />
    </UnitTest>
    <UnitTest name="AjpWiki.Infrastructure.Tests.Services.RoleServiceTests.AssignRole_ShouldAddRoleToUser" storage="/home/anthony/documents/projects/wiki-project/ajpwiki.infrastructure.tests/bin/debug/net8.0/ajpwiki.infrastructure.tests.dll" id="2464fe91-f4a7-7666-8ac9-f2ef2733273b">
      <Execution id="6a1abc46-2f8c-4ce4-995d-0a9bc5b758cb" />
      <TestMethod codeBase="/home/anthony/Documents/Projects/wiki-project/AjpWiki.Infrastructure.Tests/bin/Debug/net8.0/AjpWiki.Infrastructure.Tests.dll" adapterTypeName="executor://xunit/VsTestRunner2/netcoreapp" className="AjpWiki.Infrastructure.Tests.Services.RoleServiceTests" name="AssignRole_ShouldAddRoleToUser" />
    </UnitTest>
    <UnitTest name="AjpWiki.Infrastructure.Tests.Services.WikiArticleServiceTests.CreateArticle_ShouldAddNewArticle" storage="/home/anthony/documents/projects/wiki-project/ajpwiki.infrastructure.tests/bin/debug/net8.0/ajpwiki.infrastructure.tests.dll" id="7b4d2c2c-27d8-0432-fd45-8c186adb5db4">
      <Execution id="f4d37832-899c-40eb-bff6-accbe27408a1" />
      <TestMethod codeBase="/home/anthony/Documents/Projects/wiki-project/AjpWiki.Infrastructure.Tests/bin/Debug/net8.0/AjpWiki.Infrastructure.Tests.dll" adapterTypeName="executor://xunit/VsTestRunner2/netcoreapp" className="AjpWiki.Infrastructure.Tests.Services.WikiArticleServiceTests" name="CreateArticle_ShouldAddNewArticle" />
    </UnitTest>
    <UnitTest name="AjpWiki.Infrastructure.Tests.Services.UserServiceTests.CreateUser_DuplicateEmail_ShouldThrow" storage="/home/anthony/documents/projects/wiki-project/ajpwiki.infrastructure.tests/bin/debug/net8.0/ajpwiki.infrastructure.tests.dll" id="6083f26b-d5d6-9c08-5a0d-c62502083135">
      <Execution id="a0b7ad82-758a-41e5-a3d8-1c424a35cdf6" />
      <TestMethod codeBase="/home/anthony/Documents/Projects/wiki-project/AjpWiki.Infrastructure.Tests/bin/Debug/net8.0/AjpWiki.Infrastructure.Tests.dll" adapterTypeName="executor://xunit/VsTestRunner2/netcoreapp" className="AjpWiki.Infrastructure.Tests.Services.UserServiceTests" name="CreateUser_DuplicateEmail_ShouldThrow" />
    </UnitTest>
    <UnitTest name="AjpWiki.Infrastructure.Tests.Services.NotificationServiceTests.GetNotifications_ShouldReturnAllUserNotifications" storage="/home/anthony/documents/projects/wiki-project/ajpwiki.infrastructure.tests/bin/debug/net8.0/ajpwiki.infrastructure.tests.dll" id="829d49cc-ba2a-3c06-75e2-7c9f2844990b">
      <Execution id="3078039d-b071-4bcf-9ef6-98f161eee9cc" />
      <TestMethod codeBase="/home/anthony/Documents/Projects/wiki-project/AjpWiki.Infrastructure.Tests/bin/Debug/net8.0/AjpWiki.Infrastructure.Tests.dll" adapterTypeName="executor://xunit/VsTestRunner2/netcoreapp" className="AjpWiki.Infrastructure.Tests.Services.NotificationServiceTests" name="GetNotifications_ShouldReturnAllUserNotifications" />
    </UnitTest>
    <UnitTest name="AjpWiki.Infrastructure.Tests.Services.UserServiceTests.RejectUser_ShouldDenyAccess" storage="/home/anthony/documents/projects/wiki-project/ajpwiki.infrastructure.tests/bin/debug/net8.0/ajpwiki.infrastructure.tests.dll" id="4e70f9df-8543-81fd-fd74-eb03225de312">
      <Execution id="62b067b9-0ff8-427e-ba45-1b1364961073" />
      <TestMethod codeBase="/home/anthony/Documents/Projects/wiki-project/AjpWiki.Infrastructure.Tests/bin/Debug/net8.0/AjpWiki.Infrastructure.Tests.dll" adapterTypeName="executor://xunit/VsTestRunner2/netcoreapp" className="AjpWiki.Infrastructure.Tests.Services.UserServiceTests" name="RejectUser_ShouldDenyAccess" />
    </UnitTest>
    <UnitTest name="AjpWiki.Infrastructure.Tests.Services.WikiArticleServiceTests.GetArticlesByTag_ShouldReturnTaggedArticles" storage="/home/anthony/documents/projects/wiki-project/ajpwiki.infrastructure.tests/bin/debug/net8.0/ajpwiki.infrastructure.tests.dll" id="6c12ff72-ba1b-9022-81c9-62a5bf887b81">
      <Execution id="a2e6ae59-116c-43a4-a216-1fb1f9b10653" />
      <TestMethod codeBase="/home/anthony/Documents/Projects/wiki-project/AjpWiki.Infrastructure.Tests/bin/Debug/net8.0/AjpWiki.Infrastructure.Tests.dll" adapterTypeName="executor://xunit/VsTestRunner2/netcoreapp" className="AjpWiki.Infrastructure.Tests.Services.WikiArticleServiceTests" name="GetArticlesByTag_ShouldReturnTaggedArticles" />
    </UnitTest>
    <UnitTest name="AjpWiki.Infrastructure.Tests.Services.UserServiceTests.CreateUser_ShouldCreateNewUser" storage="/home/anthony/documents/projects/wiki-project/ajpwiki.infrastructure.tests/bin/debug/net8.0/ajpwiki.infrastructure.tests.dll" id="24fbd963-d891-4bb3-7fde-ace492278494">
      <Execution id="09a7fde4-49ee-473f-9e16-34f274a5e5bb" />
      <TestMethod codeBase="/home/anthony/Documents/Projects/wiki-project/AjpWiki.Infrastructure.Tests/bin/Debug/net8.0/AjpWiki.Infrastructure.Tests.dll" adapterTypeName="executor://xunit/VsTestRunner2/netcoreapp" className="AjpWiki.Infrastructure.Tests.Services.UserServiceTests" name="CreateUser_ShouldCreateNewUser" />
    </UnitTest>
    <UnitTest name="AjpWiki.Infrastructure.Tests.Services.WikiArticleServiceTests.AddComponent_ShouldAddComponentToArticle" storage="/home/anthony/documents/projects/wiki-project/ajpwiki.infrastructure.tests/bin/debug/net8.0/ajpwiki.infrastructure.tests.dll" id="57b575df-6cdf-b289-f1aa-86024a0ab935">
      <Execution id="e7669141-0a20-479f-ba5d-95639147803b" />
      <TestMethod codeBase="/home/anthony/Documents/Projects/wiki-project/AjpWiki.Infrastructure.Tests/bin/Debug/net8.0/AjpWiki.Infrastructure.Tests.dll" adapterTypeName="executor://xunit/VsTestRunner2/netcoreapp" className="AjpWiki.Infrastructure.Tests.Services.WikiArticleServiceTests" name="AddComponent_ShouldAddComponentToArticle" />
    </UnitTest>
    <UnitTest name="AjpWiki.Infrastructure.Tests.Services.UserServiceTests.DeleteAccount_ShouldRemoveUser" storage="/home/anthony/documents/projects/wiki-project/ajpwiki.infrastructure.tests/bin/debug/net8.0/ajpwiki.infrastructure.tests.dll" id="e12c9dc8-fb78-759a-561a-84826817d3e9">
      <Execution id="d5734a92-79d1-4aa1-b641-ef3edd8407db" />
      <TestMethod codeBase="/home/anthony/Documents/Projects/wiki-project/AjpWiki.Infrastructure.Tests/bin/Debug/net8.0/AjpWiki.Infrastructure.Tests.dll" adapterTypeName="executor://xunit/VsTestRunner2/netcoreapp" className="AjpWiki.Infrastructure.Tests.Services.UserServiceTests" name="DeleteAccount_ShouldRemoveUser" />
    </UnitTest>
    <UnitTest name="AjpWiki.Infrastructure.Tests.Services.RoleServiceTests.GetUserRoles_ShouldReturnAllRolesForUser" storage="/home/anthony/documents/projects/wiki-project/ajpwiki.infrastructure.tests/bin/debug/net8.0/ajpwiki.infrastructure.tests.dll" id="e07b0590-d61d-2122-3823-cd2a267e639b">
      <Execution id="ab1aa176-66a9-4a0c-af84-a5f57a6cf017" />
      <TestMethod codeBase="/home/anthony/Documents/Projects/wiki-project/AjpWiki.Infrastructure.Tests/bin/Debug/net8.0/AjpWiki.Infrastructure.Tests.dll" adapterTypeName="executor://xunit/VsTestRunner2/netcoreapp" className="AjpWiki.Infrastructure.Tests.Services.RoleServiceTests" name="GetUserRoles_ShouldReturnAllRolesForUser" />
    </UnitTest>
    <UnitTest name="AjpWiki.Infrastructure.Tests.Services.WikiArticleServiceTests.EditArticle_ShouldUpdateArticleContent" storage="/home/anthony/documents/projects/wiki-project/ajpwiki.infrastructure.tests/bin/debug/net8.0/ajpwiki.infrastructure.tests.dll" id="080c21c6-12b1-0297-ed26-b7957e1e51fb">
      <Execution id="f9101172-bddd-41fd-b2ab-97eb31507986" />
      <TestMethod codeBase="/home/anthony/Documents/Projects/wiki-project/AjpWiki.Infrastructure.Tests/bin/Debug/net8.0/AjpWiki.Infrastructure.Tests.dll" adapterTypeName="executor://xunit/VsTestRunner2/netcoreapp" className="AjpWiki.Infrastructure.Tests.Services.WikiArticleServiceTests" name="EditArticle_ShouldUpdateArticleContent" />
    </UnitTest>
    <UnitTest name="AjpWiki.Infrastructure.Tests.Services.NotificationServiceTests.GetUnreadCount_And_MarkAllAsRead_Works" storage="/home/anthony/documents/projects/wiki-project/ajpwiki.infrastructure.tests/bin/debug/net8.0/ajpwiki.infrastructure.tests.dll" id="03b3e9cc-efc4-38f7-aa77-bc1fcdc6b111">
      <Execution id="4f779073-e930-49b0-a60c-8fa22098f11d" />
      <TestMethod codeBase="/home/anthony/Documents/Projects/wiki-project/AjpWiki.Infrastructure.Tests/bin/Debug/net8.0/AjpWiki.Infrastructure.Tests.dll" adapterTypeName="executor://xunit/VsTestRunner2/netcoreapp" className="AjpWiki.Infrastructure.Tests.Services.NotificationServiceTests" name="GetUnreadCount_And_MarkAllAsRead_Works" />
    </UnitTest>
    <UnitTest name="AjpWiki.Infrastructure.Tests.Services.RoleServiceTests.AssignRole_ToUnknownUser_ShouldStillSucceedOrCreateRecord" storage="/home/anthony/documents/projects/wiki-project/ajpwiki.infrastructure.tests/bin/debug/net8.0/ajpwiki.infrastructure.tests.dll" id="5c98f8ac-5850-ffe8-2e79-a45a8349164f">
      <Execution id="cf9fee7f-a9f9-4f6c-9a9f-3ddb39bb10e6" />
      <TestMethod codeBase="/home/anthony/Documents/Projects/wiki-project/AjpWiki.Infrastructure.Tests/bin/Debug/net8.0/AjpWiki.Infrastructure.Tests.dll" adapterTypeName="executor://xunit/VsTestRunner2/netcoreapp" className="AjpWiki.Infrastructure.Tests.Services.RoleServiceTests" name="AssignRole_ToUnknownUser_ShouldStillSucceedOrCreateRecord" />
    </UnitTest>
    <UnitTest name="AjpWiki.Infrastructure.Tests.Services.UserServiceTests.RequestAccess_ShouldSendRequestToAdmin" storage="/home/anthony/documents/projects/wiki-project/ajpwiki.infrastructure.tests/bin/debug/net8.0/ajpwiki.infrastructure.tests.dll" id="9ad4d60f-725d-392c-882b-479289b19582">
      <Execution id="45b024ee-a91c-433e-a98e-d85fa99ee82b" />
      <TestMethod codeBase="/home/anthony/Documents/Projects/wiki-project/AjpWiki.Infrastructure.Tests/bin/Debug/net8.0/AjpWiki.Infrastructure.Tests.dll" adapterTypeName="executor://xunit/VsTestRunner2/netcoreapp" className="AjpWiki.Infrastructure.Tests.Services.UserServiceTests" name="RequestAccess_ShouldSendRequestToAdmin" />
    </UnitTest>
    <UnitTest name="AjpWiki.Infrastructure.Tests.Services.WikiArticleServiceTests.CreateArticle_WithDuplicateSlug_ShouldThrow" storage="/home/anthony/documents/projects/wiki-project/ajpwiki.infrastructure.tests/bin/debug/net8.0/ajpwiki.infrastructure.tests.dll" id="6b9306d6-8d72-b12e-9e97-2f4a36e08a8c">
      <Execution id="7e0765a3-eedf-4e47-9b70-ef97f88f7872" />
      <TestMethod codeBase="/home/anthony/Documents/Projects/wiki-project/AjpWiki.Infrastructure.Tests/bin/Debug/net8.0/AjpWiki.Infrastructure.Tests.dll" adapterTypeName="executor://xunit/VsTestRunner2/netcoreapp" className="AjpWiki.Infrastructure.Tests.Services.WikiArticleServiceTests" name="CreateArticle_WithDuplicateSlug_ShouldThrow" />
    </UnitTest>
    <UnitTest name="AjpWiki.Infrastructure.Tests.Services.WikiArticleServiceTests.EditArticle_ShouldCreateNewVersion" storage="/home/anthony/documents/projects/wiki-project/ajpwiki.infrastructure.tests/bin/debug/net8.0/ajpwiki.infrastructure.tests.dll" id="29145a72-b6cf-aa59-0b0d-fdfc0b6abb40">
      <Execution id="80b26fcf-c355-4761-803f-a7e8a8f54b2b" />
      <TestMethod codeBase="/home/anthony/Documents/Projects/wiki-project/AjpWiki.Infrastructure.Tests/bin/Debug/net8.0/AjpWiki.Infrastructure.Tests.dll" adapterTypeName="executor://xunit/VsTestRunner2/netcoreapp" className="AjpWiki.Infrastructure.Tests.Services.WikiArticleServiceTests" name="EditArticle_ShouldCreateNewVersion" />
    </UnitTest>
    <UnitTest name="AjpWiki.Infrastructure.Tests.Services.WikiArticleServiceTests.ReviewChange_ShouldAcceptOrRejectChange" storage="/home/anthony/documents/projects/wiki-project/ajpwiki.infrastructure.tests/bin/debug/net8.0/ajpwiki.infrastructure.tests.dll" id="65b06a2e-0045-883a-bdb8-0e202bb57883">
      <Execution id="679d0df8-1138-408f-862c-95590f0fe8d6" />
      <TestMethod codeBase="/home/anthony/Documents/Projects/wiki-project/AjpWiki.Infrastructure.Tests/bin/Debug/net8.0/AjpWiki.Infrastructure.Tests.dll" adapterTypeName="executor://xunit/VsTestRunner2/netcoreapp" className="AjpWiki.Infrastructure.Tests.Services.WikiArticleServiceTests" name="ReviewChange_ShouldAcceptOrRejectChange" />
    </UnitTest>
    <UnitTest name="AjpWiki.Infrastructure.Tests.Services.RoleServiceTests.RemoveRole_NotPresent_ShouldBeNoOp" storage="/home/anthony/documents/projects/wiki-project/ajpwiki.infrastructure.tests/bin/debug/net8.0/ajpwiki.infrastructure.tests.dll" id="7376ace3-76f0-d554-2c9d-056f39755b5e">
      <Execution id="a3583751-23ed-48cb-9a03-034ce85e1ab4" />
      <TestMethod codeBase="/home/anthony/Documents/Projects/wiki-project/AjpWiki.Infrastructure.Tests/bin/Debug/net8.0/AjpWiki.Infrastructure.Tests.dll" adapterTypeName="executor://xunit/VsTestRunner2/netcoreapp" className="AjpWiki.Infrastructure.Tests.Services.RoleServiceTests" name="RemoveRole_NotPresent_ShouldBeNoOp" />
    </UnitTest>
    <UnitTest name="AjpWiki.Infrastructure.Tests.Services.WikiArticleServiceTests.RollbackArticle_ShouldRestorePreviousVersion" storage="/home/anthony/documents/projects/wiki-project/ajpwiki.infrastructure.tests/bin/debug/net8.0/ajpwiki.infrastructure.tests.dll" id="c7668c6c-521a-f6c8-2723-2ca3cd5461ec">
      <Execution id="833f3832-e74f-42d6-9190-921870660686" />
      <TestMethod codeBase="/home/anthony/Documents/Projects/wiki-project/AjpWiki.Infrastructure.Tests/bin/Debug/net8.0/AjpWiki.Infrastructure.Tests.dll" adapterTypeName="executor://xunit/VsTestRunner2/netcoreapp" className="AjpWiki.Infrastructure.Tests.Services.WikiArticleServiceTests" name="RollbackArticle_ShouldRestorePreviousVersion" />
    </UnitTest>
    <UnitTest name="AjpWiki.Infrastructure.Tests.Services.UserServiceTests.EditProfile_NonExistentUser_ShouldNoOp" storage="/home/anthony/documents/projects/wiki-project/ajpwiki.infrastructure.tests/bin/debug/net8.0/ajpwiki.infrastructure.tests.dll" id="b91ca886-2868-4647-6df4-def0c644c331">
      <Execution id="8a7584e3-bac4-4417-a881-26f2caf60a68" />
      <TestMethod codeBase="/home/anthony/Documents/Projects/wiki-project/AjpWiki.Infrastructure.Tests/bin/Debug/net8.0/AjpWiki.Infrastructure.Tests.dll" adapterTypeName="executor://xunit/VsTestRunner2/netcoreapp" className="AjpWiki.Infrastructure.Tests.Services.UserServiceTests" name="EditProfile_NonExistentUser_ShouldNoOp" />
    </UnitTest>
    <UnitTest name="AjpWiki.Infrastructure.Tests.Services.UserServiceTests.ChangeAvatar_ShouldUpdateUserAvatar" storage="/home/anthony/documents/projects/wiki-project/ajpwiki.infrastructure.tests/bin/debug/net8.0/ajpwiki.infrastructure.tests.dll" id="3bdc259a-e8fc-2c0d-aeee-d7aee3bbc135">
      <Execution id="00ade449-64ee-4014-9b21-234f4a79f6a5" />
      <TestMethod codeBase="/home/anthony/Documents/Projects/wiki-project/AjpWiki.Infrastructure.Tests/bin/Debug/net8.0/AjpWiki.Infrastructure.Tests.dll" adapterTypeName="executor://xunit/VsTestRunner2/netcoreapp" className="AjpWiki.Infrastructure.Tests.Services.UserServiceTests" name="ChangeAvatar_ShouldUpdateUserAvatar" />
    </UnitTest>
    <UnitTest name="AjpWiki.Infrastructure.Tests.Services.RoleServiceTests.AssignRole_Idempotent_WhenAlreadyAssigned_NoDuplicate" storage="/home/anthony/documents/projects/wiki-project/ajpwiki.infrastructure.tests/bin/debug/net8.0/ajpwiki.infrastructure.tests.dll" id="ae86679a-dc43-2b01-21bd-ff1f91432960">
      <Execution id="4d80db53-9ead-47bd-aec9-83dfbcd1deaf" />
      <TestMethod codeBase="/home/anthony/Documents/Projects/wiki-project/AjpWiki.Infrastructure.Tests/bin/Debug/net8.0/AjpWiki.Infrastructure.Tests.dll" adapterTypeName="executor://xunit/VsTestRunner2/netcoreapp" className="AjpWiki.Infrastructure.Tests.Services.RoleServiceTests" name="AssignRole_Idempotent_WhenAlreadyAssigned_NoDuplicate" />
    </UnitTest>
    <UnitTest name="AjpWiki.Infrastructure.Tests.Services.UserServiceTests.DeleteAccount_ShouldRemoveUserAndNotifications" storage="/home/anthony/documents/projects/wiki-project/ajpwiki.infrastructure.tests/bin/debug/net8.0/ajpwiki.infrastructure.tests.dll" id="1f738243-c94a-694f-9850-441d884f767a">
      <Execution id="c0da7142-a32f-4b4b-853b-5dd1bba92520" />
      <TestMethod codeBase="/home/anthony/Documents/Projects/wiki-project/AjpWiki.Infrastructure.Tests/bin/Debug/net8.0/AjpWiki.Infrastructure.Tests.dll" adapterTypeName="executor://xunit/VsTestRunner2/netcoreapp" className="AjpWiki.Infrastructure.Tests.Services.UserServiceTests" name="DeleteAccount_ShouldRemoveUserAndNotifications" />
    </UnitTest>
    <UnitTest name="AjpWiki.Infrastructure.Tests.Services.NotificationServiceTests.GetNotifications_Pagination_ShouldReturnCorrectPages" storage="/home/anthony/documents/projects/wiki-project/ajpwiki.infrastructure.tests/bin/debug/net8.0/ajpwiki.infrastructure.tests.dll" id="75b99837-3df3-3c2d-a4df-800d318fefd6">
      <Execution id="1cf381f7-90a2-40ce-bdd2-3cb282ef33c8" />
      <TestMethod codeBase="/home/anthony/Documents/Projects/wiki-project/AjpWiki.Infrastructure.Tests/bin/Debug/net8.0/AjpWiki.Infrastructure.Tests.dll" adapterTypeName="executor://xunit/VsTestRunner2/netcoreapp" className="AjpWiki.Infrastructure.Tests.Services.NotificationServiceTests" name="GetNotifications_Pagination_ShouldReturnCorrectPages" />
    </UnitTest>
    <UnitTest name="AjpWiki.Infrastructure.Tests.Services.NotificationServiceTests.SendNotification_ShouldDeliverMessageToUser" storage="/home/anthony/documents/projects/wiki-project/ajpwiki.infrastructure.tests/bin/debug/net8.0/ajpwiki.infrastructure.tests.dll" id="b22adc2d-076c-d54a-f588-4dade8485188">
      <Execution id="196a3155-b10c-456f-b00e-16f3cce7e5dd" />
      <TestMethod codeBase="/home/anthony/Documents/Projects/wiki-project/AjpWiki.Infrastructure.Tests/bin/Debug/net8.0/AjpWiki.Infrastructure.Tests.dll" adapterTypeName="executor://xunit/VsTestRunner2/netcoreapp" className="AjpWiki.Infrastructure.Tests.Services.NotificationServiceTests" name="SendNotification_ShouldDeliverMessageToUser" />
    </UnitTest>
    <UnitTest name="AjpWiki.Infrastructure.Tests.Services.WikiArticleServiceTests.SearchArticles_ShouldReturnMatchingArticles" storage="/home/anthony/documents/projects/wiki-project/ajpwiki.infrastructure.tests/bin/debug/net8.0/ajpwiki.infrastructure.tests.dll" id="579e98bc-3925-5d8c-0d08-849c482f87a5">
      <Execution id="c5ee4426-b058-426b-8f15-7c00bea7e052" />
      <TestMethod codeBase="/home/anthony/Documents/Projects/wiki-project/AjpWiki.Infrastructure.Tests/bin/Debug/net8.0/AjpWiki.Infrastructure.Tests.dll" adapterTypeName="executor://xunit/VsTestRunner2/netcoreapp" className="AjpWiki.Infrastructure.Tests.Services.WikiArticleServiceTests" name="SearchArticles_ShouldReturnMatchingArticles" />
    </UnitTest>
    <UnitTest name="AjpWiki.Infrastructure.Tests.Services.UserServiceTests.ApproveUser_ShouldGrantAccess" storage="/home/anthony/documents/projects/wiki-project/ajpwiki.infrastructure.tests/bin/debug/net8.0/ajpwiki.infrastructure.tests.dll" id="7cded712-b709-1d54-23a3-1002f3498d72">
      <Execution id="893a6c24-7d29-4d01-8d7b-45e8f22a8a26" />
      <TestMethod codeBase="/home/anthony/Documents/Projects/wiki-project/AjpWiki.Infrastructure.Tests/bin/Debug/net8.0/AjpWiki.Infrastructure.Tests.dll" adapterTypeName="executor://xunit/VsTestRunner2/netcoreapp" className="AjpWiki.Infrastructure.Tests.Services.UserServiceTests" name="ApproveUser_ShouldGrantAccess" />
    </UnitTest>
    <UnitTest name="AjpWiki.Infrastructure.Tests.Services.UserServiceTests.CreateUser_ConcurrentDuplicateEmail_ShouldEnforceUniqueness" storage="/home/anthony/documents/projects/wiki-project/ajpwiki.infrastructure.tests/bin/debug/net8.0/ajpwiki.infrastructure.tests.dll" id="5ab7700d-ced0-1c36-3e73-eab5297f49c5">
      <Execution id="ac6f3702-0996-480a-8b36-d9ce27bb1508" />
      <TestMethod codeBase="/home/anthony/Documents/Projects/wiki-project/AjpWiki.Infrastructure.Tests/bin/Debug/net8.0/AjpWiki.Infrastructure.Tests.dll" adapterTypeName="executor://xunit/VsTestRunner2/netcoreapp" className="AjpWiki.Infrastructure.Tests.Services.UserServiceTests" name="CreateUser_ConcurrentDuplicateEmail_ShouldEnforceUniqueness" />
    </UnitTest>
    <UnitTest name="AjpWiki.Infrastructure.Tests.Services.NotificationServiceTests.MarkAsRead_Idempotent_And_MissingIsNoOp" storage="/home/anthony/documents/projects/wiki-project/ajpwiki.infrastructure.tests/bin/debug/net8.0/ajpwiki.infrastructure.tests.dll" id="7c6865a0-ca38-02c0-ee6d-865886040b34">
      <Execution id="916cffc1-c437-4d87-8b6e-1d27852dff31" />
      <TestMethod codeBase="/home/anthony/Documents/Projects/wiki-project/AjpWiki.Infrastructure.Tests/bin/Debug/net8.0/AjpWiki.Infrastructure.Tests.dll" adapterTypeName="executor://xunit/VsTestRunner2/netcoreapp" className="AjpWiki.Infrastructure.Tests.Services.NotificationServiceTests" name="MarkAsRead_Idempotent_And_MissingIsNoOp" />
    </UnitTest>
    <UnitTest name="AjpWiki.Infrastructure.Tests.Services.RoleServiceTests.RemoveRole_ShouldRemoveRoleFromUser" storage="/home/anthony/documents/projects/wiki-project/ajpwiki.infrastructure.tests/bin/debug/net8.0/ajpwiki.infrastructure.tests.dll" id="ec03d1dc-e709-b350-8870-f1aa6b72f7ba">
      <Execution id="7f2db447-dc1a-45b6-b2b4-bbbb4554edcc" />
      <TestMethod codeBase="/home/anthony/Documents/Projects/wiki-project/AjpWiki.Infrastructure.Tests/bin/Debug/net8.0/AjpWiki.Infrastructure.Tests.dll" adapterTypeName="executor://xunit/VsTestRunner2/netcoreapp" className="AjpWiki.Infrastructure.Tests.Services.RoleServiceTests" name="RemoveRole_ShouldRemoveRoleFromUser" />
    </UnitTest>
    <UnitTest name="AjpWiki.Infrastructure.Tests.Services.WikiArticleServiceTests.GetArticleHistory_ShouldReturnAllVersions" storage="/home/anthony/documents/projects/wiki-project/ajpwiki.infrastructure.tests/bin/debug/net8.0/ajpwiki.infrastructure.tests.dll" id="aac6f4e6-e9ee-3623-5fc7-bae01d07348b">
      <Execution id="b9fb0e07-b99e-484f-9f7f-7070b5b6e4a8" />
      <TestMethod codeBase="/home/anthony/Documents/Projects/wiki-project/AjpWiki.Infrastructure.Tests/bin/Debug/net8.0/AjpWiki.Infrastructure.Tests.dll" adapterTypeName="executor://xunit/VsTestRunner2/netcoreapp" className="AjpWiki.Infrastructure.Tests.Services.WikiArticleServiceTests" name="GetArticleHistory_ShouldReturnAllVersions" />
    </UnitTest>
    <UnitTest name="AjpWiki.Infrastructure.Tests.Services.UserServiceTests.EditProfile_ShouldUpdateUserProfile" storage="/home/anthony/documents/projects/wiki-project/ajpwiki.infrastructure.tests/bin/debug/net8.0/ajpwiki.infrastructure.tests.dll" id="a5c9d4c9-8bed-5139-85c9-1bd2784f34b3">
      <Execution id="99ea27ab-efe4-4921-a9f5-c90345cdcb26" />
      <TestMethod codeBase="/home/anthony/Documents/Projects/wiki-project/AjpWiki.Infrastructure.Tests/bin/Debug/net8.0/AjpWiki.Infrastructure.Tests.dll" adapterTypeName="executor://xunit/VsTestRunner2/netcoreapp" className="AjpWiki.Infrastructure.Tests.Services.UserServiceTests" name="EditProfile_ShouldUpdateUserProfile" />
    </UnitTest>
    <UnitTest name="AjpWiki.Infrastructure.Tests.Services.RoleServiceTests.AssignPrivilegedRole_WithoutPermission_ShouldThrow" storage="/home/anthony/documents/projects/wiki-project/ajpwiki.infrastructure.tests/bin/debug/net8.0/ajpwiki.infrastructure.tests.dll" id="b7972fba-0536-bb87-1004-35587d5ce968">
      <Execution id="d5122234-1945-4a62-b967-589f6ce53d5c" />
      <TestMethod codeBase="/home/anthony/Documents/Projects/wiki-project/AjpWiki.Infrastructure.Tests/bin/Debug/net8.0/AjpWiki.Infrastructure.Tests.dll" adapterTypeName="executor://xunit/VsTestRunner2/netcoreapp" className="AjpWiki.Infrastructure.Tests.Services.RoleServiceTests" name="AssignPrivilegedRole_WithoutPermission_ShouldThrow" />
    </UnitTest>
    <UnitTest name="AjpWiki.Infrastructure.Tests.Services.WikiArticleServiceTests.ProposeChange_ShouldCreateChangeRequest" storage="/home/anthony/documents/projects/wiki-project/ajpwiki.infrastructure.tests/bin/debug/net8.0/ajpwiki.infrastructure.tests.dll" id="184a0665-7a05-ba5b-cbf6-018424b6a526">
      <Execution id="a6bd3d37-f57e-47ca-8189-8c538a352818" />
      <TestMethod codeBase="/home/anthony/Documents/Projects/wiki-project/AjpWiki.Infrastructure.Tests/bin/Debug/net8.0/AjpWiki.Infrastructure.Tests.dll" adapterTypeName="executor://xunit/VsTestRunner2/netcoreapp" className="AjpWiki.Infrastructure.Tests.Services.WikiArticleServiceTests" name="ProposeChange_ShouldCreateChangeRequest" />
    </UnitTest>
    <UnitTest name="AjpWiki.Infrastructure.Tests.Services.NotificationServiceTests.SendNotification_ToNonExistentUser_ShouldThrow" storage="/home/anthony/documents/projects/wiki-project/ajpwiki.infrastructure.tests/bin/debug/net8.0/ajpwiki.infrastructure.tests.dll" id="659a3dcf-1a79-2233-a067-8162129feaff">
      <Execution id="3258aa9e-d2c0-4d01-8b5d-c8f10d851095" />
      <TestMethod codeBase="/home/anthony/Documents/Projects/wiki-project/AjpWiki.Infrastructure.Tests/bin/Debug/net8.0/AjpWiki.Infrastructure.Tests.dll" adapterTypeName="executor://xunit/VsTestRunner2/netcoreapp" className="AjpWiki.Infrastructure.Tests.Services.NotificationServiceTests" name="SendNotification_ToNonExistentUser_ShouldThrow" />
    </UnitTest>
  </TestDefinitions>
  <TestEntries>
    <TestEntry testId="b22adc2d-076c-d54a-f588-4dade8485188" executionId="196a3155-b10c-456f-b00e-16f3cce7e5dd" testListId="8c84fa94-04c1-424b-9868-57a2d4851a1d" />
    <TestEntry testId="3bdc259a-e8fc-2c0d-aeee-d7aee3bbc135" executionId="00ade449-64ee-4014-9b21-234f4a79f6a5" testListId="8c84fa94-04c1-424b-9868-57a2d4851a1d" />
    <TestEntry testId="6c12ff72-ba1b-9022-81c9-62a5bf887b81" executionId="a2e6ae59-116c-43a4-a216-1fb1f9b10653" testListId="8c84fa94-04c1-424b-9868-57a2d4851a1d" />
    <TestEntry testId="ae86679a-dc43-2b01-21bd-ff1f91432960" executionId="4d80db53-9ead-47bd-aec9-83dfbcd1deaf" testListId="8c84fa94-04c1-424b-9868-57a2d4851a1d" />
    <TestEntry testId="ca4d2632-d02f-35da-b0aa-0900f00d25ee" executionId="c7925c62-82bf-45eb-9bd8-a104da0d2b99" testListId="8c84fa94-04c1-424b-9868-57a2d4851a1d" />
    <TestEntry testId="41a962ac-8d28-4c5d-70ab-a800122fc196" executionId="13c42ede-ca20-4d6a-b094-ec4c434ff5a1" testListId="8c84fa94-04c1-424b-9868-57a2d4851a1d" />
    <TestEntry testId="24fbd963-d891-4bb3-7fde-ace492278494" executionId="09a7fde4-49ee-473f-9e16-34f274a5e5bb" testListId="8c84fa94-04c1-424b-9868-57a2d4851a1d" />
    <TestEntry testId="29145a72-b6cf-aa59-0b0d-fdfc0b6abb40" executionId="80b26fcf-c355-4761-803f-a7e8a8f54b2b" testListId="8c84fa94-04c1-424b-9868-57a2d4851a1d" />
    <TestEntry testId="659a3dcf-1a79-2233-a067-8162129feaff" executionId="3258aa9e-d2c0-4d01-8b5d-c8f10d851095" testListId="8c84fa94-04c1-424b-9868-57a2d4851a1d" />
    <TestEntry testId="7c6865a0-ca38-02c0-ee6d-865886040b34" executionId="916cffc1-c437-4d87-8b6e-1d27852dff31" testListId="8c84fa94-04c1-424b-9868-57a2d4851a1d" />
    <TestEntry testId="ec03d1dc-e709-b350-8870-f1aa6b72f7ba" executionId="7f2db447-dc1a-45b6-b2b4-bbbb4554edcc" testListId="8c84fa94-04c1-424b-9868-57a2d4851a1d" />
    <TestEntry testId="1f738243-c94a-694f-9850-441d884f767a" executionId="c0da7142-a32f-4b4b-853b-5dd1bba92520" testListId="8c84fa94-04c1-424b-9868-57a2d4851a1d" />
    <TestEntry testId="e12c9dc8-fb78-759a-561a-84826817d3e9" executionId="d5734a92-79d1-4aa1-b641-ef3edd8407db" testListId="8c84fa94-04c1-424b-9868-57a2d4851a1d" />
    <TestEntry testId="4e70f9df-8543-81fd-fd74-eb03225de312" executionId="62b067b9-0ff8-427e-ba45-1b1364961073" testListId="8c84fa94-04c1-424b-9868-57a2d4851a1d" />
    <TestEntry testId="080c21c6-12b1-0297-ed26-b7957e1e51fb" executionId="f9101172-bddd-41fd-b2ab-97eb31507986" testListId="8c84fa94-04c1-424b-9868-57a2d4851a1d" />
    <TestEntry testId="829d49cc-ba2a-3c06-75e2-7c9f2844990b" executionId="3078039d-b071-4bcf-9ef6-98f161eee9cc" testListId="8c84fa94-04c1-424b-9868-57a2d4851a1d" />
    <TestEntry testId="75b99837-3df3-3c2d-a4df-800d318fefd6" executionId="1cf381f7-90a2-40ce-bdd2-3cb282ef33c8" testListId="8c84fa94-04c1-424b-9868-57a2d4851a1d" />
    <TestEntry testId="a5c9d4c9-8bed-5139-85c9-1bd2784f34b3" executionId="99ea27ab-efe4-4921-a9f5-c90345cdcb26" testListId="8c84fa94-04c1-424b-9868-57a2d4851a1d" />
    <TestEntry testId="5c98f8ac-5850-ffe8-2e79-a45a8349164f" executionId="cf9fee7f-a9f9-4f6c-9a9f-3ddb39bb10e6" testListId="8c84fa94-04c1-424b-9868-57a2d4851a1d" />
    <TestEntry testId="65b06a2e-0045-883a-bdb8-0e202bb57883" executionId="679d0df8-1138-408f-862c-95590f0fe8d6" testListId="8c84fa94-04c1-424b-9868-57a2d4851a1d" />
    <TestEntry testId="e07b0590-d61d-2122-3823-cd2a267e639b" executionId="ab1aa176-66a9-4a0c-af84-a5f57a6cf017" testListId="8c84fa94-04c1-424b-9868-57a2d4851a1d" />
    <TestEntry testId="7cded712-b709-1d54-23a3-1002f3498d72" executionId="893a6c24-7d29-4d01-8d7b-45e8f22a8a26" testListId="8c84fa94-04c1-424b-9868-57a2d4851a1d" />
    <TestEntry testId="b91ca886-2868-4647-6df4-def0c644c331" executionId="8a7584e3-bac4-4417-a881-26f2caf60a68" testListId="8c84fa94-04c1-424b-9868-57a2d4851a1d" />
    <TestEntry testId="7b4d2c2c-27d8-0432-fd45-8c186adb5db4" executionId="f4d37832-899c-40eb-bff6-accbe27408a1" testListId="8c84fa94-04c1-424b-9868-57a2d4851a1d" />
    <TestEntry testId="b7972fba-0536-bb87-1004-35587d5ce968" executionId="d5122234-1945-4a62-b967-589f6ce53d5c" testListId="8c84fa94-04c1-424b-9868-57a2d4851a1d" />
    <TestEntry testId="9ad4d60f-725d-392c-882b-479289b19582" executionId="45b024ee-a91c-433e-a98e-d85fa99ee82b" testListId="8c84fa94-04c1-424b-9868-57a2d4851a1d" />
    <TestEntry testId="03b3e9cc-efc4-38f7-aa77-bc1fcdc6b111" executionId="4f779073-e930-49b0-a60c-8fa22098f11d" testListId="8c84fa94-04c1-424b-9868-57a2d4851a1d" />
    <TestEntry testId="7376ace3-76f0-d554-2c9d-056f39755b5e" executionId="a3583751-23ed-48cb-9a03-034ce85e1ab4" testListId="8c84fa94-04c1-424b-9868-57a2d4851a1d" />
    <TestEntry testId="aac6f4e6-e9ee-3623-5fc7-bae01d07348b" executionId="b9fb0e07-b99e-484f-9f7f-7070b5b6e4a8" testListId="8c84fa94-04c1-424b-9868-57a2d4851a1d" />
    <TestEntry testId="5ab7700d-ced0-1c36-3e73-eab5297f49c5" executionId="ac6f3702-0996-480a-8b36-d9ce27bb1508" testListId="8c84fa94-04c1-424b-9868-57a2d4851a1d" />
    <TestEntry testId="579e98bc-3925-5d8c-0d08-849c482f87a5" executionId="c5ee4426-b058-426b-8f15-7c00bea7e052" testListId="8c84fa94-04c1-424b-9868-57a2d4851a1d" />
    <TestEntry testId="cd2e58c9-e992-bd85-79bd-e0edb0da1b44" executionId="2d72fcf8-c60c-4bc0-8114-218ef877d0b5" testListId="8c84fa94-04c1-424b-9868-57a2d4851a1d" />
    <TestEntry testId="2464fe91-f4a7-7666-8ac9-f2ef2733273b" executionId="6a1abc46-2f8c-4ce4-995d-0a9bc5b758cb" testListId="8c84fa94-04c1-424b-9868-57a2d4851a1d" />
    <TestEntry testId="57b575df-6cdf-b289-f1aa-86024a0ab935" executionId="e7669141-0a20-479f-ba5d-95639147803b" testListId="8c84fa94-04c1-424b-9868-57a2d4851a1d" />
    <TestEntry testId="6b9306d6-8d72-b12e-9e97-2f4a36e08a8c" executionId="7e0765a3-eedf-4e47-9b70-ef97f88f7872" testListId="8c84fa94-04c1-424b-9868-57a2d4851a1d" />
    <TestEntry testId="6083f26b-d5d6-9c08-5a0d-c62502083135" executionId="a0b7ad82-758a-41e5-a3d8-1c424a35cdf6" testListId="8c84fa94-04c1-424b-9868-57a2d4851a1d" />
    <TestEntry testId="c7668c6c-521a-f6c8-2723-2ca3cd5461ec" executionId="833f3832-e74f-42d6-9190-921870660686" testListId="8c84fa94-04c1-424b-9868-57a2d4851a1d" />
    <TestEntry testId="184a0665-7a05-ba5b-cbf6-018424b6a526" executionId="a6bd3d37-f57e-47ca-8189-8c538a352818" testListId="8c84fa94-04c1-424b-9868-57a2d4851a1d" />
    <TestEntry testId="c9ccaeaf-e936-3fd2-a0f1-0723f5723e84" executionId="0960e62a-924e-41a6-824b-13ae3832efae" testListId="8c84fa94-04c1-424b-9868-57a2d4851a1d" />
  </TestEntries>
  <TestLists>
    <TestList name="Results Not in a List" id="8c84fa94-04c1-424b-9868-57a2d4851a1d" />
    <TestList name="All Loaded Results" id="19431567-8539-422a-85d7-44ee4e166bda" />
  </TestLists>
  <ResultSummary outcome="Completed">
    <Counters total="39" executed="39" passed="39" failed="0" error="0" timeout="0" aborted="0" inconclusive="0" passedButRunAborted="0" notRunnable="0" notExecuted="0" disconnected="0" warning="0" completed="0" inProgress="0" pending="0" />
    <Output>
      <StdOut>[xUnit.net 00:00:00.00] xUnit.net VSTest Adapter v2.5.0.1+5ebf84cd75 (64-bit .NET 8.0.19)
[xUnit.net 00:00:00.05]   Discovering: AjpWiki.Infrastructure.Tests
[xUnit.net 00:00:00.08]   Discovered:  AjpWiki.Infrastructure.Tests
[xUnit.net 00:00:00.09]   Starting:    AjpWiki.Infrastructure.Tests
[xUnit.net 00:00:01.08]   Finished:    AjpWiki.Infrastructure.Tests
</StdOut>
    </Output>
  </ResultSummary>
</TestRun>