<?xml version="1.0" encoding="utf-8"?>
<TestRun id="bc112070-eb17-41ab-a9a0-37d76467802f" name="@anthony-System-Product-Name 2025-09-06 14:59:52" xmlns="http://microsoft.com/schemas/VisualStudio/TeamTest/2010">
  <Times creation="2025-09-06T14:59:52.3672353+12:00" queuing="2025-09-06T14:59:52.3672354+12:00" start="2025-09-06T14:59:51.2926830+12:00" finish="2025-09-06T14:59:52.7846135+12:00" />
  <TestSettings name="default" id="c1b856eb-a90f-4377-b5ad-383d9e5dbb08">
    <Deployment runDeploymentRoot="_anthony-System-Product-Name_2025-09-06_14_59_52" />
  </TestSettings>
  <Results>
    <UnitTestResult executionId="2ff8dc15-d2c8-4561-b8ba-4458f5f979df" testId="b22adc2d-076c-d54a-f588-4dade8485188" testName="AjpWiki.Infrastructure.Tests.Services.NotificationServiceTests.SendNotification_ShouldDeliverMessageToUser" computerName="anthony-System-Product-Name" duration="00:00:00.5188983" startTime="2025-09-06T14:59:52.2954331+12:00" endTime="2025-09-06T14:59:52.2954332+12:00" testType="13cdc9d9-ddb5-4fa4-a97d-d965ccfc6d4b" outcome="Passed" testListId="8c84fa94-04c1-424b-9868-57a2d4851a1d" relativeResultsDirectory="2ff8dc15-d2c8-4561-b8ba-4458f5f979df" />
    <UnitTestResult executionId="06c8a995-415a-45f8-8a75-38128d0cf823" testId="659a3dcf-1a79-2233-a067-8162129feaff" testName="AjpWiki.Infrastructure.Tests.Services.NotificationServiceTests.SendNotification_ToNonExistentUser_ShouldThrow" computerName="anthony-System-Product-Name" duration="00:00:00.0053309" startTime="2025-09-06T14:59:52.3608579+12:00" endTime="2025-09-06T14:59:52.3608580+12:00" testType="13cdc9d9-ddb5-4fa4-a97d-d965ccfc6d4b" outcome="Passed" testListId="8c84fa94-04c1-424b-9868-57a2d4851a1d" relativeResultsDirectory="06c8a995-415a-45f8-8a75-38128d0cf823" />
    <UnitTestResult executionId="eedf9d2b-6d96-43e0-ab69-cd4975e72af5" testId="e07b0590-d61d-2122-3823-cd2a267e639b" testName="AjpWiki.Infrastructure.Tests.Services.RoleServiceTests.GetUserRoles_ShouldReturnAllRolesForUser" computerName="anthony-System-Product-Name" duration="00:00:00.0000615" startTime="2025-09-06T14:59:52.3315078+12:00" endTime="2025-09-06T14:59:52.3315078+12:00" testType="13cdc9d9-ddb5-4fa4-a97d-d965ccfc6d4b" outcome="Passed" testListId="8c84fa94-04c1-424b-9868-57a2d4851a1d" relativeResultsDirectory="eedf9d2b-6d96-43e0-ab69-cd4975e72af5" />
    <UnitTestResult executionId="70614390-e2a5-47bc-881a-84959f0846ec" testId="41a962ac-8d28-4c5d-70ab-a800122fc196" testName="AjpWiki.Infrastructure.Tests.Services.UserServiceTests.ResetPassword_ShouldSendResetInstructions" computerName="anthony-System-Product-Name" duration="00:00:00.0000519" startTime="2025-09-06T14:59:52.7192676+12:00" endTime="2025-09-06T14:59:52.7192676+12:00" testType="13cdc9d9-ddb5-4fa4-a97d-d965ccfc6d4b" outcome="Passed" testListId="8c84fa94-04c1-424b-9868-57a2d4851a1d" relativeResultsDirectory="70614390-e2a5-47bc-881a-84959f0846ec" />
    <UnitTestResult executionId="7f29cbcb-9d05-4eb9-b8f7-7df590f3a84b" testId="5ab7700d-ced0-1c36-3e73-eab5297f49c5" testName="AjpWiki.Infrastructure.Tests.Services.UserServiceTests.CreateUser_ConcurrentDuplicateEmail_ShouldEnforceUniqueness" computerName="anthony-System-Product-Name" duration="00:00:00.4096022" startTime="2025-09-06T14:59:52.7044924+12:00" endTime="2025-09-06T14:59:52.7044924+12:00" testType="13cdc9d9-ddb5-4fa4-a97d-d965ccfc6d4b" outcome="Passed" testListId="8c84fa94-04c1-424b-9868-57a2d4851a1d" relativeResultsDirectory="7f29cbcb-9d05-4eb9-b8f7-7df590f3a84b" />
    <UnitTestResult executionId="8877475f-bd3b-4f12-8b9a-74e900f5e2b7" testId="01534466-7b41-906e-25d7-84bcb8b23ccb" testName="AjpWiki.Infrastructure.Tests.Services.WikiArticleServiceTests.CreateArticle_ServiceDuplicateSlug_ThrowsDuplicateSlugException" computerName="anthony-System-Product-Name" duration="00:00:00.5205856" startTime="2025-09-06T14:59:52.2968327+12:00" endTime="2025-09-06T14:59:52.2968327+12:00" testType="13cdc9d9-ddb5-4fa4-a97d-d965ccfc6d4b" outcome="Passed" testListId="8c84fa94-04c1-424b-9868-57a2d4851a1d" relativeResultsDirectory="8877475f-bd3b-4f12-8b9a-74e900f5e2b7" />
    <UnitTestResult executionId="5efcf300-4413-46a0-a931-2dcaa4540e6a" testId="6b9306d6-8d72-b12e-9e97-2f4a36e08a8c" testName="AjpWiki.Infrastructure.Tests.Services.WikiArticleServiceTests.CreateArticle_WithDuplicateSlug_ShouldThrow" computerName="anthony-System-Product-Name" duration="00:00:00.0010912" startTime="2025-09-06T14:59:52.3312046+12:00" endTime="2025-09-06T14:59:52.3312046+12:00" testType="13cdc9d9-ddb5-4fa4-a97d-d965ccfc6d4b" outcome="Passed" testListId="8c84fa94-04c1-424b-9868-57a2d4851a1d" relativeResultsDirectory="5efcf300-4413-46a0-a931-2dcaa4540e6a" />
    <UnitTestResult executionId="a70ffc9e-53ac-4425-9cc6-ea2220ff6d18" testId="c9ccaeaf-e936-3fd2-a0f1-0723f5723e84" testName="AjpWiki.Infrastructure.Tests.Services.UserServiceTests.CreateUser_InvalidFields_ShouldThrow" computerName="anthony-System-Product-Name" duration="00:00:00.0003748" startTime="2025-09-06T14:59:52.7203300+12:00" endTime="2025-09-06T14:59:52.7203301+12:00" testType="13cdc9d9-ddb5-4fa4-a97d-d965ccfc6d4b" outcome="Passed" testListId="8c84fa94-04c1-424b-9868-57a2d4851a1d" relativeResultsDirectory="a70ffc9e-53ac-4425-9cc6-ea2220ff6d18" />
    <UnitTestResult executionId="38ece0fa-3780-4a8f-8f09-8973fa7ee981" testId="3bdc259a-e8fc-2c0d-aeee-d7aee3bbc135" testName="AjpWiki.Infrastructure.Tests.Services.UserServiceTests.ChangeAvatar_ShouldUpdateUserAvatar" computerName="anthony-System-Product-Name" duration="00:00:00.0026867" startTime="2025-09-06T14:59:51.7824633+12:00" endTime="2025-09-06T14:59:51.7825057+12:00" testType="13cdc9d9-ddb5-4fa4-a97d-d965ccfc6d4b" outcome="Passed" testListId="8c84fa94-04c1-424b-9868-57a2d4851a1d" relativeResultsDirectory="38ece0fa-3780-4a8f-8f09-8973fa7ee981" />
    <UnitTestResult executionId="c2ebf99b-fc5c-4ef2-bb77-c0948cbcaf7e" testId="5c98f8ac-5850-ffe8-2e79-a45a8349164f" testName="AjpWiki.Infrastructure.Tests.Services.RoleServiceTests.AssignRole_ToUnknownUser_ShouldStillSucceedOrCreateRecord" computerName="anthony-System-Product-Name" duration="00:00:00.0008082" startTime="2025-09-06T14:59:52.3313636+12:00" endTime="2025-09-06T14:59:52.3313636+12:00" testType="13cdc9d9-ddb5-4fa4-a97d-d965ccfc6d4b" outcome="Passed" testListId="8c84fa94-04c1-424b-9868-57a2d4851a1d" relativeResultsDirectory="c2ebf99b-fc5c-4ef2-bb77-c0948cbcaf7e" />
    <UnitTestResult executionId="09675686-40e7-44fd-a7e0-8043d2f333ae" testId="ca4d2632-d02f-35da-b0aa-0900f00d25ee" testName="AjpWiki.Infrastructure.Tests.Services.RoleServiceTests.GetAllRoles_ShouldReturnAllRoles" computerName="anthony-System-Product-Name" duration="00:00:00.0000855" startTime="2025-09-06T14:59:52.3013254+12:00" endTime="2025-09-06T14:59:52.3013255+12:00" testType="13cdc9d9-ddb5-4fa4-a97d-d965ccfc6d4b" outcome="Passed" testListId="8c84fa94-04c1-424b-9868-57a2d4851a1d" relativeResultsDirectory="09675686-40e7-44fd-a7e0-8043d2f333ae" />
    <UnitTestResult executionId="e20233b2-2bc6-4818-84fa-6463c3650e12" testId="a5c9d4c9-8bed-5139-85c9-1bd2784f34b3" testName="AjpWiki.Infrastructure.Tests.Services.UserServiceTests.EditProfile_ShouldUpdateUserProfile" computerName="anthony-System-Product-Name" duration="00:00:00.0000524" startTime="2025-09-06T14:59:52.7135059+12:00" endTime="2025-09-06T14:59:52.7135059+12:00" testType="13cdc9d9-ddb5-4fa4-a97d-d965ccfc6d4b" outcome="Passed" testListId="8c84fa94-04c1-424b-9868-57a2d4851a1d" relativeResultsDirectory="e20233b2-2bc6-4818-84fa-6463c3650e12" />
    <UnitTestResult executionId="d826fc70-b049-495b-be1f-76a17fb248e2" testId="b7972fba-0536-bb87-1004-35587d5ce968" testName="AjpWiki.Infrastructure.Tests.Services.RoleServiceTests.AssignPrivilegedRole_WithoutPermission_ShouldThrow" computerName="anthony-System-Product-Name" duration="00:00:00.0028423" startTime="2025-09-06T14:59:52.3314617+12:00" endTime="2025-09-06T14:59:52.3314618+12:00" testType="13cdc9d9-ddb5-4fa4-a97d-d965ccfc6d4b" outcome="Passed" testListId="8c84fa94-04c1-424b-9868-57a2d4851a1d" relativeResultsDirectory="d826fc70-b049-495b-be1f-76a17fb248e2" />
    <UnitTestResult executionId="dd491dc2-1878-47c4-9bc1-07f042702370" testId="7c6865a0-ca38-02c0-ee6d-865886040b34" testName="AjpWiki.Infrastructure.Tests.Services.NotificationServiceTests.MarkAsRead_Idempotent_And_MissingIsNoOp" computerName="anthony-System-Product-Name" duration="00:00:00.0125148" startTime="2025-09-06T14:59:52.3451980+12:00" endTime="2025-09-06T14:59:52.3451981+12:00" testType="13cdc9d9-ddb5-4fa4-a97d-d965ccfc6d4b" outcome="Passed" testListId="8c84fa94-04c1-424b-9868-57a2d4851a1d" relativeResultsDirectory="dd491dc2-1878-47c4-9bc1-07f042702370" />
    <UnitTestResult executionId="e4ee7767-5549-4535-bdc0-a00726a4a023" testId="7b4d2c2c-27d8-0432-fd45-8c186adb5db4" testName="AjpWiki.Infrastructure.Tests.Services.WikiArticleServiceTests.CreateArticle_ShouldAddNewArticle" computerName="anthony-System-Product-Name" duration="00:00:00.0087702" startTime="2025-09-06T14:59:52.3315816+12:00" endTime="2025-09-06T14:59:52.3315817+12:00" testType="13cdc9d9-ddb5-4fa4-a97d-d965ccfc6d4b" outcome="Passed" testListId="8c84fa94-04c1-424b-9868-57a2d4851a1d" relativeResultsDirectory="e4ee7767-5549-4535-bdc0-a00726a4a023" />
    <UnitTestResult executionId="4aea585f-66cb-4897-8026-480b1ecda2fa" testId="75b99837-3df3-3c2d-a4df-800d318fefd6" testName="AjpWiki.Infrastructure.Tests.Services.NotificationServiceTests.GetNotifications_Pagination_ShouldReturnCorrectPages" computerName="anthony-System-Product-Name" duration="00:00:00.0119735" startTime="2025-09-06T14:59:52.3728750+12:00" endTime="2025-09-06T14:59:52.3728751+12:00" testType="13cdc9d9-ddb5-4fa4-a97d-d965ccfc6d4b" outcome="Passed" testListId="8c84fa94-04c1-424b-9868-57a2d4851a1d" relativeResultsDirectory="4aea585f-66cb-4897-8026-480b1ecda2fa" />
    <UnitTestResult executionId="75e8da78-29a2-43ce-be5d-8f89870c90ed" testId="2464fe91-f4a7-7666-8ac9-f2ef2733273b" testName="AjpWiki.Infrastructure.Tests.Services.RoleServiceTests.AssignRole_ShouldAddRoleToUser" computerName="anthony-System-Product-Name" duration="00:00:00.0178829" startTime="2025-09-06T14:59:52.3312500+12:00" endTime="2025-09-06T14:59:52.3312501+12:00" testType="13cdc9d9-ddb5-4fa4-a97d-d965ccfc6d4b" outcome="Passed" testListId="8c84fa94-04c1-424b-9868-57a2d4851a1d" relativeResultsDirectory="75e8da78-29a2-43ce-be5d-8f89870c90ed" />
    <UnitTestResult executionId="3fec1640-8571-4414-83e6-866e7d8c0dea" testId="4e70f9df-8543-81fd-fd74-eb03225de312" testName="AjpWiki.Infrastructure.Tests.Services.UserServiceTests.RejectUser_ShouldDenyAccess" computerName="anthony-System-Product-Name" duration="00:00:00.0000426" startTime="2025-09-06T14:59:52.7139294+12:00" endTime="2025-09-06T14:59:52.7139294+12:00" testType="13cdc9d9-ddb5-4fa4-a97d-d965ccfc6d4b" outcome="Passed" testListId="8c84fa94-04c1-424b-9868-57a2d4851a1d" relativeResultsDirectory="3fec1640-8571-4414-83e6-866e7d8c0dea" />
    <UnitTestResult executionId="5556a55d-f880-4c26-aff8-9009569a4eb7" testId="6083f26b-d5d6-9c08-5a0d-c62502083135" testName="AjpWiki.Infrastructure.Tests.Services.UserServiceTests.CreateUser_DuplicateEmail_ShouldThrow" computerName="anthony-System-Product-Name" duration="00:00:00.0008303" startTime="2025-09-06T14:59:52.7053524+12:00" endTime="2025-09-06T14:59:52.7053525+12:00" testType="13cdc9d9-ddb5-4fa4-a97d-d965ccfc6d4b" outcome="Passed" testListId="8c84fa94-04c1-424b-9868-57a2d4851a1d" relativeResultsDirectory="5556a55d-f880-4c26-aff8-9009569a4eb7" />
    <UnitTestResult executionId="5c0908cb-af8a-4b2d-b3d7-fd02442f1e92" testId="e12c9dc8-fb78-759a-561a-84826817d3e9" testName="AjpWiki.Infrastructure.Tests.Services.UserServiceTests.DeleteAccount_ShouldRemoveUser" computerName="anthony-System-Product-Name" duration="00:00:00.0000424" startTime="2025-09-06T14:59:52.7139607+12:00" endTime="2025-09-06T14:59:52.7139607+12:00" testType="13cdc9d9-ddb5-4fa4-a97d-d965ccfc6d4b" outcome="Passed" testListId="8c84fa94-04c1-424b-9868-57a2d4851a1d" relativeResultsDirectory="5c0908cb-af8a-4b2d-b3d7-fd02442f1e92" />
    <UnitTestResult executionId="4f04d760-6026-4739-b3ae-acd2f045ccc2" testId="1f738243-c94a-694f-9850-441d884f767a" testName="AjpWiki.Infrastructure.Tests.Services.UserServiceTests.DeleteAccount_ShouldRemoveUserAndNotifications" computerName="anthony-System-Product-Name" duration="00:00:00.0079326" startTime="2025-09-06T14:59:52.7133325+12:00" endTime="2025-09-06T14:59:52.7133326+12:00" testType="13cdc9d9-ddb5-4fa4-a97d-d965ccfc6d4b" outcome="Passed" testListId="8c84fa94-04c1-424b-9868-57a2d4851a1d" relativeResultsDirectory="4f04d760-6026-4739-b3ae-acd2f045ccc2" />
    <UnitTestResult executionId="674d5542-3000-4cfa-8e39-668d2973fb66" testId="9ad4d60f-725d-392c-882b-479289b19582" testName="AjpWiki.Infrastructure.Tests.Services.UserServiceTests.RequestAccess_ShouldSendRequestToAdmin" computerName="anthony-System-Product-Name" duration="00:00:00.0000484" startTime="2025-09-06T14:59:52.7199064+12:00" endTime="2025-09-06T14:59:52.7199064+12:00" testType="13cdc9d9-ddb5-4fa4-a97d-d965ccfc6d4b" outcome="Passed" testListId="8c84fa94-04c1-424b-9868-57a2d4851a1d" relativeResultsDirectory="674d5542-3000-4cfa-8e39-668d2973fb66" />
    <UnitTestResult executionId="cd221110-6e1d-41cd-b4f8-c3dcf91b6c9e" testId="803e8bb6-08d9-816c-437f-ff7d82c96e86" testName="AjpWiki.Infrastructure.Tests.Services.WikiArticleServiceTests.CreateArticle_GeneratesSlug_WhenMissing" computerName="anthony-System-Product-Name" duration="00:00:00.0211018" startTime="2025-09-06T14:59:52.3309552+12:00" endTime="2025-09-06T14:59:52.3309553+12:00" testType="13cdc9d9-ddb5-4fa4-a97d-d965ccfc6d4b" outcome="Passed" testListId="8c84fa94-04c1-424b-9868-57a2d4851a1d" relativeResultsDirectory="cd221110-6e1d-41cd-b4f8-c3dcf91b6c9e" />
    <UnitTestResult executionId="9e927b57-add0-4e78-b005-f4c4d70a7167" testId="03b3e9cc-efc4-38f7-aa77-bc1fcdc6b111" testName="AjpWiki.Infrastructure.Tests.Services.NotificationServiceTests.GetUnreadCount_And_MarkAllAsRead_Works" computerName="anthony-System-Product-Name" duration="00:00:00.0374904" startTime="2025-09-06T14:59:52.3326376+12:00" endTime="2025-09-06T14:59:52.3326377+12:00" testType="13cdc9d9-ddb5-4fa4-a97d-d965ccfc6d4b" outcome="Passed" testListId="8c84fa94-04c1-424b-9868-57a2d4851a1d" relativeResultsDirectory="9e927b57-add0-4e78-b005-f4c4d70a7167" />
    <UnitTestResult executionId="6d1aa455-0457-480b-9a8f-d7eeb7d65a7e" testId="24fbd963-d891-4bb3-7fde-ace492278494" testName="AjpWiki.Infrastructure.Tests.Services.UserServiceTests.CreateUser_ShouldCreateNewUser" computerName="anthony-System-Product-Name" duration="00:00:00.5127901" startTime="2025-09-06T14:59:52.2948960+12:00" endTime="2025-09-06T14:59:52.2948962+12:00" testType="13cdc9d9-ddb5-4fa4-a97d-d965ccfc6d4b" outcome="Passed" testListId="8c84fa94-04c1-424b-9868-57a2d4851a1d" relativeResultsDirectory="6d1aa455-0457-480b-9a8f-d7eeb7d65a7e" />
    <UnitTestResult executionId="f8d6fe4e-5d42-4b35-9f50-085d11ef0b42" testId="ec03d1dc-e709-b350-8870-f1aa6b72f7ba" testName="AjpWiki.Infrastructure.Tests.Services.RoleServiceTests.RemoveRole_ShouldRemoveRoleFromUser" computerName="anthony-System-Product-Name" duration="00:00:00.5249979" startTime="2025-09-06T14:59:52.3012236+12:00" endTime="2025-09-06T14:59:52.3012237+12:00" testType="13cdc9d9-ddb5-4fa4-a97d-d965ccfc6d4b" outcome="Passed" testListId="8c84fa94-04c1-424b-9868-57a2d4851a1d" relativeResultsDirectory="f8d6fe4e-5d42-4b35-9f50-085d11ef0b42" />
    <UnitTestResult executionId="58dda1ba-5765-420e-a38a-0fb692606ded" testId="b91ca886-2868-4647-6df4-def0c644c331" testName="AjpWiki.Infrastructure.Tests.Services.UserServiceTests.EditProfile_NonExistentUser_ShouldNoOp" computerName="anthony-System-Product-Name" duration="00:00:00.0055102" startTime="2025-09-06T14:59:52.7191812+12:00" endTime="2025-09-06T14:59:52.7191813+12:00" testType="13cdc9d9-ddb5-4fa4-a97d-d965ccfc6d4b" outcome="Passed" testListId="8c84fa94-04c1-424b-9868-57a2d4851a1d" relativeResultsDirectory="58dda1ba-5765-420e-a38a-0fb692606ded" />
    <UnitTestResult executionId="ae2ac920-5d03-407e-8b17-59c503a863fa" testId="ae86679a-dc43-2b01-21bd-ff1f91432960" testName="AjpWiki.Infrastructure.Tests.Services.RoleServiceTests.AssignRole_Idempotent_WhenAlreadyAssigned_NoDuplicate" computerName="anthony-System-Product-Name" duration="00:00:00.0007884" startTime="2025-09-06T14:59:52.3314170+12:00" endTime="2025-09-06T14:59:52.3314171+12:00" testType="13cdc9d9-ddb5-4fa4-a97d-d965ccfc6d4b" outcome="Passed" testListId="8c84fa94-04c1-424b-9868-57a2d4851a1d" relativeResultsDirectory="ae2ac920-5d03-407e-8b17-59c503a863fa" />
    <UnitTestResult executionId="3f74128c-2280-42fa-b900-a3b938961376" testId="7cded712-b709-1d54-23a3-1002f3498d72" testName="AjpWiki.Infrastructure.Tests.Services.UserServiceTests.ApproveUser_ShouldGrantAccess" computerName="anthony-System-Product-Name" duration="00:00:00.0000653" startTime="2025-09-06T14:59:52.7134192+12:00" endTime="2025-09-06T14:59:52.7134192+12:00" testType="13cdc9d9-ddb5-4fa4-a97d-d965ccfc6d4b" outcome="Passed" testListId="8c84fa94-04c1-424b-9868-57a2d4851a1d" relativeResultsDirectory="3f74128c-2280-42fa-b900-a3b938961376" />
    <UnitTestResult executionId="b648e3b0-ce81-4f48-aedd-272ef40f4fc0" testId="829d49cc-ba2a-3c06-75e2-7c9f2844990b" testName="AjpWiki.Infrastructure.Tests.Services.NotificationServiceTests.GetNotifications_ShouldReturnAllUserNotifications" computerName="anthony-System-Product-Name" duration="00:00:00.0102591" startTime="2025-09-06T14:59:52.3555055+12:00" endTime="2025-09-06T14:59:52.3555056+12:00" testType="13cdc9d9-ddb5-4fa4-a97d-d965ccfc6d4b" outcome="Passed" testListId="8c84fa94-04c1-424b-9868-57a2d4851a1d" relativeResultsDirectory="b648e3b0-ce81-4f48-aedd-272ef40f4fc0" />
    <UnitTestResult executionId="08c9ec74-f273-4671-81b1-282451dd9f8c" testId="7376ace3-76f0-d554-2c9d-056f39755b5e" testName="AjpWiki.Infrastructure.Tests.Services.RoleServiceTests.RemoveRole_NotPresent_ShouldBeNoOp" computerName="anthony-System-Product-Name" duration="00:00:00.0006305" startTime="2025-09-06T14:59:52.3312924+12:00" endTime="2025-09-06T14:59:52.3312925+12:00" testType="13cdc9d9-ddb5-4fa4-a97d-d965ccfc6d4b" outcome="Passed" testListId="8c84fa94-04c1-424b-9868-57a2d4851a1d" relativeResultsDirectory="08c9ec74-f273-4671-81b1-282451dd9f8c" />
    <UnitTestResult executionId="c7197cce-d08b-47a4-962d-a5856ed16bc6" testId="cd2e58c9-e992-bd85-79bd-e0edb0da1b44" testName="AjpWiki.Infrastructure.Tests.Services.UserServiceTests.ChangeAvatar_Oversized_ShouldThrow" computerName="anthony-System-Product-Name" duration="00:00:00.0005316" startTime="2025-09-06T14:59:52.7198345+12:00" endTime="2025-09-06T14:59:52.7198345+12:00" testType="13cdc9d9-ddb5-4fa4-a97d-d965ccfc6d4b" outcome="Passed" testListId="8c84fa94-04c1-424b-9868-57a2d4851a1d" relativeResultsDirectory="c7197cce-d08b-47a4-962d-a5856ed16bc6" />
  </Results>
  <TestDefinitions>
    <UnitTest name="AjpWiki.Infrastructure.Tests.Services.RoleServiceTests.AssignRole_Idempotent_WhenAlreadyAssigned_NoDuplicate" storage="/home/anthony/documents/projects/wiki-project/ajpwiki.infrastructure.tests/bin/debug/net8.0/ajpwiki.infrastructure.tests.dll" id="ae86679a-dc43-2b01-21bd-ff1f91432960">
      <Execution id="ae2ac920-5d03-407e-8b17-59c503a863fa" />
      <TestMethod codeBase="/home/anthony/Documents/Projects/wiki-project/AjpWiki.Infrastructure.Tests/bin/Debug/net8.0/AjpWiki.Infrastructure.Tests.dll" adapterTypeName="executor://xunit/VsTestRunner2/netcoreapp" className="AjpWiki.Infrastructure.Tests.Services.RoleServiceTests" name="AssignRole_Idempotent_WhenAlreadyAssigned_NoDuplicate" />
    </UnitTest>
    <UnitTest name="AjpWiki.Infrastructure.Tests.Services.NotificationServiceTests.SendNotification_ToNonExistentUser_ShouldThrow" storage="/home/anthony/documents/projects/wiki-project/ajpwiki.infrastructure.tests/bin/debug/net8.0/ajpwiki.infrastructure.tests.dll" id="659a3dcf-1a79-2233-a067-8162129feaff">
      <Execution id="06c8a995-415a-45f8-8a75-38128d0cf823" />
      <TestMethod codeBase="/home/anthony/Documents/Projects/wiki-project/AjpWiki.Infrastructure.Tests/bin/Debug/net8.0/AjpWiki.Infrastructure.Tests.dll" adapterTypeName="executor://xunit/VsTestRunner2/netcoreapp" className="AjpWiki.Infrastructure.Tests.Services.NotificationServiceTests" name="SendNotification_ToNonExistentUser_ShouldThrow" />
    </UnitTest>
    <UnitTest name="AjpWiki.Infrastructure.Tests.Services.RoleServiceTests.GetAllRoles_ShouldReturnAllRoles" storage="/home/anthony/documents/projects/wiki-project/ajpwiki.infrastructure.tests/bin/debug/net8.0/ajpwiki.infrastructure.tests.dll" id="ca4d2632-d02f-35da-b0aa-0900f00d25ee">
      <Execution id="09675686-40e7-44fd-a7e0-8043d2f333ae" />
      <TestMethod codeBase="/home/anthony/Documents/Projects/wiki-project/AjpWiki.Infrastructure.Tests/bin/Debug/net8.0/AjpWiki.Infrastructure.Tests.dll" adapterTypeName="executor://xunit/VsTestRunner2/netcoreapp" className="AjpWiki.Infrastructure.Tests.Services.RoleServiceTests" name="GetAllRoles_ShouldReturnAllRoles" />
    </UnitTest>
    <UnitTest name="AjpWiki.Infrastructure.Tests.Services.UserServiceTests.RejectUser_ShouldDenyAccess" storage="/home/anthony/documents/projects/wiki-project/ajpwiki.infrastructure.tests/bin/debug/net8.0/ajpwiki.infrastructure.tests.dll" id="4e70f9df-8543-81fd-fd74-eb03225de312">
      <Execution id="3fec1640-8571-4414-83e6-866e7d8c0dea" />
      <TestMethod codeBase="/home/anthony/Documents/Projects/wiki-project/AjpWiki.Infrastructure.Tests/bin/Debug/net8.0/AjpWiki.Infrastructure.Tests.dll" adapterTypeName="executor://xunit/VsTestRunner2/netcoreapp" className="AjpWiki.Infrastructure.Tests.Services.UserServiceTests" name="RejectUser_ShouldDenyAccess" />
    </UnitTest>
    <UnitTest name="AjpWiki.Infrastructure.Tests.Services.RoleServiceTests.AssignRole_ToUnknownUser_ShouldStillSucceedOrCreateRecord" storage="/home/anthony/documents/projects/wiki-project/ajpwiki.infrastructure.tests/bin/debug/net8.0/ajpwiki.infrastructure.tests.dll" id="5c98f8ac-5850-ffe8-2e79-a45a8349164f">
      <Execution id="c2ebf99b-fc5c-4ef2-bb77-c0948cbcaf7e" />
      <TestMethod codeBase="/home/anthony/Documents/Projects/wiki-project/AjpWiki.Infrastructure.Tests/bin/Debug/net8.0/AjpWiki.Infrastructure.Tests.dll" adapterTypeName="executor://xunit/VsTestRunner2/netcoreapp" className="AjpWiki.Infrastructure.Tests.Services.RoleServiceTests" name="AssignRole_ToUnknownUser_ShouldStillSucceedOrCreateRecord" />
    </UnitTest>
    <UnitTest name="AjpWiki.Infrastructure.Tests.Services.WikiArticleServiceTests.CreateArticle_ServiceDuplicateSlug_ThrowsDuplicateSlugException" storage="/home/anthony/documents/projects/wiki-project/ajpwiki.infrastructure.tests/bin/debug/net8.0/ajpwiki.infrastructure.tests.dll" id="01534466-7b41-906e-25d7-84bcb8b23ccb">
      <Execution id="8877475f-bd3b-4f12-8b9a-74e900f5e2b7" />
      <TestMethod codeBase="/home/anthony/Documents/Projects/wiki-project/AjpWiki.Infrastructure.Tests/bin/Debug/net8.0/AjpWiki.Infrastructure.Tests.dll" adapterTypeName="executor://xunit/VsTestRunner2/netcoreapp" className="AjpWiki.Infrastructure.Tests.Services.WikiArticleServiceTests" name="CreateArticle_ServiceDuplicateSlug_ThrowsDuplicateSlugException" />
    </UnitTest>
    <UnitTest name="AjpWiki.Infrastructure.Tests.Services.NotificationServiceTests.SendNotification_ShouldDeliverMessageToUser" storage="/home/anthony/documents/projects/wiki-project/ajpwiki.infrastructure.tests/bin/debug/net8.0/ajpwiki.infrastructure.tests.dll" id="b22adc2d-076c-d54a-f588-4dade8485188">
      <Execution id="2ff8dc15-d2c8-4561-b8ba-4458f5f979df" />
      <TestMethod codeBase="/home/anthony/Documents/Projects/wiki-project/AjpWiki.Infrastructure.Tests/bin/Debug/net8.0/AjpWiki.Infrastructure.Tests.dll" adapterTypeName="executor://xunit/VsTestRunner2/netcoreapp" className="AjpWiki.Infrastructure.Tests.Services.NotificationServiceTests" name="SendNotification_ShouldDeliverMessageToUser" />
    </UnitTest>
    <UnitTest name="AjpWiki.Infrastructure.Tests.Services.UserServiceTests.ApproveUser_ShouldGrantAccess" storage="/home/anthony/documents/projects/wiki-project/ajpwiki.infrastructure.tests/bin/debug/net8.0/ajpwiki.infrastructure.tests.dll" id="7cded712-b709-1d54-23a3-1002f3498d72">
      <Execution id="3f74128c-2280-42fa-b900-a3b938961376" />
      <TestMethod codeBase="/home/anthony/Documents/Projects/wiki-project/AjpWiki.Infrastructure.Tests/bin/Debug/net8.0/AjpWiki.Infrastructure.Tests.dll" adapterTypeName="executor://xunit/VsTestRunner2/netcoreapp" className="AjpWiki.Infrastructure.Tests.Services.UserServiceTests" name="ApproveUser_ShouldGrantAccess" />
    </UnitTest>
    <UnitTest name="AjpWiki.Infrastructure.Tests.Services.NotificationServiceTests.GetUnreadCount_And_MarkAllAsRead_Works" storage="/home/anthony/documents/projects/wiki-project/ajpwiki.infrastructure.tests/bin/debug/net8.0/ajpwiki.infrastructure.tests.dll" id="03b3e9cc-efc4-38f7-aa77-bc1fcdc6b111">
      <Execution id="9e927b57-add0-4e78-b005-f4c4d70a7167" />
      <TestMethod codeBase="/home/anthony/Documents/Projects/wiki-project/AjpWiki.Infrastructure.Tests/bin/Debug/net8.0/AjpWiki.Infrastructure.Tests.dll" adapterTypeName="executor://xunit/VsTestRunner2/netcoreapp" className="AjpWiki.Infrastructure.Tests.Services.NotificationServiceTests" name="GetUnreadCount_And_MarkAllAsRead_Works" />
    </UnitTest>
    <UnitTest name="AjpWiki.Infrastructure.Tests.Services.RoleServiceTests.RemoveRole_NotPresent_ShouldBeNoOp" storage="/home/anthony/documents/projects/wiki-project/ajpwiki.infrastructure.tests/bin/debug/net8.0/ajpwiki.infrastructure.tests.dll" id="7376ace3-76f0-d554-2c9d-056f39755b5e">
      <Execution id="08c9ec74-f273-4671-81b1-282451dd9f8c" />
      <TestMethod codeBase="/home/anthony/Documents/Projects/wiki-project/AjpWiki.Infrastructure.Tests/bin/Debug/net8.0/AjpWiki.Infrastructure.Tests.dll" adapterTypeName="executor://xunit/VsTestRunner2/netcoreapp" className="AjpWiki.Infrastructure.Tests.Services.RoleServiceTests" name="RemoveRole_NotPresent_ShouldBeNoOp" />
    </UnitTest>
    <UnitTest name="AjpWiki.Infrastructure.Tests.Services.RoleServiceTests.RemoveRole_ShouldRemoveRoleFromUser" storage="/home/anthony/documents/projects/wiki-project/ajpwiki.infrastructure.tests/bin/debug/net8.0/ajpwiki.infrastructure.tests.dll" id="ec03d1dc-e709-b350-8870-f1aa6b72f7ba">
      <Execution id="f8d6fe4e-5d42-4b35-9f50-085d11ef0b42" />
      <TestMethod codeBase="/home/anthony/Documents/Projects/wiki-project/AjpWiki.Infrastructure.Tests/bin/Debug/net8.0/AjpWiki.Infrastructure.Tests.dll" adapterTypeName="executor://xunit/VsTestRunner2/netcoreapp" className="AjpWiki.Infrastructure.Tests.Services.RoleServiceTests" name="RemoveRole_ShouldRemoveRoleFromUser" />
    </UnitTest>
    <UnitTest name="AjpWiki.Infrastructure.Tests.Services.NotificationServiceTests.MarkAsRead_Idempotent_And_MissingIsNoOp" storage="/home/anthony/documents/projects/wiki-project/ajpwiki.infrastructure.tests/bin/debug/net8.0/ajpwiki.infrastructure.tests.dll" id="7c6865a0-ca38-02c0-ee6d-865886040b34">
      <Execution id="dd491dc2-1878-47c4-9bc1-07f042702370" />
      <TestMethod codeBase="/home/anthony/Documents/Projects/wiki-project/AjpWiki.Infrastructure.Tests/bin/Debug/net8.0/AjpWiki.Infrastructure.Tests.dll" adapterTypeName="executor://xunit/VsTestRunner2/netcoreapp" className="AjpWiki.Infrastructure.Tests.Services.NotificationServiceTests" name="MarkAsRead_Idempotent_And_MissingIsNoOp" />
    </UnitTest>
    <UnitTest name="AjpWiki.Infrastructure.Tests.Services.RoleServiceTests.AssignRole_ShouldAddRoleToUser" storage="/home/anthony/documents/projects/wiki-project/ajpwiki.infrastructure.tests/bin/debug/net8.0/ajpwiki.infrastructure.tests.dll" id="2464fe91-f4a7-7666-8ac9-f2ef2733273b">
      <Execution id="75e8da78-29a2-43ce-be5d-8f89870c90ed" />
      <TestMethod codeBase="/home/anthony/Documents/Projects/wiki-project/AjpWiki.Infrastructure.Tests/bin/Debug/net8.0/AjpWiki.Infrastructure.Tests.dll" adapterTypeName="executor://xunit/VsTestRunner2/netcoreapp" className="AjpWiki.Infrastructure.Tests.Services.RoleServiceTests" name="AssignRole_ShouldAddRoleToUser" />
    </UnitTest>
    <UnitTest name="AjpWiki.Infrastructure.Tests.Services.UserServiceTests.RequestAccess_ShouldSendRequestToAdmin" storage="/home/anthony/documents/projects/wiki-project/ajpwiki.infrastructure.tests/bin/debug/net8.0/ajpwiki.infrastructure.tests.dll" id="9ad4d60f-725d-392c-882b-479289b19582">
      <Execution id="674d5542-3000-4cfa-8e39-668d2973fb66" />
      <TestMethod codeBase="/home/anthony/Documents/Projects/wiki-project/AjpWiki.Infrastructure.Tests/bin/Debug/net8.0/AjpWiki.Infrastructure.Tests.dll" adapterTypeName="executor://xunit/VsTestRunner2/netcoreapp" className="AjpWiki.Infrastructure.Tests.Services.UserServiceTests" name="RequestAccess_ShouldSendRequestToAdmin" />
    </UnitTest>
    <UnitTest name="AjpWiki.Infrastructure.Tests.Services.NotificationServiceTests.GetNotifications_Pagination_ShouldReturnCorrectPages" storage="/home/anthony/documents/projects/wiki-project/ajpwiki.infrastructure.tests/bin/debug/net8.0/ajpwiki.infrastructure.tests.dll" id="75b99837-3df3-3c2d-a4df-800d318fefd6">
      <Execution id="4aea585f-66cb-4897-8026-480b1ecda2fa" />
      <TestMethod codeBase="/home/anthony/Documents/Projects/wiki-project/AjpWiki.Infrastructure.Tests/bin/Debug/net8.0/AjpWiki.Infrastructure.Tests.dll" adapterTypeName="executor://xunit/VsTestRunner2/netcoreapp" className="AjpWiki.Infrastructure.Tests.Services.NotificationServiceTests" name="GetNotifications_Pagination_ShouldReturnCorrectPages" />
    </UnitTest>
    <UnitTest name="AjpWiki.Infrastructure.Tests.Services.RoleServiceTests.AssignPrivilegedRole_WithoutPermission_ShouldThrow" storage="/home/anthony/documents/projects/wiki-project/ajpwiki.infrastructure.tests/bin/debug/net8.0/ajpwiki.infrastructure.tests.dll" id="b7972fba-0536-bb87-1004-35587d5ce968">
      <Execution id="d826fc70-b049-495b-be1f-76a17fb248e2" />
      <TestMethod codeBase="/home/anthony/Documents/Projects/wiki-project/AjpWiki.Infrastructure.Tests/bin/Debug/net8.0/AjpWiki.Infrastructure.Tests.dll" adapterTypeName="executor://xunit/VsTestRunner2/netcoreapp" className="AjpWiki.Infrastructure.Tests.Services.RoleServiceTests" name="AssignPrivilegedRole_WithoutPermission_ShouldThrow" />
    </UnitTest>
    <UnitTest name="AjpWiki.Infrastructure.Tests.Services.UserServiceTests.EditProfile_ShouldUpdateUserProfile" storage="/home/anthony/documents/projects/wiki-project/ajpwiki.infrastructure.tests/bin/debug/net8.0/ajpwiki.infrastructure.tests.dll" id="a5c9d4c9-8bed-5139-85c9-1bd2784f34b3">
      <Execution id="e20233b2-2bc6-4818-84fa-6463c3650e12" />
      <TestMethod codeBase="/home/anthony/Documents/Projects/wiki-project/AjpWiki.Infrastructure.Tests/bin/Debug/net8.0/AjpWiki.Infrastructure.Tests.dll" adapterTypeName="executor://xunit/VsTestRunner2/netcoreapp" className="AjpWiki.Infrastructure.Tests.Services.UserServiceTests" name="EditProfile_ShouldUpdateUserProfile" />
    </UnitTest>
    <UnitTest name="AjpWiki.Infrastructure.Tests.Services.UserServiceTests.ChangeAvatar_ShouldUpdateUserAvatar" storage="/home/anthony/documents/projects/wiki-project/ajpwiki.infrastructure.tests/bin/debug/net8.0/ajpwiki.infrastructure.tests.dll" id="3bdc259a-e8fc-2c0d-aeee-d7aee3bbc135">
      <Execution id="38ece0fa-3780-4a8f-8f09-8973fa7ee981" />
      <TestMethod codeBase="/home/anthony/Documents/Projects/wiki-project/AjpWiki.Infrastructure.Tests/bin/Debug/net8.0/AjpWiki.Infrastructure.Tests.dll" adapterTypeName="executor://xunit/VsTestRunner2/netcoreapp" className="AjpWiki.Infrastructure.Tests.Services.UserServiceTests" name="ChangeAvatar_ShouldUpdateUserAvatar" />
    </UnitTest>
    <UnitTest name="AjpWiki.Infrastructure.Tests.Services.UserServiceTests.CreateUser_DuplicateEmail_ShouldThrow" storage="/home/anthony/documents/projects/wiki-project/ajpwiki.infrastructure.tests/bin/debug/net8.0/ajpwiki.infrastructure.tests.dll" id="6083f26b-d5d6-9c08-5a0d-c62502083135">
      <Execution id="5556a55d-f880-4c26-aff8-9009569a4eb7" />
      <TestMethod codeBase="/home/anthony/Documents/Projects/wiki-project/AjpWiki.Infrastructure.Tests/bin/Debug/net8.0/AjpWiki.Infrastructure.Tests.dll" adapterTypeName="executor://xunit/VsTestRunner2/netcoreapp" className="AjpWiki.Infrastructure.Tests.Services.UserServiceTests" name="CreateUser_DuplicateEmail_ShouldThrow" />
    </UnitTest>
    <UnitTest name="AjpWiki.Infrastructure.Tests.Services.UserServiceTests.CreateUser_ShouldCreateNewUser" storage="/home/anthony/documents/projects/wiki-project/ajpwiki.infrastructure.tests/bin/debug/net8.0/ajpwiki.infrastructure.tests.dll" id="24fbd963-d891-4bb3-7fde-ace492278494">
      <Execution id="6d1aa455-0457-480b-9a8f-d7eeb7d65a7e" />
      <TestMethod codeBase="/home/anthony/Documents/Projects/wiki-project/AjpWiki.Infrastructure.Tests/bin/Debug/net8.0/AjpWiki.Infrastructure.Tests.dll" adapterTypeName="executor://xunit/VsTestRunner2/netcoreapp" className="AjpWiki.Infrastructure.Tests.Services.UserServiceTests" name="CreateUser_ShouldCreateNewUser" />
    </UnitTest>
    <UnitTest name="AjpWiki.Infrastructure.Tests.Services.UserServiceTests.DeleteAccount_ShouldRemoveUserAndNotifications" storage="/home/anthony/documents/projects/wiki-project/ajpwiki.infrastructure.tests/bin/debug/net8.0/ajpwiki.infrastructure.tests.dll" id="1f738243-c94a-694f-9850-441d884f767a">
      <Execution id="4f04d760-6026-4739-b3ae-acd2f045ccc2" />
      <TestMethod codeBase="/home/anthony/Documents/Projects/wiki-project/AjpWiki.Infrastructure.Tests/bin/Debug/net8.0/AjpWiki.Infrastructure.Tests.dll" adapterTypeName="executor://xunit/VsTestRunner2/netcoreapp" className="AjpWiki.Infrastructure.Tests.Services.UserServiceTests" name="DeleteAccount_ShouldRemoveUserAndNotifications" />
    </UnitTest>
    <UnitTest name="AjpWiki.Infrastructure.Tests.Services.UserServiceTests.ChangeAvatar_Oversized_ShouldThrow" storage="/home/anthony/documents/projects/wiki-project/ajpwiki.infrastructure.tests/bin/debug/net8.0/ajpwiki.infrastructure.tests.dll" id="cd2e58c9-e992-bd85-79bd-e0edb0da1b44">
      <Execution id="c7197cce-d08b-47a4-962d-a5856ed16bc6" />
      <TestMethod codeBase="/home/anthony/Documents/Projects/wiki-project/AjpWiki.Infrastructure.Tests/bin/Debug/net8.0/AjpWiki.Infrastructure.Tests.dll" adapterTypeName="executor://xunit/VsTestRunner2/netcoreapp" className="AjpWiki.Infrastructure.Tests.Services.UserServiceTests" name="ChangeAvatar_Oversized_ShouldThrow" />
    </UnitTest>
    <UnitTest name="AjpWiki.Infrastructure.Tests.Services.UserServiceTests.CreateUser_InvalidFields_ShouldThrow" storage="/home/anthony/documents/projects/wiki-project/ajpwiki.infrastructure.tests/bin/debug/net8.0/ajpwiki.infrastructure.tests.dll" id="c9ccaeaf-e936-3fd2-a0f1-0723f5723e84">
      <Execution id="a70ffc9e-53ac-4425-9cc6-ea2220ff6d18" />
      <TestMethod codeBase="/home/anthony/Documents/Projects/wiki-project/AjpWiki.Infrastructure.Tests/bin/Debug/net8.0/AjpWiki.Infrastructure.Tests.dll" adapterTypeName="executor://xunit/VsTestRunner2/netcoreapp" className="AjpWiki.Infrastructure.Tests.Services.UserServiceTests" name="CreateUser_InvalidFields_ShouldThrow" />
    </UnitTest>
    <UnitTest name="AjpWiki.Infrastructure.Tests.Services.UserServiceTests.DeleteAccount_ShouldRemoveUser" storage="/home/anthony/documents/projects/wiki-project/ajpwiki.infrastructure.tests/bin/debug/net8.0/ajpwiki.infrastructure.tests.dll" id="e12c9dc8-fb78-759a-561a-84826817d3e9">
      <Execution id="5c0908cb-af8a-4b2d-b3d7-fd02442f1e92" />
      <TestMethod codeBase="/home/anthony/Documents/Projects/wiki-project/AjpWiki.Infrastructure.Tests/bin/Debug/net8.0/AjpWiki.Infrastructure.Tests.dll" adapterTypeName="executor://xunit/VsTestRunner2/netcoreapp" className="AjpWiki.Infrastructure.Tests.Services.UserServiceTests" name="DeleteAccount_ShouldRemoveUser" />
    </UnitTest>
    <UnitTest name="AjpWiki.Infrastructure.Tests.Services.WikiArticleServiceTests.CreateArticle_ShouldAddNewArticle" storage="/home/anthony/documents/projects/wiki-project/ajpwiki.infrastructure.tests/bin/debug/net8.0/ajpwiki.infrastructure.tests.dll" id="7b4d2c2c-27d8-0432-fd45-8c186adb5db4">
      <Execution id="e4ee7767-5549-4535-bdc0-a00726a4a023" />
      <TestMethod codeBase="/home/anthony/Documents/Projects/wiki-project/AjpWiki.Infrastructure.Tests/bin/Debug/net8.0/AjpWiki.Infrastructure.Tests.dll" adapterTypeName="executor://xunit/VsTestRunner2/netcoreapp" className="AjpWiki.Infrastructure.Tests.Services.WikiArticleServiceTests" name="CreateArticle_ShouldAddNewArticle" />
    </UnitTest>
    <UnitTest name="AjpWiki.Infrastructure.Tests.Services.WikiArticleServiceTests.CreateArticle_GeneratesSlug_WhenMissing" storage="/home/anthony/documents/projects/wiki-project/ajpwiki.infrastructure.tests/bin/debug/net8.0/ajpwiki.infrastructure.tests.dll" id="803e8bb6-08d9-816c-437f-ff7d82c96e86">
      <Execution id="cd221110-6e1d-41cd-b4f8-c3dcf91b6c9e" />
      <TestMethod codeBase="/home/anthony/Documents/Projects/wiki-project/AjpWiki.Infrastructure.Tests/bin/Debug/net8.0/AjpWiki.Infrastructure.Tests.dll" adapterTypeName="executor://xunit/VsTestRunner2/netcoreapp" className="AjpWiki.Infrastructure.Tests.Services.WikiArticleServiceTests" name="CreateArticle_GeneratesSlug_WhenMissing" />
    </UnitTest>
    <UnitTest name="AjpWiki.Infrastructure.Tests.Services.UserServiceTests.ResetPassword_ShouldSendResetInstructions" storage="/home/anthony/documents/projects/wiki-project/ajpwiki.infrastructure.tests/bin/debug/net8.0/ajpwiki.infrastructure.tests.dll" id="41a962ac-8d28-4c5d-70ab-a800122fc196">
      <Execution id="70614390-e2a5-47bc-881a-84959f0846ec" />
      <TestMethod codeBase="/home/anthony/Documents/Projects/wiki-project/AjpWiki.Infrastructure.Tests/bin/Debug/net8.0/AjpWiki.Infrastructure.Tests.dll" adapterTypeName="executor://xunit/VsTestRunner2/netcoreapp" className="AjpWiki.Infrastructure.Tests.Services.UserServiceTests" name="ResetPassword_ShouldSendResetInstructions" />
    </UnitTest>
    <UnitTest name="AjpWiki.Infrastructure.Tests.Services.NotificationServiceTests.GetNotifications_ShouldReturnAllUserNotifications" storage="/home/anthony/documents/projects/wiki-project/ajpwiki.infrastructure.tests/bin/debug/net8.0/ajpwiki.infrastructure.tests.dll" id="829d49cc-ba2a-3c06-75e2-7c9f2844990b">
      <Execution id="b648e3b0-ce81-4f48-aedd-272ef40f4fc0" />
      <TestMethod codeBase="/home/anthony/Documents/Projects/wiki-project/AjpWiki.Infrastructure.Tests/bin/Debug/net8.0/AjpWiki.Infrastructure.Tests.dll" adapterTypeName="executor://xunit/VsTestRunner2/netcoreapp" className="AjpWiki.Infrastructure.Tests.Services.NotificationServiceTests" name="GetNotifications_ShouldReturnAllUserNotifications" />
    </UnitTest>
    <UnitTest name="AjpWiki.Infrastructure.Tests.Services.UserServiceTests.EditProfile_NonExistentUser_ShouldNoOp" storage="/home/anthony/documents/projects/wiki-project/ajpwiki.infrastructure.tests/bin/debug/net8.0/ajpwiki.infrastructure.tests.dll" id="b91ca886-2868-4647-6df4-def0c644c331">
      <Execution id="58dda1ba-5765-420e-a38a-0fb692606ded" />
      <TestMethod codeBase="/home/anthony/Documents/Projects/wiki-project/AjpWiki.Infrastructure.Tests/bin/Debug/net8.0/AjpWiki.Infrastructure.Tests.dll" adapterTypeName="executor://xunit/VsTestRunner2/netcoreapp" className="AjpWiki.Infrastructure.Tests.Services.UserServiceTests" name="EditProfile_NonExistentUser_ShouldNoOp" />
    </UnitTest>
    <UnitTest name="AjpWiki.Infrastructure.Tests.Services.WikiArticleServiceTests.CreateArticle_WithDuplicateSlug_ShouldThrow" storage="/home/anthony/documents/projects/wiki-project/ajpwiki.infrastructure.tests/bin/debug/net8.0/ajpwiki.infrastructure.tests.dll" id="6b9306d6-8d72-b12e-9e97-2f4a36e08a8c">
      <Execution id="5efcf300-4413-46a0-a931-2dcaa4540e6a" />
      <TestMethod codeBase="/home/anthony/Documents/Projects/wiki-project/AjpWiki.Infrastructure.Tests/bin/Debug/net8.0/AjpWiki.Infrastructure.Tests.dll" adapterTypeName="executor://xunit/VsTestRunner2/netcoreapp" className="AjpWiki.Infrastructure.Tests.Services.WikiArticleServiceTests" name="CreateArticle_WithDuplicateSlug_ShouldThrow" />
    </UnitTest>
    <UnitTest name="AjpWiki.Infrastructure.Tests.Services.UserServiceTests.CreateUser_ConcurrentDuplicateEmail_ShouldEnforceUniqueness" storage="/home/anthony/documents/projects/wiki-project/ajpwiki.infrastructure.tests/bin/debug/net8.0/ajpwiki.infrastructure.tests.dll" id="5ab7700d-ced0-1c36-3e73-eab5297f49c5">
      <Execution id="7f29cbcb-9d05-4eb9-b8f7-7df590f3a84b" />
      <TestMethod codeBase="/home/anthony/Documents/Projects/wiki-project/AjpWiki.Infrastructure.Tests/bin/Debug/net8.0/AjpWiki.Infrastructure.Tests.dll" adapterTypeName="executor://xunit/VsTestRunner2/netcoreapp" className="AjpWiki.Infrastructure.Tests.Services.UserServiceTests" name="CreateUser_ConcurrentDuplicateEmail_ShouldEnforceUniqueness" />
    </UnitTest>
    <UnitTest name="AjpWiki.Infrastructure.Tests.Services.RoleServiceTests.GetUserRoles_ShouldReturnAllRolesForUser" storage="/home/anthony/documents/projects/wiki-project/ajpwiki.infrastructure.tests/bin/debug/net8.0/ajpwiki.infrastructure.tests.dll" id="e07b0590-d61d-2122-3823-cd2a267e639b">
      <Execution id="eedf9d2b-6d96-43e0-ab69-cd4975e72af5" />
      <TestMethod codeBase="/home/anthony/Documents/Projects/wiki-project/AjpWiki.Infrastructure.Tests/bin/Debug/net8.0/AjpWiki.Infrastructure.Tests.dll" adapterTypeName="executor://xunit/VsTestRunner2/netcoreapp" className="AjpWiki.Infrastructure.Tests.Services.RoleServiceTests" name="GetUserRoles_ShouldReturnAllRolesForUser" />
    </UnitTest>
  </TestDefinitions>
  <TestEntries>
    <TestEntry testId="b22adc2d-076c-d54a-f588-4dade8485188" executionId="2ff8dc15-d2c8-4561-b8ba-4458f5f979df" testListId="8c84fa94-04c1-424b-9868-57a2d4851a1d" />
    <TestEntry testId="659a3dcf-1a79-2233-a067-8162129feaff" executionId="06c8a995-415a-45f8-8a75-38128d0cf823" testListId="8c84fa94-04c1-424b-9868-57a2d4851a1d" />
    <TestEntry testId="e07b0590-d61d-2122-3823-cd2a267e639b" executionId="eedf9d2b-6d96-43e0-ab69-cd4975e72af5" testListId="8c84fa94-04c1-424b-9868-57a2d4851a1d" />
    <TestEntry testId="41a962ac-8d28-4c5d-70ab-a800122fc196" executionId="70614390-e2a5-47bc-881a-84959f0846ec" testListId="8c84fa94-04c1-424b-9868-57a2d4851a1d" />
    <TestEntry testId="5ab7700d-ced0-1c36-3e73-eab5297f49c5" executionId="7f29cbcb-9d05-4eb9-b8f7-7df590f3a84b" testListId="8c84fa94-04c1-424b-9868-57a2d4851a1d" />
    <TestEntry testId="01534466-7b41-906e-25d7-84bcb8b23ccb" executionId="8877475f-bd3b-4f12-8b9a-74e900f5e2b7" testListId="8c84fa94-04c1-424b-9868-57a2d4851a1d" />
    <TestEntry testId="6b9306d6-8d72-b12e-9e97-2f4a36e08a8c" executionId="5efcf300-4413-46a0-a931-2dcaa4540e6a" testListId="8c84fa94-04c1-424b-9868-57a2d4851a1d" />
    <TestEntry testId="c9ccaeaf-e936-3fd2-a0f1-0723f5723e84" executionId="a70ffc9e-53ac-4425-9cc6-ea2220ff6d18" testListId="8c84fa94-04c1-424b-9868-57a2d4851a1d" />
    <TestEntry testId="3bdc259a-e8fc-2c0d-aeee-d7aee3bbc135" executionId="38ece0fa-3780-4a8f-8f09-8973fa7ee981" testListId="8c84fa94-04c1-424b-9868-57a2d4851a1d" />
    <TestEntry testId="5c98f8ac-5850-ffe8-2e79-a45a8349164f" executionId="c2ebf99b-fc5c-4ef2-bb77-c0948cbcaf7e" testListId="8c84fa94-04c1-424b-9868-57a2d4851a1d" />
    <TestEntry testId="ca4d2632-d02f-35da-b0aa-0900f00d25ee" executionId="09675686-40e7-44fd-a7e0-8043d2f333ae" testListId="8c84fa94-04c1-424b-9868-57a2d4851a1d" />
    <TestEntry testId="a5c9d4c9-8bed-5139-85c9-1bd2784f34b3" executionId="e20233b2-2bc6-4818-84fa-6463c3650e12" testListId="8c84fa94-04c1-424b-9868-57a2d4851a1d" />
    <TestEntry testId="b7972fba-0536-bb87-1004-35587d5ce968" executionId="d826fc70-b049-495b-be1f-76a17fb248e2" testListId="8c84fa94-04c1-424b-9868-57a2d4851a1d" />
    <TestEntry testId="7c6865a0-ca38-02c0-ee6d-865886040b34" executionId="dd491dc2-1878-47c4-9bc1-07f042702370" testListId="8c84fa94-04c1-424b-9868-57a2d4851a1d" />
    <TestEntry testId="7b4d2c2c-27d8-0432-fd45-8c186adb5db4" executionId="e4ee7767-5549-4535-bdc0-a00726a4a023" testListId="8c84fa94-04c1-424b-9868-57a2d4851a1d" />
    <TestEntry testId="75b99837-3df3-3c2d-a4df-800d318fefd6" executionId="4aea585f-66cb-4897-8026-480b1ecda2fa" testListId="8c84fa94-04c1-424b-9868-57a2d4851a1d" />
    <TestEntry testId="2464fe91-f4a7-7666-8ac9-f2ef2733273b" executionId="75e8da78-29a2-43ce-be5d-8f89870c90ed" testListId="8c84fa94-04c1-424b-9868-57a2d4851a1d" />
    <TestEntry testId="4e70f9df-8543-81fd-fd74-eb03225de312" executionId="3fec1640-8571-4414-83e6-866e7d8c0dea" testListId="8c84fa94-04c1-424b-9868-57a2d4851a1d" />
    <TestEntry testId="6083f26b-d5d6-9c08-5a0d-c62502083135" executionId="5556a55d-f880-4c26-aff8-9009569a4eb7" testListId="8c84fa94-04c1-424b-9868-57a2d4851a1d" />
    <TestEntry testId="e12c9dc8-fb78-759a-561a-84826817d3e9" executionId="5c0908cb-af8a-4b2d-b3d7-fd02442f1e92" testListId="8c84fa94-04c1-424b-9868-57a2d4851a1d" />
    <TestEntry testId="1f738243-c94a-694f-9850-441d884f767a" executionId="4f04d760-6026-4739-b3ae-acd2f045ccc2" testListId="8c84fa94-04c1-424b-9868-57a2d4851a1d" />
    <TestEntry testId="9ad4d60f-725d-392c-882b-479289b19582" executionId="674d5542-3000-4cfa-8e39-668d2973fb66" testListId="8c84fa94-04c1-424b-9868-57a2d4851a1d" />
    <TestEntry testId="803e8bb6-08d9-816c-437f-ff7d82c96e86" executionId="cd221110-6e1d-41cd-b4f8-c3dcf91b6c9e" testListId="8c84fa94-04c1-424b-9868-57a2d4851a1d" />
    <TestEntry testId="03b3e9cc-efc4-38f7-aa77-bc1fcdc6b111" executionId="9e927b57-add0-4e78-b005-f4c4d70a7167" testListId="8c84fa94-04c1-424b-9868-57a2d4851a1d" />
    <TestEntry testId="24fbd963-d891-4bb3-7fde-ace492278494" executionId="6d1aa455-0457-480b-9a8f-d7eeb7d65a7e" testListId="8c84fa94-04c1-424b-9868-57a2d4851a1d" />
    <TestEntry testId="ec03d1dc-e709-b350-8870-f1aa6b72f7ba" executionId="f8d6fe4e-5d42-4b35-9f50-085d11ef0b42" testListId="8c84fa94-04c1-424b-9868-57a2d4851a1d" />
    <TestEntry testId="b91ca886-2868-4647-6df4-def0c644c331" executionId="58dda1ba-5765-420e-a38a-0fb692606ded" testListId="8c84fa94-04c1-424b-9868-57a2d4851a1d" />
    <TestEntry testId="ae86679a-dc43-2b01-21bd-ff1f91432960" executionId="ae2ac920-5d03-407e-8b17-59c503a863fa" testListId="8c84fa94-04c1-424b-9868-57a2d4851a1d" />
    <TestEntry testId="7cded712-b709-1d54-23a3-1002f3498d72" executionId="3f74128c-2280-42fa-b900-a3b938961376" testListId="8c84fa94-04c1-424b-9868-57a2d4851a1d" />
    <TestEntry testId="829d49cc-ba2a-3c06-75e2-7c9f2844990b" executionId="b648e3b0-ce81-4f48-aedd-272ef40f4fc0" testListId="8c84fa94-04c1-424b-9868-57a2d4851a1d" />
    <TestEntry testId="7376ace3-76f0-d554-2c9d-056f39755b5e" executionId="08c9ec74-f273-4671-81b1-282451dd9f8c" testListId="8c84fa94-04c1-424b-9868-57a2d4851a1d" />
    <TestEntry testId="cd2e58c9-e992-bd85-79bd-e0edb0da1b44" executionId="c7197cce-d08b-47a4-962d-a5856ed16bc6" testListId="8c84fa94-04c1-424b-9868-57a2d4851a1d" />
  </TestEntries>
  <TestLists>
    <TestList name="Results Not in a List" id="8c84fa94-04c1-424b-9868-57a2d4851a1d" />
    <TestList name="All Loaded Results" id="19431567-8539-422a-85d7-44ee4e166bda" />
  </TestLists>
  <ResultSummary outcome="Completed">
    <Counters total="32" executed="32" passed="32" failed="0" error="0" timeout="0" aborted="0" inconclusive="0" passedButRunAborted="0" notRunnable="0" notExecuted="0" disconnected="0" warning="0" completed="0" inProgress="0" pending="0" />
    <Output>
      <StdOut>[xUnit.net 00:00:00.00] xUnit.net VSTest Adapter v2.5.0.1+5ebf84cd75 (64-bit .NET 8.0.19)
[xUnit.net 00:00:00.06]   Discovering: AjpWiki.Infrastructure.Tests
[xUnit.net 00:00:00.09]   Discovered:  AjpWiki.Infrastructure.Tests
[xUnit.net 00:00:00.09]   Starting:    AjpWiki.Infrastructure.Tests
[xUnit.net 00:00:01.08]   Finished:    AjpWiki.Infrastructure.Tests
</StdOut>
    </Output>
  </ResultSummary>
</TestRun>