<?xml version="1.0" encoding="utf-8"?>
<TestRun id="dde509c6-790d-433c-95aa-c02863eaf08b" name="@anthony-System-Product-Name 2025-09-05 18:14:32" xmlns="http://microsoft.com/schemas/VisualStudio/TeamTest/2010">
  <Times creation="2025-09-05T18:14:32.2477159+12:00" queuing="2025-09-05T18:14:32.2477160+12:00" start="2025-09-05T18:14:31.7208013+12:00" finish="2025-09-05T18:14:33.1866379+12:00" />
  <TestSettings name="default" id="e9b8bdcc-76dc-4658-a805-2d25289e6f2e">
    <Deployment runDeploymentRoot="_anthony-System-Product-Name_2025-09-05_18_14_32" />
  </TestSettings>
  <Results>
    <UnitTestResult executionId="9ff2dae3-d8ff-4c67-99bb-9747d6addcc2" testId="6b9306d6-8d72-b12e-9e97-2f4a36e08a8c" testName="AjpWiki.Infrastructure.Tests.Services.WikiArticleServiceTests.CreateArticle_WithDuplicateSlug_ShouldThrow" computerName="anthony-System-Product-Name" duration="00:00:00.5225265" startTime="2025-09-05T18:14:32.7050145+12:00" endTime="2025-09-05T18:14:32.7050147+12:00" testType="13cdc9d9-ddb5-4fa4-a97d-d965ccfc6d4b" outcome="Passed" testListId="8c84fa94-04c1-424b-9868-57a2d4851a1d" relativeResultsDirectory="9ff2dae3-d8ff-4c67-99bb-9747d6addcc2" />
    <UnitTestResult executionId="369959ae-e8e2-4cc0-9430-0b71ec568fb5" testId="03b3e9cc-efc4-38f7-aa77-bc1fcdc6b111" testName="AjpWiki.Infrastructure.Tests.Services.NotificationServiceTests.GetUnreadCount_And_MarkAllAsRead_Works" computerName="anthony-System-Product-Name" duration="00:00:00.0334727" startTime="2025-09-05T18:14:32.7401180+12:00" endTime="2025-09-05T18:14:32.7401181+12:00" testType="13cdc9d9-ddb5-4fa4-a97d-d965ccfc6d4b" outcome="Passed" testListId="8c84fa94-04c1-424b-9868-57a2d4851a1d" relativeResultsDirectory="369959ae-e8e2-4cc0-9430-0b71ec568fb5" />
    <UnitTestResult executionId="f1d7b4ba-cf0d-4075-9403-4b057a2097f1" testId="b7972fba-0536-bb87-1004-35587d5ce968" testName="AjpWiki.Infrastructure.Tests.Services.RoleServiceTests.AssignPrivilegedRole_WithoutPermission_ShouldThrow" computerName="anthony-System-Product-Name" duration="00:00:00.0035188" startTime="2025-09-05T18:14:32.7335805+12:00" endTime="2025-09-05T18:14:32.7335806+12:00" testType="13cdc9d9-ddb5-4fa4-a97d-d965ccfc6d4b" outcome="Passed" testListId="8c84fa94-04c1-424b-9868-57a2d4851a1d" relativeResultsDirectory="f1d7b4ba-cf0d-4075-9403-4b057a2097f1" />
    <UnitTestResult executionId="4fe9b204-d853-4702-a0d0-3e3931aa7f2a" testId="7c6865a0-ca38-02c0-ee6d-865886040b34" testName="AjpWiki.Infrastructure.Tests.Services.NotificationServiceTests.MarkAsRead_Idempotent_And_MissingIsNoOp" computerName="anthony-System-Product-Name" duration="00:00:00.0114989" startTime="2025-09-05T18:14:32.7516521+12:00" endTime="2025-09-05T18:14:32.7516522+12:00" testType="13cdc9d9-ddb5-4fa4-a97d-d965ccfc6d4b" outcome="Passed" testListId="8c84fa94-04c1-424b-9868-57a2d4851a1d" relativeResultsDirectory="4fe9b204-d853-4702-a0d0-3e3931aa7f2a" />
    <UnitTestResult executionId="62ce79d8-3bb4-4fad-8226-f87a0accaf70" testId="41a962ac-8d28-4c5d-70ab-a800122fc196" testName="AjpWiki.Infrastructure.Tests.Services.UserServiceTests.ResetPassword_ShouldSendResetInstructions" computerName="anthony-System-Product-Name" duration="00:00:00.0000686" startTime="2025-09-05T18:14:33.1219033+12:00" endTime="2025-09-05T18:14:33.1219034+12:00" testType="13cdc9d9-ddb5-4fa4-a97d-d965ccfc6d4b" outcome="Passed" testListId="8c84fa94-04c1-424b-9868-57a2d4851a1d" relativeResultsDirectory="62ce79d8-3bb4-4fad-8226-f87a0accaf70" />
    <UnitTestResult executionId="06835941-4de9-47b1-bbc0-40aa3c52e100" testId="b91ca886-2868-4647-6df4-def0c644c331" testName="AjpWiki.Infrastructure.Tests.Services.UserServiceTests.EditProfile_NonExistentUser_ShouldNoOp" computerName="anthony-System-Product-Name" duration="00:00:00.0051876" startTime="2025-09-05T18:14:33.1217959+12:00" endTime="2025-09-05T18:14:33.1217960+12:00" testType="13cdc9d9-ddb5-4fa4-a97d-d965ccfc6d4b" outcome="Passed" testListId="8c84fa94-04c1-424b-9868-57a2d4851a1d" relativeResultsDirectory="06835941-4de9-47b1-bbc0-40aa3c52e100" />
    <UnitTestResult executionId="989c1170-060f-4598-8d2f-ceae6202920f" testId="ae86679a-dc43-2b01-21bd-ff1f91432960" testName="AjpWiki.Infrastructure.Tests.Services.RoleServiceTests.AssignRole_Idempotent_WhenAlreadyAssigned_NoDuplicate" computerName="anthony-System-Product-Name" duration="00:00:00.0008842" startTime="2025-09-05T18:14:32.7300250+12:00" endTime="2025-09-05T18:14:32.7300251+12:00" testType="13cdc9d9-ddb5-4fa4-a97d-d965ccfc6d4b" outcome="Passed" testListId="8c84fa94-04c1-424b-9868-57a2d4851a1d" relativeResultsDirectory="989c1170-060f-4598-8d2f-ceae6202920f" />
    <UnitTestResult executionId="d89f0449-2905-411e-a6c3-986b4f47e245" testId="7376ace3-76f0-d554-2c9d-056f39755b5e" testName="AjpWiki.Infrastructure.Tests.Services.RoleServiceTests.RemoveRole_NotPresent_ShouldBeNoOp" computerName="anthony-System-Product-Name" duration="00:00:00.0007400" startTime="2025-09-05T18:14:32.7282760+12:00" endTime="2025-09-05T18:14:32.7282761+12:00" testType="13cdc9d9-ddb5-4fa4-a97d-d965ccfc6d4b" outcome="Passed" testListId="8c84fa94-04c1-424b-9868-57a2d4851a1d" relativeResultsDirectory="d89f0449-2905-411e-a6c3-986b4f47e245" />
    <UnitTestResult executionId="f2a4eded-d25a-4055-ac3f-c4afc600aaaa" testId="cd2e58c9-e992-bd85-79bd-e0edb0da1b44" testName="AjpWiki.Infrastructure.Tests.Services.UserServiceTests.ChangeAvatar_Oversized_ShouldThrow" computerName="anthony-System-Product-Name" duration="00:00:00.0005126" startTime="2025-09-05T18:14:33.1224470+12:00" endTime="2025-09-05T18:14:33.1224470+12:00" testType="13cdc9d9-ddb5-4fa4-a97d-d965ccfc6d4b" outcome="Passed" testListId="8c84fa94-04c1-424b-9868-57a2d4851a1d" relativeResultsDirectory="f2a4eded-d25a-4055-ac3f-c4afc600aaaa" />
    <UnitTestResult executionId="4cced974-23e8-47c3-aede-25ced2c29c12" testId="7cded712-b709-1d54-23a3-1002f3498d72" testName="AjpWiki.Infrastructure.Tests.Services.UserServiceTests.ApproveUser_ShouldGrantAccess" computerName="anthony-System-Product-Name" duration="00:00:00.0000522" startTime="2025-09-05T18:14:33.1163583+12:00" endTime="2025-09-05T18:14:33.1163584+12:00" testType="13cdc9d9-ddb5-4fa4-a97d-d965ccfc6d4b" outcome="Passed" testListId="8c84fa94-04c1-424b-9868-57a2d4851a1d" relativeResultsDirectory="4cced974-23e8-47c3-aede-25ced2c29c12" />
    <UnitTestResult executionId="4438666a-d68f-4a93-9ce8-cd80d021ae12" testId="5ab7700d-ced0-1c36-3e73-eab5297f49c5" testName="AjpWiki.Infrastructure.Tests.Services.UserServiceTests.CreateUser_ConcurrentDuplicateEmail_ShouldEnforceUniqueness" computerName="anthony-System-Product-Name" duration="00:00:00.3988173" startTime="2025-09-05T18:14:33.1075926+12:00" endTime="2025-09-05T18:14:33.1075927+12:00" testType="13cdc9d9-ddb5-4fa4-a97d-d965ccfc6d4b" outcome="Passed" testListId="8c84fa94-04c1-424b-9868-57a2d4851a1d" relativeResultsDirectory="4438666a-d68f-4a93-9ce8-cd80d021ae12" />
    <UnitTestResult executionId="1f904574-029b-4858-ad96-04e3bac59eb0" testId="184a0665-7a05-ba5b-cbf6-018424b6a526" testName="AjpWiki.Infrastructure.Tests.Services.WikiArticleServiceTests.ProposeChange_ShouldCreateChangeRequest" computerName="anthony-System-Product-Name" duration="00:00:00.0000396" startTime="2025-09-05T18:14:32.7332581+12:00" endTime="2025-09-05T18:14:32.7332582+12:00" testType="13cdc9d9-ddb5-4fa4-a97d-d965ccfc6d4b" outcome="Passed" testListId="8c84fa94-04c1-424b-9868-57a2d4851a1d" relativeResultsDirectory="1f904574-029b-4858-ad96-04e3bac59eb0" />
    <UnitTestResult executionId="e4d20b20-20f6-4dcd-8674-c11dd7a91759" testId="75b99837-3df3-3c2d-a4df-800d318fefd6" testName="AjpWiki.Infrastructure.Tests.Services.NotificationServiceTests.GetNotifications_Pagination_ShouldReturnCorrectPages" computerName="anthony-System-Product-Name" duration="00:00:00.0076729" startTime="2025-09-05T18:14:32.7742399+12:00" endTime="2025-09-05T18:14:32.7742400+12:00" testType="13cdc9d9-ddb5-4fa4-a97d-d965ccfc6d4b" outcome="Passed" testListId="8c84fa94-04c1-424b-9868-57a2d4851a1d" relativeResultsDirectory="e4d20b20-20f6-4dcd-8674-c11dd7a91759" />
    <UnitTestResult executionId="19666d6c-d991-4444-8657-35838cbd1e48" testId="6c12ff72-ba1b-9022-81c9-62a5bf887b81" testName="AjpWiki.Infrastructure.Tests.Services.WikiArticleServiceTests.GetArticlesByTag_ShouldReturnTaggedArticles" computerName="anthony-System-Product-Name" duration="00:00:00.0000356" startTime="2025-09-05T18:14:32.1862786+12:00" endTime="2025-09-05T18:14:32.1862786+12:00" testType="13cdc9d9-ddb5-4fa4-a97d-d965ccfc6d4b" outcome="Passed" testListId="8c84fa94-04c1-424b-9868-57a2d4851a1d" relativeResultsDirectory="19666d6c-d991-4444-8657-35838cbd1e48" />
    <UnitTestResult executionId="881693fb-73ad-4405-b52a-98b1587877dd" testId="29145a72-b6cf-aa59-0b0d-fdfc0b6abb40" testName="AjpWiki.Infrastructure.Tests.Services.WikiArticleServiceTests.EditArticle_ShouldCreateNewVersion" computerName="anthony-System-Product-Name" duration="00:00:00.0000365" startTime="2025-09-05T18:14:32.1863275+12:00" endTime="2025-09-05T18:14:32.1863276+12:00" testType="13cdc9d9-ddb5-4fa4-a97d-d965ccfc6d4b" outcome="Passed" testListId="8c84fa94-04c1-424b-9868-57a2d4851a1d" relativeResultsDirectory="881693fb-73ad-4405-b52a-98b1587877dd" />
    <UnitTestResult executionId="8c1d0791-b5a1-47b2-bc56-0281bd66ffea" testId="2464fe91-f4a7-7666-8ac9-f2ef2733273b" testName="AjpWiki.Infrastructure.Tests.Services.RoleServiceTests.AssignRole_ShouldAddRoleToUser" computerName="anthony-System-Product-Name" duration="00:00:00.0099674" startTime="2025-09-05T18:14:32.7274884+12:00" endTime="2025-09-05T18:14:32.7274885+12:00" testType="13cdc9d9-ddb5-4fa4-a97d-d965ccfc6d4b" outcome="Passed" testListId="8c84fa94-04c1-424b-9868-57a2d4851a1d" relativeResultsDirectory="8c1d0791-b5a1-47b2-bc56-0281bd66ffea" />
    <UnitTestResult executionId="aaace8e3-a7f6-403f-b274-f4b14f8c3d83" testId="65b06a2e-0045-883a-bdb8-0e202bb57883" testName="AjpWiki.Infrastructure.Tests.Services.WikiArticleServiceTests.ReviewChange_ShouldAcceptOrRejectChange" computerName="anthony-System-Product-Name" duration="00:00:00.0000466" startTime="2025-09-05T18:14:32.7052882+12:00" endTime="2025-09-05T18:14:32.7052883+12:00" testType="13cdc9d9-ddb5-4fa4-a97d-d965ccfc6d4b" outcome="Passed" testListId="8c84fa94-04c1-424b-9868-57a2d4851a1d" relativeResultsDirectory="aaace8e3-a7f6-403f-b274-f4b14f8c3d83" />
    <UnitTestResult executionId="8b5729b5-24f7-4599-bdac-1464419e9ce9" testId="b22adc2d-076c-d54a-f588-4dade8485188" testName="AjpWiki.Infrastructure.Tests.Services.NotificationServiceTests.SendNotification_ShouldDeliverMessageToUser" computerName="anthony-System-Product-Name" duration="00:00:00.5295337" startTime="2025-09-05T18:14:32.7066075+12:00" endTime="2025-09-05T18:14:32.7066076+12:00" testType="13cdc9d9-ddb5-4fa4-a97d-d965ccfc6d4b" outcome="Passed" testListId="8c84fa94-04c1-424b-9868-57a2d4851a1d" relativeResultsDirectory="8b5729b5-24f7-4599-bdac-1464419e9ce9" />
    <UnitTestResult executionId="6623629b-6158-46fb-b2a3-2dba81de1d6e" testId="9ad4d60f-725d-392c-882b-479289b19582" testName="AjpWiki.Infrastructure.Tests.Services.UserServiceTests.RequestAccess_ShouldSendRequestToAdmin" computerName="anthony-System-Product-Name" duration="00:00:00.0000484" startTime="2025-09-05T18:14:33.1225187+12:00" endTime="2025-09-05T18:14:33.1225187+12:00" testType="13cdc9d9-ddb5-4fa4-a97d-d965ccfc6d4b" outcome="Passed" testListId="8c84fa94-04c1-424b-9868-57a2d4851a1d" relativeResultsDirectory="6623629b-6158-46fb-b2a3-2dba81de1d6e" />
    <UnitTestResult executionId="2ccab090-cdd0-4340-9e7d-0b877a0e07ed" testId="6083f26b-d5d6-9c08-5a0d-c62502083135" testName="AjpWiki.Infrastructure.Tests.Services.UserServiceTests.CreateUser_DuplicateEmail_ShouldThrow" computerName="anthony-System-Product-Name" duration="00:00:00.0008270" startTime="2025-09-05T18:14:33.1083899+12:00" endTime="2025-09-05T18:14:33.1083900+12:00" testType="13cdc9d9-ddb5-4fa4-a97d-d965ccfc6d4b" outcome="Passed" testListId="8c84fa94-04c1-424b-9868-57a2d4851a1d" relativeResultsDirectory="2ccab090-cdd0-4340-9e7d-0b877a0e07ed" />
    <UnitTestResult executionId="6859cf22-bc44-4680-82bb-1c3875e0e89a" testId="aac6f4e6-e9ee-3623-5fc7-bae01d07348b" testName="AjpWiki.Infrastructure.Tests.Services.WikiArticleServiceTests.GetArticleHistory_ShouldReturnAllVersions" computerName="anthony-System-Product-Name" duration="00:00:00.0000370" startTime="2025-09-05T18:14:32.7053326+12:00" endTime="2025-09-05T18:14:32.7053326+12:00" testType="13cdc9d9-ddb5-4fa4-a97d-d965ccfc6d4b" outcome="Passed" testListId="8c84fa94-04c1-424b-9868-57a2d4851a1d" relativeResultsDirectory="6859cf22-bc44-4680-82bb-1c3875e0e89a" />
    <UnitTestResult executionId="34e28425-a9fc-47ab-b251-6ffa13735f46" testId="5c98f8ac-5850-ffe8-2e79-a45a8349164f" testName="AjpWiki.Infrastructure.Tests.Services.RoleServiceTests.AssignRole_ToUnknownUser_ShouldStillSucceedOrCreateRecord" computerName="anthony-System-Product-Name" duration="00:00:00.0007520" startTime="2025-09-05T18:14:32.7290889+12:00" endTime="2025-09-05T18:14:32.7290890+12:00" testType="13cdc9d9-ddb5-4fa4-a97d-d965ccfc6d4b" outcome="Passed" testListId="8c84fa94-04c1-424b-9868-57a2d4851a1d" relativeResultsDirectory="34e28425-a9fc-47ab-b251-6ffa13735f46" />
    <UnitTestResult executionId="4cc7d81a-e240-435b-9dcc-a920c6c1fa5a" testId="ec03d1dc-e709-b350-8870-f1aa6b72f7ba" testName="AjpWiki.Infrastructure.Tests.Services.RoleServiceTests.RemoveRole_ShouldRemoveRoleFromUser" computerName="anthony-System-Product-Name" duration="00:00:00.5402350" startTime="2025-09-05T18:14:32.7173234+12:00" endTime="2025-09-05T18:14:32.7173235+12:00" testType="13cdc9d9-ddb5-4fa4-a97d-d965ccfc6d4b" outcome="Passed" testListId="8c84fa94-04c1-424b-9868-57a2d4851a1d" relativeResultsDirectory="4cc7d81a-e240-435b-9dcc-a920c6c1fa5a" />
    <UnitTestResult executionId="621c7285-f196-42ee-94c7-1c24315401aa" testId="3bdc259a-e8fc-2c0d-aeee-d7aee3bbc135" testName="AjpWiki.Infrastructure.Tests.Services.UserServiceTests.ChangeAvatar_ShouldUpdateUserAvatar" computerName="anthony-System-Product-Name" duration="00:00:00.0022396" startTime="2025-09-05T18:14:32.1852162+12:00" endTime="2025-09-05T18:14:32.1852163+12:00" testType="13cdc9d9-ddb5-4fa4-a97d-d965ccfc6d4b" outcome="Passed" testListId="8c84fa94-04c1-424b-9868-57a2d4851a1d" relativeResultsDirectory="621c7285-f196-42ee-94c7-1c24315401aa" />
    <UnitTestResult executionId="b4a015ed-bbd3-4e12-88a3-58fd58990a6c" testId="659a3dcf-1a79-2233-a067-8162129feaff" testName="AjpWiki.Infrastructure.Tests.Services.NotificationServiceTests.SendNotification_ToNonExistentUser_ShouldThrow" computerName="anthony-System-Product-Name" duration="00:00:00.0051995" startTime="2025-09-05T18:14:32.7665282+12:00" endTime="2025-09-05T18:14:32.7665282+12:00" testType="13cdc9d9-ddb5-4fa4-a97d-d965ccfc6d4b" outcome="Passed" testListId="8c84fa94-04c1-424b-9868-57a2d4851a1d" relativeResultsDirectory="b4a015ed-bbd3-4e12-88a3-58fd58990a6c" />
    <UnitTestResult executionId="f3aee25b-584f-4381-9712-2335c57e75b6" testId="ca4d2632-d02f-35da-b0aa-0900f00d25ee" testName="AjpWiki.Infrastructure.Tests.Services.RoleServiceTests.GetAllRoles_ShouldReturnAllRoles" computerName="anthony-System-Product-Name" duration="00:00:00.0001173" startTime="2025-09-05T18:14:32.7188402+12:00" endTime="2025-09-05T18:14:32.7188414+12:00" testType="13cdc9d9-ddb5-4fa4-a97d-d965ccfc6d4b" outcome="Passed" testListId="8c84fa94-04c1-424b-9868-57a2d4851a1d" relativeResultsDirectory="f3aee25b-584f-4381-9712-2335c57e75b6" />
    <UnitTestResult executionId="6f6bc97a-ab9e-4585-b337-b2eabe2ae09d" testId="e07b0590-d61d-2122-3823-cd2a267e639b" testName="AjpWiki.Infrastructure.Tests.Services.RoleServiceTests.GetUserRoles_ShouldReturnAllRolesForUser" computerName="anthony-System-Product-Name" duration="00:00:00.0000986" startTime="2025-09-05T18:14:32.7337485+12:00" endTime="2025-09-05T18:14:32.7337486+12:00" testType="13cdc9d9-ddb5-4fa4-a97d-d965ccfc6d4b" outcome="Passed" testListId="8c84fa94-04c1-424b-9868-57a2d4851a1d" relativeResultsDirectory="6f6bc97a-ab9e-4585-b337-b2eabe2ae09d" />
    <UnitTestResult executionId="5f4f7ca3-e042-4423-a42d-c16ea42fa240" testId="7b4d2c2c-27d8-0432-fd45-8c186adb5db4" testName="AjpWiki.Infrastructure.Tests.Services.WikiArticleServiceTests.CreateArticle_ShouldAddNewArticle" computerName="anthony-System-Product-Name" duration="00:00:00.0279039" startTime="2025-09-05T18:14:32.7331914+12:00" endTime="2025-09-05T18:14:32.7331914+12:00" testType="13cdc9d9-ddb5-4fa4-a97d-d965ccfc6d4b" outcome="Passed" testListId="8c84fa94-04c1-424b-9868-57a2d4851a1d" relativeResultsDirectory="5f4f7ca3-e042-4423-a42d-c16ea42fa240" />
    <UnitTestResult executionId="8269499a-7580-40dd-9482-99ca4ed52c74" testId="1f738243-c94a-694f-9850-441d884f767a" testName="AjpWiki.Infrastructure.Tests.Services.UserServiceTests.DeleteAccount_ShouldRemoveUserAndNotifications" computerName="anthony-System-Product-Name" duration="00:00:00.0078621" startTime="2025-09-05T18:14:33.1162926+12:00" endTime="2025-09-05T18:14:33.1162928+12:00" testType="13cdc9d9-ddb5-4fa4-a97d-d965ccfc6d4b" outcome="Passed" testListId="8c84fa94-04c1-424b-9868-57a2d4851a1d" relativeResultsDirectory="8269499a-7580-40dd-9482-99ca4ed52c74" />
    <UnitTestResult executionId="fe2b20c7-14e9-4f4a-abbb-2eee35d7c358" testId="829d49cc-ba2a-3c06-75e2-7c9f2844990b" testName="AjpWiki.Infrastructure.Tests.Services.NotificationServiceTests.GetNotifications_ShouldReturnAllUserNotifications" computerName="anthony-System-Product-Name" duration="00:00:00.0095888" startTime="2025-09-05T18:14:32.7612884+12:00" endTime="2025-09-05T18:14:32.7612885+12:00" testType="13cdc9d9-ddb5-4fa4-a97d-d965ccfc6d4b" outcome="Passed" testListId="8c84fa94-04c1-424b-9868-57a2d4851a1d" relativeResultsDirectory="fe2b20c7-14e9-4f4a-abbb-2eee35d7c358" />
    <UnitTestResult executionId="6f4a13b6-43ce-487f-a3ab-2427734014f5" testId="c7668c6c-521a-f6c8-2723-2ca3cd5461ec" testName="AjpWiki.Infrastructure.Tests.Services.WikiArticleServiceTests.RollbackArticle_ShouldRestorePreviousVersion" computerName="anthony-System-Product-Name" duration="00:00:00.0022666" startTime="2025-09-05T18:14:32.1827464+12:00" endTime="2025-09-05T18:14:32.1828011+12:00" testType="13cdc9d9-ddb5-4fa4-a97d-d965ccfc6d4b" outcome="Passed" testListId="8c84fa94-04c1-424b-9868-57a2d4851a1d" relativeResultsDirectory="6f4a13b6-43ce-487f-a3ab-2427734014f5" />
    <UnitTestResult executionId="2a48f07c-35e1-40b0-a435-b307e192c430" testId="a5c9d4c9-8bed-5139-85c9-1bd2784f34b3" testName="AjpWiki.Infrastructure.Tests.Services.UserServiceTests.EditProfile_ShouldUpdateUserProfile" computerName="anthony-System-Product-Name" duration="00:00:00.0000448" startTime="2025-09-05T18:14:33.1164452+12:00" endTime="2025-09-05T18:14:33.1164453+12:00" testType="13cdc9d9-ddb5-4fa4-a97d-d965ccfc6d4b" outcome="Passed" testListId="8c84fa94-04c1-424b-9868-57a2d4851a1d" relativeResultsDirectory="2a48f07c-35e1-40b0-a435-b307e192c430" />
    <UnitTestResult executionId="60d1eb2c-3693-4e34-8167-7fc94559c024" testId="4e70f9df-8543-81fd-fd74-eb03225de312" testName="AjpWiki.Infrastructure.Tests.Services.UserServiceTests.RejectUser_ShouldDenyAccess" computerName="anthony-System-Product-Name" duration="00:00:00.0000424" startTime="2025-09-05T18:14:33.1168813+12:00" endTime="2025-09-05T18:14:33.1168813+12:00" testType="13cdc9d9-ddb5-4fa4-a97d-d965ccfc6d4b" outcome="Passed" testListId="8c84fa94-04c1-424b-9868-57a2d4851a1d" relativeResultsDirectory="60d1eb2c-3693-4e34-8167-7fc94559c024" />
    <UnitTestResult executionId="7c73ff9f-3529-4bd6-a151-48b8f1645339" testId="24fbd963-d891-4bb3-7fde-ace492278494" testName="AjpWiki.Infrastructure.Tests.Services.UserServiceTests.CreateUser_ShouldCreateNewUser" computerName="anthony-System-Product-Name" duration="00:00:00.5264400" startTime="2025-09-05T18:14:32.7086490+12:00" endTime="2025-09-05T18:14:32.7086491+12:00" testType="13cdc9d9-ddb5-4fa4-a97d-d965ccfc6d4b" outcome="Passed" testListId="8c84fa94-04c1-424b-9868-57a2d4851a1d" relativeResultsDirectory="7c73ff9f-3529-4bd6-a151-48b8f1645339" />
    <UnitTestResult executionId="548807aa-b2fb-49e9-aec8-19cec3529dd1" testId="e12c9dc8-fb78-759a-561a-84826817d3e9" testName="AjpWiki.Infrastructure.Tests.Services.UserServiceTests.DeleteAccount_ShouldRemoveUser" computerName="anthony-System-Product-Name" duration="00:00:00.0000422" startTime="2025-09-05T18:14:33.1169128+12:00" endTime="2025-09-05T18:14:33.1169128+12:00" testType="13cdc9d9-ddb5-4fa4-a97d-d965ccfc6d4b" outcome="Passed" testListId="8c84fa94-04c1-424b-9868-57a2d4851a1d" relativeResultsDirectory="548807aa-b2fb-49e9-aec8-19cec3529dd1" />
    <UnitTestResult executionId="ad280023-d7ac-476f-8407-21114aaa2f50" testId="080c21c6-12b1-0297-ed26-b7957e1e51fb" testName="AjpWiki.Infrastructure.Tests.Services.WikiArticleServiceTests.EditArticle_ShouldUpdateArticleContent" computerName="anthony-System-Product-Name" duration="00:00:00.0000361" startTime="2025-09-05T18:14:32.1863066+12:00" endTime="2025-09-05T18:14:32.1863067+12:00" testType="13cdc9d9-ddb5-4fa4-a97d-d965ccfc6d4b" outcome="Passed" testListId="8c84fa94-04c1-424b-9868-57a2d4851a1d" relativeResultsDirectory="ad280023-d7ac-476f-8407-21114aaa2f50" />
    <UnitTestResult executionId="a171f3d4-1bbe-49a1-a62a-add6b467e414" testId="57b575df-6cdf-b289-f1aa-86024a0ab935" testName="AjpWiki.Infrastructure.Tests.Services.WikiArticleServiceTests.AddComponent_ShouldAddComponentToArticle" computerName="anthony-System-Product-Name" duration="00:00:00.0000556" startTime="2025-09-05T18:14:32.7053733+12:00" endTime="2025-09-05T18:14:32.7053733+12:00" testType="13cdc9d9-ddb5-4fa4-a97d-d965ccfc6d4b" outcome="Passed" testListId="8c84fa94-04c1-424b-9868-57a2d4851a1d" relativeResultsDirectory="a171f3d4-1bbe-49a1-a62a-add6b467e414" />
    <UnitTestResult executionId="1a9e0a75-afc2-442c-9aae-30c48c7ba782" testId="c9ccaeaf-e936-3fd2-a0f1-0723f5723e84" testName="AjpWiki.Infrastructure.Tests.Services.UserServiceTests.CreateUser_InvalidFields_ShouldThrow" computerName="anthony-System-Product-Name" duration="00:00:00.0003546" startTime="2025-09-05T18:14:33.1229091+12:00" endTime="2025-09-05T18:14:33.1229092+12:00" testType="13cdc9d9-ddb5-4fa4-a97d-d965ccfc6d4b" outcome="Passed" testListId="8c84fa94-04c1-424b-9868-57a2d4851a1d" relativeResultsDirectory="1a9e0a75-afc2-442c-9aae-30c48c7ba782" />
    <UnitTestResult executionId="1cc7b7f2-6ff5-448d-9810-f11d4f93a2b5" testId="579e98bc-3925-5d8c-0d08-849c482f87a5" testName="AjpWiki.Infrastructure.Tests.Services.WikiArticleServiceTests.SearchArticles_ShouldReturnMatchingArticles" computerName="anthony-System-Product-Name" duration="00:00:00.0000426" startTime="2025-09-05T18:14:32.1862532+12:00" endTime="2025-09-05T18:14:32.1862532+12:00" testType="13cdc9d9-ddb5-4fa4-a97d-d965ccfc6d4b" outcome="Passed" testListId="8c84fa94-04c1-424b-9868-57a2d4851a1d" relativeResultsDirectory="1cc7b7f2-6ff5-448d-9810-f11d4f93a2b5" />
  </Results>
  <TestDefinitions>
    <UnitTest name="AjpWiki.Infrastructure.Tests.Services.UserServiceTests.ResetPassword_ShouldSendResetInstructions" storage="/home/anthony/documents/projects/wiki-project/ajpwiki.infrastructure.tests/bin/debug/net8.0/ajpwiki.infrastructure.tests.dll" id="41a962ac-8d28-4c5d-70ab-a800122fc196">
      <Execution id="62ce79d8-3bb4-4fad-8226-f87a0accaf70" />
      <TestMethod codeBase="/home/anthony/Documents/Projects/wiki-project/AjpWiki.Infrastructure.Tests/bin/Debug/net8.0/AjpWiki.Infrastructure.Tests.dll" adapterTypeName="executor://xunit/VsTestRunner2/netcoreapp" className="AjpWiki.Infrastructure.Tests.Services.UserServiceTests" name="ResetPassword_ShouldSendResetInstructions" />
    </UnitTest>
    <UnitTest name="AjpWiki.Infrastructure.Tests.Services.UserServiceTests.CreateUser_InvalidFields_ShouldThrow" storage="/home/anthony/documents/projects/wiki-project/ajpwiki.infrastructure.tests/bin/debug/net8.0/ajpwiki.infrastructure.tests.dll" id="c9ccaeaf-e936-3fd2-a0f1-0723f5723e84">
      <Execution id="1a9e0a75-afc2-442c-9aae-30c48c7ba782" />
      <TestMethod codeBase="/home/anthony/Documents/Projects/wiki-project/AjpWiki.Infrastructure.Tests/bin/Debug/net8.0/AjpWiki.Infrastructure.Tests.dll" adapterTypeName="executor://xunit/VsTestRunner2/netcoreapp" className="AjpWiki.Infrastructure.Tests.Services.UserServiceTests" name="CreateUser_InvalidFields_ShouldThrow" />
    </UnitTest>
    <UnitTest name="AjpWiki.Infrastructure.Tests.Services.RoleServiceTests.GetAllRoles_ShouldReturnAllRoles" storage="/home/anthony/documents/projects/wiki-project/ajpwiki.infrastructure.tests/bin/debug/net8.0/ajpwiki.infrastructure.tests.dll" id="ca4d2632-d02f-35da-b0aa-0900f00d25ee">
      <Execution id="f3aee25b-584f-4381-9712-2335c57e75b6" />
      <TestMethod codeBase="/home/anthony/Documents/Projects/wiki-project/AjpWiki.Infrastructure.Tests/bin/Debug/net8.0/AjpWiki.Infrastructure.Tests.dll" adapterTypeName="executor://xunit/VsTestRunner2/netcoreapp" className="AjpWiki.Infrastructure.Tests.Services.RoleServiceTests" name="GetAllRoles_ShouldReturnAllRoles" />
    </UnitTest>
    <UnitTest name="AjpWiki.Infrastructure.Tests.Services.UserServiceTests.ChangeAvatar_Oversized_ShouldThrow" storage="/home/anthony/documents/projects/wiki-project/ajpwiki.infrastructure.tests/bin/debug/net8.0/ajpwiki.infrastructure.tests.dll" id="cd2e58c9-e992-bd85-79bd-e0edb0da1b44">
      <Execution id="f2a4eded-d25a-4055-ac3f-c4afc600aaaa" />
      <TestMethod codeBase="/home/anthony/Documents/Projects/wiki-project/AjpWiki.Infrastructure.Tests/bin/Debug/net8.0/AjpWiki.Infrastructure.Tests.dll" adapterTypeName="executor://xunit/VsTestRunner2/netcoreapp" className="AjpWiki.Infrastructure.Tests.Services.UserServiceTests" name="ChangeAvatar_Oversized_ShouldThrow" />
    </UnitTest>
    <UnitTest name="AjpWiki.Infrastructure.Tests.Services.RoleServiceTests.AssignRole_ShouldAddRoleToUser" storage="/home/anthony/documents/projects/wiki-project/ajpwiki.infrastructure.tests/bin/debug/net8.0/ajpwiki.infrastructure.tests.dll" id="2464fe91-f4a7-7666-8ac9-f2ef2733273b">
      <Execution id="8c1d0791-b5a1-47b2-bc56-0281bd66ffea" />
      <TestMethod codeBase="/home/anthony/Documents/Projects/wiki-project/AjpWiki.Infrastructure.Tests/bin/Debug/net8.0/AjpWiki.Infrastructure.Tests.dll" adapterTypeName="executor://xunit/VsTestRunner2/netcoreapp" className="AjpWiki.Infrastructure.Tests.Services.RoleServiceTests" name="AssignRole_ShouldAddRoleToUser" />
    </UnitTest>
    <UnitTest name="AjpWiki.Infrastructure.Tests.Services.WikiArticleServiceTests.CreateArticle_ShouldAddNewArticle" storage="/home/anthony/documents/projects/wiki-project/ajpwiki.infrastructure.tests/bin/debug/net8.0/ajpwiki.infrastructure.tests.dll" id="7b4d2c2c-27d8-0432-fd45-8c186adb5db4">
      <Execution id="5f4f7ca3-e042-4423-a42d-c16ea42fa240" />
      <TestMethod codeBase="/home/anthony/Documents/Projects/wiki-project/AjpWiki.Infrastructure.Tests/bin/Debug/net8.0/AjpWiki.Infrastructure.Tests.dll" adapterTypeName="executor://xunit/VsTestRunner2/netcoreapp" className="AjpWiki.Infrastructure.Tests.Services.WikiArticleServiceTests" name="CreateArticle_ShouldAddNewArticle" />
    </UnitTest>
    <UnitTest name="AjpWiki.Infrastructure.Tests.Services.UserServiceTests.CreateUser_DuplicateEmail_ShouldThrow" storage="/home/anthony/documents/projects/wiki-project/ajpwiki.infrastructure.tests/bin/debug/net8.0/ajpwiki.infrastructure.tests.dll" id="6083f26b-d5d6-9c08-5a0d-c62502083135">
      <Execution id="2ccab090-cdd0-4340-9e7d-0b877a0e07ed" />
      <TestMethod codeBase="/home/anthony/Documents/Projects/wiki-project/AjpWiki.Infrastructure.Tests/bin/Debug/net8.0/AjpWiki.Infrastructure.Tests.dll" adapterTypeName="executor://xunit/VsTestRunner2/netcoreapp" className="AjpWiki.Infrastructure.Tests.Services.UserServiceTests" name="CreateUser_DuplicateEmail_ShouldThrow" />
    </UnitTest>
    <UnitTest name="AjpWiki.Infrastructure.Tests.Services.NotificationServiceTests.GetNotifications_ShouldReturnAllUserNotifications" storage="/home/anthony/documents/projects/wiki-project/ajpwiki.infrastructure.tests/bin/debug/net8.0/ajpwiki.infrastructure.tests.dll" id="829d49cc-ba2a-3c06-75e2-7c9f2844990b">
      <Execution id="fe2b20c7-14e9-4f4a-abbb-2eee35d7c358" />
      <TestMethod codeBase="/home/anthony/Documents/Projects/wiki-project/AjpWiki.Infrastructure.Tests/bin/Debug/net8.0/AjpWiki.Infrastructure.Tests.dll" adapterTypeName="executor://xunit/VsTestRunner2/netcoreapp" className="AjpWiki.Infrastructure.Tests.Services.NotificationServiceTests" name="GetNotifications_ShouldReturnAllUserNotifications" />
    </UnitTest>
    <UnitTest name="AjpWiki.Infrastructure.Tests.Services.UserServiceTests.RejectUser_ShouldDenyAccess" storage="/home/anthony/documents/projects/wiki-project/ajpwiki.infrastructure.tests/bin/debug/net8.0/ajpwiki.infrastructure.tests.dll" id="4e70f9df-8543-81fd-fd74-eb03225de312">
      <Execution id="60d1eb2c-3693-4e34-8167-7fc94559c024" />
      <TestMethod codeBase="/home/anthony/Documents/Projects/wiki-project/AjpWiki.Infrastructure.Tests/bin/Debug/net8.0/AjpWiki.Infrastructure.Tests.dll" adapterTypeName="executor://xunit/VsTestRunner2/netcoreapp" className="AjpWiki.Infrastructure.Tests.Services.UserServiceTests" name="RejectUser_ShouldDenyAccess" />
    </UnitTest>
    <UnitTest name="AjpWiki.Infrastructure.Tests.Services.WikiArticleServiceTests.GetArticlesByTag_ShouldReturnTaggedArticles" storage="/home/anthony/documents/projects/wiki-project/ajpwiki.infrastructure.tests/bin/debug/net8.0/ajpwiki.infrastructure.tests.dll" id="6c12ff72-ba1b-9022-81c9-62a5bf887b81">
      <Execution id="19666d6c-d991-4444-8657-35838cbd1e48" />
      <TestMethod codeBase="/home/anthony/Documents/Projects/wiki-project/AjpWiki.Infrastructure.Tests/bin/Debug/net8.0/AjpWiki.Infrastructure.Tests.dll" adapterTypeName="executor://xunit/VsTestRunner2/netcoreapp" className="AjpWiki.Infrastructure.Tests.Services.WikiArticleServiceTests" name="GetArticlesByTag_ShouldReturnTaggedArticles" />
    </UnitTest>
    <UnitTest name="AjpWiki.Infrastructure.Tests.Services.UserServiceTests.CreateUser_ShouldCreateNewUser" storage="/home/anthony/documents/projects/wiki-project/ajpwiki.infrastructure.tests/bin/debug/net8.0/ajpwiki.infrastructure.tests.dll" id="24fbd963-d891-4bb3-7fde-ace492278494">
      <Execution id="7c73ff9f-3529-4bd6-a151-48b8f1645339" />
      <TestMethod codeBase="/home/anthony/Documents/Projects/wiki-project/AjpWiki.Infrastructure.Tests/bin/Debug/net8.0/AjpWiki.Infrastructure.Tests.dll" adapterTypeName="executor://xunit/VsTestRunner2/netcoreapp" className="AjpWiki.Infrastructure.Tests.Services.UserServiceTests" name="CreateUser_ShouldCreateNewUser" />
    </UnitTest>
    <UnitTest name="AjpWiki.Infrastructure.Tests.Services.WikiArticleServiceTests.AddComponent_ShouldAddComponentToArticle" storage="/home/anthony/documents/projects/wiki-project/ajpwiki.infrastructure.tests/bin/debug/net8.0/ajpwiki.infrastructure.tests.dll" id="57b575df-6cdf-b289-f1aa-86024a0ab935">
      <Execution id="a171f3d4-1bbe-49a1-a62a-add6b467e414" />
      <TestMethod codeBase="/home/anthony/Documents/Projects/wiki-project/AjpWiki.Infrastructure.Tests/bin/Debug/net8.0/AjpWiki.Infrastructure.Tests.dll" adapterTypeName="executor://xunit/VsTestRunner2/netcoreapp" className="AjpWiki.Infrastructure.Tests.Services.WikiArticleServiceTests" name="AddComponent_ShouldAddComponentToArticle" />
    </UnitTest>
    <UnitTest name="AjpWiki.Infrastructure.Tests.Services.UserServiceTests.DeleteAccount_ShouldRemoveUser" storage="/home/anthony/documents/projects/wiki-project/ajpwiki.infrastructure.tests/bin/debug/net8.0/ajpwiki.infrastructure.tests.dll" id="e12c9dc8-fb78-759a-561a-84826817d3e9">
      <Execution id="548807aa-b2fb-49e9-aec8-19cec3529dd1" />
      <TestMethod codeBase="/home/anthony/Documents/Projects/wiki-project/AjpWiki.Infrastructure.Tests/bin/Debug/net8.0/AjpWiki.Infrastructure.Tests.dll" adapterTypeName="executor://xunit/VsTestRunner2/netcoreapp" className="AjpWiki.Infrastructure.Tests.Services.UserServiceTests" name="DeleteAccount_ShouldRemoveUser" />
    </UnitTest>
    <UnitTest name="AjpWiki.Infrastructure.Tests.Services.RoleServiceTests.GetUserRoles_ShouldReturnAllRolesForUser" storage="/home/anthony/documents/projects/wiki-project/ajpwiki.infrastructure.tests/bin/debug/net8.0/ajpwiki.infrastructure.tests.dll" id="e07b0590-d61d-2122-3823-cd2a267e639b">
      <Execution id="6f6bc97a-ab9e-4585-b337-b2eabe2ae09d" />
      <TestMethod codeBase="/home/anthony/Documents/Projects/wiki-project/AjpWiki.Infrastructure.Tests/bin/Debug/net8.0/AjpWiki.Infrastructure.Tests.dll" adapterTypeName="executor://xunit/VsTestRunner2/netcoreapp" className="AjpWiki.Infrastructure.Tests.Services.RoleServiceTests" name="GetUserRoles_ShouldReturnAllRolesForUser" />
    </UnitTest>
    <UnitTest name="AjpWiki.Infrastructure.Tests.Services.WikiArticleServiceTests.EditArticle_ShouldUpdateArticleContent" storage="/home/anthony/documents/projects/wiki-project/ajpwiki.infrastructure.tests/bin/debug/net8.0/ajpwiki.infrastructure.tests.dll" id="080c21c6-12b1-0297-ed26-b7957e1e51fb">
      <Execution id="ad280023-d7ac-476f-8407-21114aaa2f50" />
      <TestMethod codeBase="/home/anthony/Documents/Projects/wiki-project/AjpWiki.Infrastructure.Tests/bin/Debug/net8.0/AjpWiki.Infrastructure.Tests.dll" adapterTypeName="executor://xunit/VsTestRunner2/netcoreapp" className="AjpWiki.Infrastructure.Tests.Services.WikiArticleServiceTests" name="EditArticle_ShouldUpdateArticleContent" />
    </UnitTest>
    <UnitTest name="AjpWiki.Infrastructure.Tests.Services.NotificationServiceTests.GetUnreadCount_And_MarkAllAsRead_Works" storage="/home/anthony/documents/projects/wiki-project/ajpwiki.infrastructure.tests/bin/debug/net8.0/ajpwiki.infrastructure.tests.dll" id="03b3e9cc-efc4-38f7-aa77-bc1fcdc6b111">
      <Execution id="369959ae-e8e2-4cc0-9430-0b71ec568fb5" />
      <TestMethod codeBase="/home/anthony/Documents/Projects/wiki-project/AjpWiki.Infrastructure.Tests/bin/Debug/net8.0/AjpWiki.Infrastructure.Tests.dll" adapterTypeName="executor://xunit/VsTestRunner2/netcoreapp" className="AjpWiki.Infrastructure.Tests.Services.NotificationServiceTests" name="GetUnreadCount_And_MarkAllAsRead_Works" />
    </UnitTest>
    <UnitTest name="AjpWiki.Infrastructure.Tests.Services.RoleServiceTests.AssignRole_ToUnknownUser_ShouldStillSucceedOrCreateRecord" storage="/home/anthony/documents/projects/wiki-project/ajpwiki.infrastructure.tests/bin/debug/net8.0/ajpwiki.infrastructure.tests.dll" id="5c98f8ac-5850-ffe8-2e79-a45a8349164f">
      <Execution id="34e28425-a9fc-47ab-b251-6ffa13735f46" />
      <TestMethod codeBase="/home/anthony/Documents/Projects/wiki-project/AjpWiki.Infrastructure.Tests/bin/Debug/net8.0/AjpWiki.Infrastructure.Tests.dll" adapterTypeName="executor://xunit/VsTestRunner2/netcoreapp" className="AjpWiki.Infrastructure.Tests.Services.RoleServiceTests" name="AssignRole_ToUnknownUser_ShouldStillSucceedOrCreateRecord" />
    </UnitTest>
    <UnitTest name="AjpWiki.Infrastructure.Tests.Services.UserServiceTests.RequestAccess_ShouldSendRequestToAdmin" storage="/home/anthony/documents/projects/wiki-project/ajpwiki.infrastructure.tests/bin/debug/net8.0/ajpwiki.infrastructure.tests.dll" id="9ad4d60f-725d-392c-882b-479289b19582">
      <Execution id="6623629b-6158-46fb-b2a3-2dba81de1d6e" />
      <TestMethod codeBase="/home/anthony/Documents/Projects/wiki-project/AjpWiki.Infrastructure.Tests/bin/Debug/net8.0/AjpWiki.Infrastructure.Tests.dll" adapterTypeName="executor://xunit/VsTestRunner2/netcoreapp" className="AjpWiki.Infrastructure.Tests.Services.UserServiceTests" name="RequestAccess_ShouldSendRequestToAdmin" />
    </UnitTest>
    <UnitTest name="AjpWiki.Infrastructure.Tests.Services.WikiArticleServiceTests.CreateArticle_WithDuplicateSlug_ShouldThrow" storage="/home/anthony/documents/projects/wiki-project/ajpwiki.infrastructure.tests/bin/debug/net8.0/ajpwiki.infrastructure.tests.dll" id="6b9306d6-8d72-b12e-9e97-2f4a36e08a8c">
      <Execution id="9ff2dae3-d8ff-4c67-99bb-9747d6addcc2" />
      <TestMethod codeBase="/home/anthony/Documents/Projects/wiki-project/AjpWiki.Infrastructure.Tests/bin/Debug/net8.0/AjpWiki.Infrastructure.Tests.dll" adapterTypeName="executor://xunit/VsTestRunner2/netcoreapp" className="AjpWiki.Infrastructure.Tests.Services.WikiArticleServiceTests" name="CreateArticle_WithDuplicateSlug_ShouldThrow" />
    </UnitTest>
    <UnitTest name="AjpWiki.Infrastructure.Tests.Services.WikiArticleServiceTests.EditArticle_ShouldCreateNewVersion" storage="/home/anthony/documents/projects/wiki-project/ajpwiki.infrastructure.tests/bin/debug/net8.0/ajpwiki.infrastructure.tests.dll" id="29145a72-b6cf-aa59-0b0d-fdfc0b6abb40">
      <Execution id="881693fb-73ad-4405-b52a-98b1587877dd" />
      <TestMethod codeBase="/home/anthony/Documents/Projects/wiki-project/AjpWiki.Infrastructure.Tests/bin/Debug/net8.0/AjpWiki.Infrastructure.Tests.dll" adapterTypeName="executor://xunit/VsTestRunner2/netcoreapp" className="AjpWiki.Infrastructure.Tests.Services.WikiArticleServiceTests" name="EditArticle_ShouldCreateNewVersion" />
    </UnitTest>
    <UnitTest name="AjpWiki.Infrastructure.Tests.Services.WikiArticleServiceTests.ReviewChange_ShouldAcceptOrRejectChange" storage="/home/anthony/documents/projects/wiki-project/ajpwiki.infrastructure.tests/bin/debug/net8.0/ajpwiki.infrastructure.tests.dll" id="65b06a2e-0045-883a-bdb8-0e202bb57883">
      <Execution id="aaace8e3-a7f6-403f-b274-f4b14f8c3d83" />
      <TestMethod codeBase="/home/anthony/Documents/Projects/wiki-project/AjpWiki.Infrastructure.Tests/bin/Debug/net8.0/AjpWiki.Infrastructure.Tests.dll" adapterTypeName="executor://xunit/VsTestRunner2/netcoreapp" className="AjpWiki.Infrastructure.Tests.Services.WikiArticleServiceTests" name="ReviewChange_ShouldAcceptOrRejectChange" />
    </UnitTest>
    <UnitTest name="AjpWiki.Infrastructure.Tests.Services.RoleServiceTests.RemoveRole_NotPresent_ShouldBeNoOp" storage="/home/anthony/documents/projects/wiki-project/ajpwiki.infrastructure.tests/bin/debug/net8.0/ajpwiki.infrastructure.tests.dll" id="7376ace3-76f0-d554-2c9d-056f39755b5e">
      <Execution id="d89f0449-2905-411e-a6c3-986b4f47e245" />
      <TestMethod codeBase="/home/anthony/Documents/Projects/wiki-project/AjpWiki.Infrastructure.Tests/bin/Debug/net8.0/AjpWiki.Infrastructure.Tests.dll" adapterTypeName="executor://xunit/VsTestRunner2/netcoreapp" className="AjpWiki.Infrastructure.Tests.Services.RoleServiceTests" name="RemoveRole_NotPresent_ShouldBeNoOp" />
    </UnitTest>
    <UnitTest name="AjpWiki.Infrastructure.Tests.Services.WikiArticleServiceTests.RollbackArticle_ShouldRestorePreviousVersion" storage="/home/anthony/documents/projects/wiki-project/ajpwiki.infrastructure.tests/bin/debug/net8.0/ajpwiki.infrastructure.tests.dll" id="c7668c6c-521a-f6c8-2723-2ca3cd5461ec">
      <Execution id="6f4a13b6-43ce-487f-a3ab-2427734014f5" />
      <TestMethod codeBase="/home/anthony/Documents/Projects/wiki-project/AjpWiki.Infrastructure.Tests/bin/Debug/net8.0/AjpWiki.Infrastructure.Tests.dll" adapterTypeName="executor://xunit/VsTestRunner2/netcoreapp" className="AjpWiki.Infrastructure.Tests.Services.WikiArticleServiceTests" name="RollbackArticle_ShouldRestorePreviousVersion" />
    </UnitTest>
    <UnitTest name="AjpWiki.Infrastructure.Tests.Services.UserServiceTests.EditProfile_NonExistentUser_ShouldNoOp" storage="/home/anthony/documents/projects/wiki-project/ajpwiki.infrastructure.tests/bin/debug/net8.0/ajpwiki.infrastructure.tests.dll" id="b91ca886-2868-4647-6df4-def0c644c331">
      <Execution id="06835941-4de9-47b1-bbc0-40aa3c52e100" />
      <TestMethod codeBase="/home/anthony/Documents/Projects/wiki-project/AjpWiki.Infrastructure.Tests/bin/Debug/net8.0/AjpWiki.Infrastructure.Tests.dll" adapterTypeName="executor://xunit/VsTestRunner2/netcoreapp" className="AjpWiki.Infrastructure.Tests.Services.UserServiceTests" name="EditProfile_NonExistentUser_ShouldNoOp" />
    </UnitTest>
    <UnitTest name="AjpWiki.Infrastructure.Tests.Services.UserServiceTests.ChangeAvatar_ShouldUpdateUserAvatar" storage="/home/anthony/documents/projects/wiki-project/ajpwiki.infrastructure.tests/bin/debug/net8.0/ajpwiki.infrastructure.tests.dll" id="3bdc259a-e8fc-2c0d-aeee-d7aee3bbc135">
      <Execution id="621c7285-f196-42ee-94c7-1c24315401aa" />
      <TestMethod codeBase="/home/anthony/Documents/Projects/wiki-project/AjpWiki.Infrastructure.Tests/bin/Debug/net8.0/AjpWiki.Infrastructure.Tests.dll" adapterTypeName="executor://xunit/VsTestRunner2/netcoreapp" className="AjpWiki.Infrastructure.Tests.Services.UserServiceTests" name="ChangeAvatar_ShouldUpdateUserAvatar" />
    </UnitTest>
    <UnitTest name="AjpWiki.Infrastructure.Tests.Services.RoleServiceTests.AssignRole_Idempotent_WhenAlreadyAssigned_NoDuplicate" storage="/home/anthony/documents/projects/wiki-project/ajpwiki.infrastructure.tests/bin/debug/net8.0/ajpwiki.infrastructure.tests.dll" id="ae86679a-dc43-2b01-21bd-ff1f91432960">
      <Execution id="989c1170-060f-4598-8d2f-ceae6202920f" />
      <TestMethod codeBase="/home/anthony/Documents/Projects/wiki-project/AjpWiki.Infrastructure.Tests/bin/Debug/net8.0/AjpWiki.Infrastructure.Tests.dll" adapterTypeName="executor://xunit/VsTestRunner2/netcoreapp" className="AjpWiki.Infrastructure.Tests.Services.RoleServiceTests" name="AssignRole_Idempotent_WhenAlreadyAssigned_NoDuplicate" />
    </UnitTest>
    <UnitTest name="AjpWiki.Infrastructure.Tests.Services.UserServiceTests.DeleteAccount_ShouldRemoveUserAndNotifications" storage="/home/anthony/documents/projects/wiki-project/ajpwiki.infrastructure.tests/bin/debug/net8.0/ajpwiki.infrastructure.tests.dll" id="1f738243-c94a-694f-9850-441d884f767a">
      <Execution id="8269499a-7580-40dd-9482-99ca4ed52c74" />
      <TestMethod codeBase="/home/anthony/Documents/Projects/wiki-project/AjpWiki.Infrastructure.Tests/bin/Debug/net8.0/AjpWiki.Infrastructure.Tests.dll" adapterTypeName="executor://xunit/VsTestRunner2/netcoreapp" className="AjpWiki.Infrastructure.Tests.Services.UserServiceTests" name="DeleteAccount_ShouldRemoveUserAndNotifications" />
    </UnitTest>
    <UnitTest name="AjpWiki.Infrastructure.Tests.Services.NotificationServiceTests.GetNotifications_Pagination_ShouldReturnCorrectPages" storage="/home/anthony/documents/projects/wiki-project/ajpwiki.infrastructure.tests/bin/debug/net8.0/ajpwiki.infrastructure.tests.dll" id="75b99837-3df3-3c2d-a4df-800d318fefd6">
      <Execution id="e4d20b20-20f6-4dcd-8674-c11dd7a91759" />
      <TestMethod codeBase="/home/anthony/Documents/Projects/wiki-project/AjpWiki.Infrastructure.Tests/bin/Debug/net8.0/AjpWiki.Infrastructure.Tests.dll" adapterTypeName="executor://xunit/VsTestRunner2/netcoreapp" className="AjpWiki.Infrastructure.Tests.Services.NotificationServiceTests" name="GetNotifications_Pagination_ShouldReturnCorrectPages" />
    </UnitTest>
    <UnitTest name="AjpWiki.Infrastructure.Tests.Services.NotificationServiceTests.SendNotification_ShouldDeliverMessageToUser" storage="/home/anthony/documents/projects/wiki-project/ajpwiki.infrastructure.tests/bin/debug/net8.0/ajpwiki.infrastructure.tests.dll" id="b22adc2d-076c-d54a-f588-4dade8485188">
      <Execution id="8b5729b5-24f7-4599-bdac-1464419e9ce9" />
      <TestMethod codeBase="/home/anthony/Documents/Projects/wiki-project/AjpWiki.Infrastructure.Tests/bin/Debug/net8.0/AjpWiki.Infrastructure.Tests.dll" adapterTypeName="executor://xunit/VsTestRunner2/netcoreapp" className="AjpWiki.Infrastructure.Tests.Services.NotificationServiceTests" name="SendNotification_ShouldDeliverMessageToUser" />
    </UnitTest>
    <UnitTest name="AjpWiki.Infrastructure.Tests.Services.WikiArticleServiceTests.SearchArticles_ShouldReturnMatchingArticles" storage="/home/anthony/documents/projects/wiki-project/ajpwiki.infrastructure.tests/bin/debug/net8.0/ajpwiki.infrastructure.tests.dll" id="579e98bc-3925-5d8c-0d08-849c482f87a5">
      <Execution id="1cc7b7f2-6ff5-448d-9810-f11d4f93a2b5" />
      <TestMethod codeBase="/home/anthony/Documents/Projects/wiki-project/AjpWiki.Infrastructure.Tests/bin/Debug/net8.0/AjpWiki.Infrastructure.Tests.dll" adapterTypeName="executor://xunit/VsTestRunner2/netcoreapp" className="AjpWiki.Infrastructure.Tests.Services.WikiArticleServiceTests" name="SearchArticles_ShouldReturnMatchingArticles" />
    </UnitTest>
    <UnitTest name="AjpWiki.Infrastructure.Tests.Services.UserServiceTests.ApproveUser_ShouldGrantAccess" storage="/home/anthony/documents/projects/wiki-project/ajpwiki.infrastructure.tests/bin/debug/net8.0/ajpwiki.infrastructure.tests.dll" id="7cded712-b709-1d54-23a3-1002f3498d72">
      <Execution id="4cced974-23e8-47c3-aede-25ced2c29c12" />
      <TestMethod codeBase="/home/anthony/Documents/Projects/wiki-project/AjpWiki.Infrastructure.Tests/bin/Debug/net8.0/AjpWiki.Infrastructure.Tests.dll" adapterTypeName="executor://xunit/VsTestRunner2/netcoreapp" className="AjpWiki.Infrastructure.Tests.Services.UserServiceTests" name="ApproveUser_ShouldGrantAccess" />
    </UnitTest>
    <UnitTest name="AjpWiki.Infrastructure.Tests.Services.UserServiceTests.CreateUser_ConcurrentDuplicateEmail_ShouldEnforceUniqueness" storage="/home/anthony/documents/projects/wiki-project/ajpwiki.infrastructure.tests/bin/debug/net8.0/ajpwiki.infrastructure.tests.dll" id="5ab7700d-ced0-1c36-3e73-eab5297f49c5">
      <Execution id="4438666a-d68f-4a93-9ce8-cd80d021ae12" />
      <TestMethod codeBase="/home/anthony/Documents/Projects/wiki-project/AjpWiki.Infrastructure.Tests/bin/Debug/net8.0/AjpWiki.Infrastructure.Tests.dll" adapterTypeName="executor://xunit/VsTestRunner2/netcoreapp" className="AjpWiki.Infrastructure.Tests.Services.UserServiceTests" name="CreateUser_ConcurrentDuplicateEmail_ShouldEnforceUniqueness" />
    </UnitTest>
    <UnitTest name="AjpWiki.Infrastructure.Tests.Services.NotificationServiceTests.MarkAsRead_Idempotent_And_MissingIsNoOp" storage="/home/anthony/documents/projects/wiki-project/ajpwiki.infrastructure.tests/bin/debug/net8.0/ajpwiki.infrastructure.tests.dll" id="7c6865a0-ca38-02c0-ee6d-865886040b34">
      <Execution id="4fe9b204-d853-4702-a0d0-3e3931aa7f2a" />
      <TestMethod codeBase="/home/anthony/Documents/Projects/wiki-project/AjpWiki.Infrastructure.Tests/bin/Debug/net8.0/AjpWiki.Infrastructure.Tests.dll" adapterTypeName="executor://xunit/VsTestRunner2/netcoreapp" className="AjpWiki.Infrastructure.Tests.Services.NotificationServiceTests" name="MarkAsRead_Idempotent_And_MissingIsNoOp" />
    </UnitTest>
    <UnitTest name="AjpWiki.Infrastructure.Tests.Services.RoleServiceTests.RemoveRole_ShouldRemoveRoleFromUser" storage="/home/anthony/documents/projects/wiki-project/ajpwiki.infrastructure.tests/bin/debug/net8.0/ajpwiki.infrastructure.tests.dll" id="ec03d1dc-e709-b350-8870-f1aa6b72f7ba">
      <Execution id="4cc7d81a-e240-435b-9dcc-a920c6c1fa5a" />
      <TestMethod codeBase="/home/anthony/Documents/Projects/wiki-project/AjpWiki.Infrastructure.Tests/bin/Debug/net8.0/AjpWiki.Infrastructure.Tests.dll" adapterTypeName="executor://xunit/VsTestRunner2/netcoreapp" className="AjpWiki.Infrastructure.Tests.Services.RoleServiceTests" name="RemoveRole_ShouldRemoveRoleFromUser" />
    </UnitTest>
    <UnitTest name="AjpWiki.Infrastructure.Tests.Services.WikiArticleServiceTests.GetArticleHistory_ShouldReturnAllVersions" storage="/home/anthony/documents/projects/wiki-project/ajpwiki.infrastructure.tests/bin/debug/net8.0/ajpwiki.infrastructure.tests.dll" id="aac6f4e6-e9ee-3623-5fc7-bae01d07348b">
      <Execution id="6859cf22-bc44-4680-82bb-1c3875e0e89a" />
      <TestMethod codeBase="/home/anthony/Documents/Projects/wiki-project/AjpWiki.Infrastructure.Tests/bin/Debug/net8.0/AjpWiki.Infrastructure.Tests.dll" adapterTypeName="executor://xunit/VsTestRunner2/netcoreapp" className="AjpWiki.Infrastructure.Tests.Services.WikiArticleServiceTests" name="GetArticleHistory_ShouldReturnAllVersions" />
    </UnitTest>
    <UnitTest name="AjpWiki.Infrastructure.Tests.Services.UserServiceTests.EditProfile_ShouldUpdateUserProfile" storage="/home/anthony/documents/projects/wiki-project/ajpwiki.infrastructure.tests/bin/debug/net8.0/ajpwiki.infrastructure.tests.dll" id="a5c9d4c9-8bed-5139-85c9-1bd2784f34b3">
      <Execution id="2a48f07c-35e1-40b0-a435-b307e192c430" />
      <TestMethod codeBase="/home/anthony/Documents/Projects/wiki-project/AjpWiki.Infrastructure.Tests/bin/Debug/net8.0/AjpWiki.Infrastructure.Tests.dll" adapterTypeName="executor://xunit/VsTestRunner2/netcoreapp" className="AjpWiki.Infrastructure.Tests.Services.UserServiceTests" name="EditProfile_ShouldUpdateUserProfile" />
    </UnitTest>
    <UnitTest name="AjpWiki.Infrastructure.Tests.Services.RoleServiceTests.AssignPrivilegedRole_WithoutPermission_ShouldThrow" storage="/home/anthony/documents/projects/wiki-project/ajpwiki.infrastructure.tests/bin/debug/net8.0/ajpwiki.infrastructure.tests.dll" id="b7972fba-0536-bb87-1004-35587d5ce968">
      <Execution id="f1d7b4ba-cf0d-4075-9403-4b057a2097f1" />
      <TestMethod codeBase="/home/anthony/Documents/Projects/wiki-project/AjpWiki.Infrastructure.Tests/bin/Debug/net8.0/AjpWiki.Infrastructure.Tests.dll" adapterTypeName="executor://xunit/VsTestRunner2/netcoreapp" className="AjpWiki.Infrastructure.Tests.Services.RoleServiceTests" name="AssignPrivilegedRole_WithoutPermission_ShouldThrow" />
    </UnitTest>
    <UnitTest name="AjpWiki.Infrastructure.Tests.Services.WikiArticleServiceTests.ProposeChange_ShouldCreateChangeRequest" storage="/home/anthony/documents/projects/wiki-project/ajpwiki.infrastructure.tests/bin/debug/net8.0/ajpwiki.infrastructure.tests.dll" id="184a0665-7a05-ba5b-cbf6-018424b6a526">
      <Execution id="1f904574-029b-4858-ad96-04e3bac59eb0" />
      <TestMethod codeBase="/home/anthony/Documents/Projects/wiki-project/AjpWiki.Infrastructure.Tests/bin/Debug/net8.0/AjpWiki.Infrastructure.Tests.dll" adapterTypeName="executor://xunit/VsTestRunner2/netcoreapp" className="AjpWiki.Infrastructure.Tests.Services.WikiArticleServiceTests" name="ProposeChange_ShouldCreateChangeRequest" />
    </UnitTest>
    <UnitTest name="AjpWiki.Infrastructure.Tests.Services.NotificationServiceTests.SendNotification_ToNonExistentUser_ShouldThrow" storage="/home/anthony/documents/projects/wiki-project/ajpwiki.infrastructure.tests/bin/debug/net8.0/ajpwiki.infrastructure.tests.dll" id="659a3dcf-1a79-2233-a067-8162129feaff">
      <Execution id="b4a015ed-bbd3-4e12-88a3-58fd58990a6c" />
      <TestMethod codeBase="/home/anthony/Documents/Projects/wiki-project/AjpWiki.Infrastructure.Tests/bin/Debug/net8.0/AjpWiki.Infrastructure.Tests.dll" adapterTypeName="executor://xunit/VsTestRunner2/netcoreapp" className="AjpWiki.Infrastructure.Tests.Services.NotificationServiceTests" name="SendNotification_ToNonExistentUser_ShouldThrow" />
    </UnitTest>
  </TestDefinitions>
  <TestEntries>
    <TestEntry testId="6b9306d6-8d72-b12e-9e97-2f4a36e08a8c" executionId="9ff2dae3-d8ff-4c67-99bb-9747d6addcc2" testListId="8c84fa94-04c1-424b-9868-57a2d4851a1d" />
    <TestEntry testId="03b3e9cc-efc4-38f7-aa77-bc1fcdc6b111" executionId="369959ae-e8e2-4cc0-9430-0b71ec568fb5" testListId="8c84fa94-04c1-424b-9868-57a2d4851a1d" />
    <TestEntry testId="b7972fba-0536-bb87-1004-35587d5ce968" executionId="f1d7b4ba-cf0d-4075-9403-4b057a2097f1" testListId="8c84fa94-04c1-424b-9868-57a2d4851a1d" />
    <TestEntry testId="7c6865a0-ca38-02c0-ee6d-865886040b34" executionId="4fe9b204-d853-4702-a0d0-3e3931aa7f2a" testListId="8c84fa94-04c1-424b-9868-57a2d4851a1d" />
    <TestEntry testId="41a962ac-8d28-4c5d-70ab-a800122fc196" executionId="62ce79d8-3bb4-4fad-8226-f87a0accaf70" testListId="8c84fa94-04c1-424b-9868-57a2d4851a1d" />
    <TestEntry testId="b91ca886-2868-4647-6df4-def0c644c331" executionId="06835941-4de9-47b1-bbc0-40aa3c52e100" testListId="8c84fa94-04c1-424b-9868-57a2d4851a1d" />
    <TestEntry testId="ae86679a-dc43-2b01-21bd-ff1f91432960" executionId="989c1170-060f-4598-8d2f-ceae6202920f" testListId="8c84fa94-04c1-424b-9868-57a2d4851a1d" />
    <TestEntry testId="7376ace3-76f0-d554-2c9d-056f39755b5e" executionId="d89f0449-2905-411e-a6c3-986b4f47e245" testListId="8c84fa94-04c1-424b-9868-57a2d4851a1d" />
    <TestEntry testId="cd2e58c9-e992-bd85-79bd-e0edb0da1b44" executionId="f2a4eded-d25a-4055-ac3f-c4afc600aaaa" testListId="8c84fa94-04c1-424b-9868-57a2d4851a1d" />
    <TestEntry testId="7cded712-b709-1d54-23a3-1002f3498d72" executionId="4cced974-23e8-47c3-aede-25ced2c29c12" testListId="8c84fa94-04c1-424b-9868-57a2d4851a1d" />
    <TestEntry testId="5ab7700d-ced0-1c36-3e73-eab5297f49c5" executionId="4438666a-d68f-4a93-9ce8-cd80d021ae12" testListId="8c84fa94-04c1-424b-9868-57a2d4851a1d" />
    <TestEntry testId="184a0665-7a05-ba5b-cbf6-018424b6a526" executionId="1f904574-029b-4858-ad96-04e3bac59eb0" testListId="8c84fa94-04c1-424b-9868-57a2d4851a1d" />
    <TestEntry testId="75b99837-3df3-3c2d-a4df-800d318fefd6" executionId="e4d20b20-20f6-4dcd-8674-c11dd7a91759" testListId="8c84fa94-04c1-424b-9868-57a2d4851a1d" />
    <TestEntry testId="6c12ff72-ba1b-9022-81c9-62a5bf887b81" executionId="19666d6c-d991-4444-8657-35838cbd1e48" testListId="8c84fa94-04c1-424b-9868-57a2d4851a1d" />
    <TestEntry testId="29145a72-b6cf-aa59-0b0d-fdfc0b6abb40" executionId="881693fb-73ad-4405-b52a-98b1587877dd" testListId="8c84fa94-04c1-424b-9868-57a2d4851a1d" />
    <TestEntry testId="2464fe91-f4a7-7666-8ac9-f2ef2733273b" executionId="8c1d0791-b5a1-47b2-bc56-0281bd66ffea" testListId="8c84fa94-04c1-424b-9868-57a2d4851a1d" />
    <TestEntry testId="65b06a2e-0045-883a-bdb8-0e202bb57883" executionId="aaace8e3-a7f6-403f-b274-f4b14f8c3d83" testListId="8c84fa94-04c1-424b-9868-57a2d4851a1d" />
    <TestEntry testId="b22adc2d-076c-d54a-f588-4dade8485188" executionId="8b5729b5-24f7-4599-bdac-1464419e9ce9" testListId="8c84fa94-04c1-424b-9868-57a2d4851a1d" />
    <TestEntry testId="9ad4d60f-725d-392c-882b-479289b19582" executionId="6623629b-6158-46fb-b2a3-2dba81de1d6e" testListId="8c84fa94-04c1-424b-9868-57a2d4851a1d" />
    <TestEntry testId="6083f26b-d5d6-9c08-5a0d-c62502083135" executionId="2ccab090-cdd0-4340-9e7d-0b877a0e07ed" testListId="8c84fa94-04c1-424b-9868-57a2d4851a1d" />
    <TestEntry testId="aac6f4e6-e9ee-3623-5fc7-bae01d07348b" executionId="6859cf22-bc44-4680-82bb-1c3875e0e89a" testListId="8c84fa94-04c1-424b-9868-57a2d4851a1d" />
    <TestEntry testId="5c98f8ac-5850-ffe8-2e79-a45a8349164f" executionId="34e28425-a9fc-47ab-b251-6ffa13735f46" testListId="8c84fa94-04c1-424b-9868-57a2d4851a1d" />
    <TestEntry testId="ec03d1dc-e709-b350-8870-f1aa6b72f7ba" executionId="4cc7d81a-e240-435b-9dcc-a920c6c1fa5a" testListId="8c84fa94-04c1-424b-9868-57a2d4851a1d" />
    <TestEntry testId="3bdc259a-e8fc-2c0d-aeee-d7aee3bbc135" executionId="621c7285-f196-42ee-94c7-1c24315401aa" testListId="8c84fa94-04c1-424b-9868-57a2d4851a1d" />
    <TestEntry testId="659a3dcf-1a79-2233-a067-8162129feaff" executionId="b4a015ed-bbd3-4e12-88a3-58fd58990a6c" testListId="8c84fa94-04c1-424b-9868-57a2d4851a1d" />
    <TestEntry testId="ca4d2632-d02f-35da-b0aa-0900f00d25ee" executionId="f3aee25b-584f-4381-9712-2335c57e75b6" testListId="8c84fa94-04c1-424b-9868-57a2d4851a1d" />
    <TestEntry testId="e07b0590-d61d-2122-3823-cd2a267e639b" executionId="6f6bc97a-ab9e-4585-b337-b2eabe2ae09d" testListId="8c84fa94-04c1-424b-9868-57a2d4851a1d" />
    <TestEntry testId="7b4d2c2c-27d8-0432-fd45-8c186adb5db4" executionId="5f4f7ca3-e042-4423-a42d-c16ea42fa240" testListId="8c84fa94-04c1-424b-9868-57a2d4851a1d" />
    <TestEntry testId="1f738243-c94a-694f-9850-441d884f767a" executionId="8269499a-7580-40dd-9482-99ca4ed52c74" testListId="8c84fa94-04c1-424b-9868-57a2d4851a1d" />
    <TestEntry testId="829d49cc-ba2a-3c06-75e2-7c9f2844990b" executionId="fe2b20c7-14e9-4f4a-abbb-2eee35d7c358" testListId="8c84fa94-04c1-424b-9868-57a2d4851a1d" />
    <TestEntry testId="c7668c6c-521a-f6c8-2723-2ca3cd5461ec" executionId="6f4a13b6-43ce-487f-a3ab-2427734014f5" testListId="8c84fa94-04c1-424b-9868-57a2d4851a1d" />
    <TestEntry testId="a5c9d4c9-8bed-5139-85c9-1bd2784f34b3" executionId="2a48f07c-35e1-40b0-a435-b307e192c430" testListId="8c84fa94-04c1-424b-9868-57a2d4851a1d" />
    <TestEntry testId="4e70f9df-8543-81fd-fd74-eb03225de312" executionId="60d1eb2c-3693-4e34-8167-7fc94559c024" testListId="8c84fa94-04c1-424b-9868-57a2d4851a1d" />
    <TestEntry testId="24fbd963-d891-4bb3-7fde-ace492278494" executionId="7c73ff9f-3529-4bd6-a151-48b8f1645339" testListId="8c84fa94-04c1-424b-9868-57a2d4851a1d" />
    <TestEntry testId="e12c9dc8-fb78-759a-561a-84826817d3e9" executionId="548807aa-b2fb-49e9-aec8-19cec3529dd1" testListId="8c84fa94-04c1-424b-9868-57a2d4851a1d" />
    <TestEntry testId="080c21c6-12b1-0297-ed26-b7957e1e51fb" executionId="ad280023-d7ac-476f-8407-21114aaa2f50" testListId="8c84fa94-04c1-424b-9868-57a2d4851a1d" />
    <TestEntry testId="57b575df-6cdf-b289-f1aa-86024a0ab935" executionId="a171f3d4-1bbe-49a1-a62a-add6b467e414" testListId="8c84fa94-04c1-424b-9868-57a2d4851a1d" />
    <TestEntry testId="c9ccaeaf-e936-3fd2-a0f1-0723f5723e84" executionId="1a9e0a75-afc2-442c-9aae-30c48c7ba782" testListId="8c84fa94-04c1-424b-9868-57a2d4851a1d" />
    <TestEntry testId="579e98bc-3925-5d8c-0d08-849c482f87a5" executionId="1cc7b7f2-6ff5-448d-9810-f11d4f93a2b5" testListId="8c84fa94-04c1-424b-9868-57a2d4851a1d" />
  </TestEntries>
  <TestLists>
    <TestList name="Results Not in a List" id="8c84fa94-04c1-424b-9868-57a2d4851a1d" />
    <TestList name="All Loaded Results" id="19431567-8539-422a-85d7-44ee4e166bda" />
  </TestLists>
  <ResultSummary outcome="Completed">
    <Counters total="39" executed="39" passed="39" failed="0" error="0" timeout="0" aborted="0" inconclusive="0" passedButRunAborted="0" notRunnable="0" notExecuted="0" disconnected="0" warning="0" completed="0" inProgress="0" pending="0" />
    <Output>
      <StdOut>[xUnit.net 00:00:00.00] xUnit.net VSTest Adapter v2.5.0.1+5ebf84cd75 (64-bit .NET 8.0.19)
[xUnit.net 00:00:00.05]   Discovering: AjpWiki.Infrastructure.Tests
[xUnit.net 00:00:00.08]   Discovered:  AjpWiki.Infrastructure.Tests
[xUnit.net 00:00:00.09]   Starting:    AjpWiki.Infrastructure.Tests
[xUnit.net 00:00:01.08]   Finished:    AjpWiki.Infrastructure.Tests
</StdOut>
    </Output>
  </ResultSummary>
</TestRun>